2024-03-27 23:32:08,219 [INFO] Activator:176 - 


2024-03-27 23:32:08,228 [INFO] Activator:177 - !SESSION log4j initialized
2024-03-27 23:32:15,335 [INFO] LogOutputStream:77 - [STDOUT_REDIRECT] 
2024-03-27 23:32:25,125 [INFO] ApplicationProperties:184 - Using Application install path: /opt/st/stm32cubeide_1.14.0/plugins/com.st.stm32cube.common.mx_6.10.0.202311202037
2024-03-27 23:32:25,187 [INFO] DbMcusXml:78 - Set database path to: /opt/st/stm32cubeide_1.14.0/plugins/com.st.stm32cube.common.mx_6.10.0.202311202037//db//mcu/
2024-03-27 23:32:25,187 [INFO] ApiDb:274 - Set plugin database path to: /opt/st/stm32cubeide_1.14.0/plugins/com.st.stm32cube.common.mx_6.10.0.202311202037//db//plugins/boardmanager/
2024-03-27 23:32:25,188 [WARN] ApiDb:259 - Overriding images path with different value:  => /opt/st/stm32cubeide_1.14.0/plugins/com.st.stm32cube.common.mx_6.10.0.202311202037//db//plugins/mcufinder/images/
2024-03-27 23:32:25,217 [INFO] ApiDb:250 - Set database path to: /home/flealu/.stmcufinder/plugins/mcufinder//mcu/
2024-03-27 23:32:25,219 [INFO] DbMcusAds:125 - Set database path to: /home/flealu/.stmcufinder/plugins/mcufinder//mcu/
2024-03-27 23:32:25,236 [INFO] CrossReferenceDbSqlite:203 - Set database path to: /home/flealu/.stmcufinder/plugins/mcufinder//mcu/cs/
2024-03-27 23:32:26,090 [INFO] RulesReader:64 - Compatibility file has been processed (297 Rules)
2024-03-27 23:32:26,802 [INFO] DbMcusXml:78 - Set database path to: /opt/st/stm32cubeide_1.14.0/plugins/com.st.stm32cube.common.mx_6.10.0.202311202037//db//mcu/
2024-03-27 23:32:26,802 [INFO] ApiDb:274 - Set plugin database path to: /opt/st/stm32cubeide_1.14.0/plugins/com.st.stm32cube.common.mx_6.10.0.202311202037//db//plugins/boardmanager/
2024-03-27 23:32:26,802 [INFO] ApiDb:261 - Set plugin images path to: /opt/st/stm32cubeide_1.14.0/plugins/com.st.stm32cube.common.mx_6.10.0.202311202037//db//plugins/mcufinder/images/
2024-03-27 23:32:26,803 [WARN] DbFile:41 - Overriding database path with different value: /home/flealu/.stmcufinder/plugins/mcufinder/ => /home/flealu/.stmcufinder/plugins/mcufinder
2024-03-27 23:32:26,803 [INFO] ApiDb:250 - Set database path to: /home/flealu/.stmcufinder/plugins/mcufinder//mcu/
2024-03-27 23:32:26,804 [WARN] DbFile:41 - Overriding database path with different value: /home/flealu/.stmcufinder/plugins/mcufinder/ => /home/flealu/.stmcufinder/plugins/mcufinder
2024-03-27 23:32:26,804 [INFO] DbMcusAds:125 - Set database path to: /home/flealu/.stmcufinder/plugins/mcufinder//mcu/
2024-03-27 23:32:26,805 [WARN] DbFile:41 - Overriding database path with different value: /home/flealu/.stmcufinder/plugins/mcufinder/ => /home/flealu/.stmcufinder/plugins/mcufinder
2024-03-27 23:32:26,805 [WARN] DbFile:41 - Overriding database path with different value: /home/flealu/.stmcufinder/plugins/mcufinder/ => /home/flealu/.stmcufinder/plugins/mcufinder
2024-03-27 23:32:26,854 [INFO] CrossReferenceDbSqlite:203 - Set database path to: /home/flealu/.stmcufinder/plugins/mcufinder//mcu/cs/
2024-03-27 23:32:27,635 [INFO] MainPanel:264 - HeapMemory: 268435456
2024-03-27 23:32:28,046 [INFO] DbMcusXml:78 - Set database path to: /opt/st/stm32cubeide_1.14.0/plugins/com.st.stm32cube.common.mx_6.10.0.202311202037//db//mcu/
2024-03-27 23:32:28,046 [INFO] ApiDb:274 - Set plugin database path to: /opt/st/stm32cubeide_1.14.0/plugins/com.st.stm32cube.common.mx_6.10.0.202311202037//db//plugins/boardmanager/
2024-03-27 23:32:28,047 [INFO] ApiDb:261 - Set plugin images path to: /opt/st/stm32cubeide_1.14.0/plugins/com.st.stm32cube.common.mx_6.10.0.202311202037//db//plugins/mcufinder/images/
2024-03-27 23:32:28,047 [WARN] DbFile:41 - Overriding database path with different value: /home/flealu/.stmcufinder/plugins/mcufinder/ => /home/flealu/.stmcufinder/plugins/mcufinder
2024-03-27 23:32:28,047 [INFO] ApiDb:250 - Set database path to: /home/flealu/.stmcufinder/plugins/mcufinder//mcu/
2024-03-27 23:32:28,048 [WARN] DbFile:41 - Overriding database path with different value: /home/flealu/.stmcufinder/plugins/mcufinder/ => /home/flealu/.stmcufinder/plugins/mcufinder
2024-03-27 23:32:28,048 [INFO] DbMcusAds:125 - Set database path to: /home/flealu/.stmcufinder/plugins/mcufinder//mcu/
2024-03-27 23:32:28,048 [WARN] DbFile:41 - Overriding database path with different value: /home/flealu/.stmcufinder/plugins/mcufinder/ => /home/flealu/.stmcufinder/plugins/mcufinder
2024-03-27 23:32:28,048 [WARN] DbFile:41 - Overriding database path with different value: /home/flealu/.stmcufinder/plugins/mcufinder/ => /home/flealu/.stmcufinder/plugins/mcufinder
2024-03-27 23:32:28,048 [INFO] CrossReferenceDbSqlite:203 - Set database path to: /home/flealu/.stmcufinder/plugins/mcufinder//mcu/cs/
2024-03-27 23:32:28,124 [INFO] ApplicationProperties:184 - Using Application install path: /opt/st/stm32cubeide_1.14.0/plugins/com.st.stm32cube.common.mx_6.10.0.202311202037
2024-03-27 23:32:28,139 [INFO] PluginManage:196 - Search for loadable plugins [exclusion list=, ]
2024-03-27 23:32:28,159 [INFO] PluginManage:310 - Check plugin analytics
2024-03-27 23:32:29,183 [INFO] AnalyticsPlugin:253 - Accepted Software Licenses: 
2024-03-27 23:32:29,183 [INFO] AnalyticsPlugin:255 - Accepted CMSIS Pack Licenses: 
2024-03-27 23:32:29,183 [INFO] AnalyticsPlugin:257 - Accepted Firmware Licenses: FW.F4.1.28.0
2024-03-27 23:32:29,219 [INFO] PluginManage:359 - Loaded plugin analytics (category:tool,tabindex:-1)
2024-03-27 23:32:29,220 [INFO] PluginManage:310 - Check plugin cadmodel
2024-03-27 23:32:29,503 [INFO] CADModel:105 - Init CAD model plugin
2024-03-27 23:32:29,503 [INFO] PluginManage:359 - Loaded plugin cadmodel (category:power,tabindex:5)
2024-03-27 23:32:29,506 [INFO] PluginManage:310 - Check plugin clock
2024-03-27 23:32:29,554 [INFO] PluginManage:359 - Loaded plugin clock (category:base,tabindex:2)
2024-03-27 23:32:29,554 [INFO] PluginManage:310 - Check plugin ddr
2024-03-27 23:32:29,564 [INFO] PluginManage:359 - Loaded plugin ddr (category:tool,tabindex:6)
2024-03-27 23:32:29,567 [INFO] PluginManage:310 - Check plugin filemanager
2024-03-27 23:32:30,561 [INFO] PluginManage:359 - Loaded plugin filemanager (category:base,tabindex:10)
2024-03-27 23:32:30,561 [INFO] PluginManage:310 - Check plugin ipmanager
2024-03-27 23:32:30,667 [INFO] PluginManage:359 - Loaded plugin ipmanager (category:base,tabindex:5)
2024-03-27 23:32:30,668 [INFO] PluginManage:310 - Check plugin lpbam
2024-03-27 23:32:30,713 [INFO] PluginManage:359 - Loaded plugin lpbam (category:base,tabindex:0)
2024-03-27 23:32:30,722 [INFO] PluginManage:310 - Check plugin memorymap
2024-03-27 23:32:30,774 [INFO] PluginManage:359 - Loaded plugin memorymap (category:base,tabindex:4)
2024-03-27 23:32:30,774 [INFO] PluginManage:310 - Check plugin pinoutandconfiguration
2024-03-27 23:32:30,811 [INFO] PluginManage:359 - Loaded plugin pinoutandconfiguration (category:base,tabindex:1)
2024-03-27 23:32:30,811 [INFO] PluginManage:310 - Check plugin pinoutconfig
2024-03-27 23:32:31,227 [WARN] SupportedApi:132 - Cannot load RTOS API schema: s4s-elt-must-match.1: The content of 'definitions' must match (annotation?, (simpleType | complexType)?, (unique | key | keyref)*)). A problem was found starting at: attribute.
2024-03-27 23:32:31,833 [INFO] PluginManage:359 - Loaded plugin pinoutconfig (category:base,tabindex:0)
2024-03-27 23:32:31,833 [INFO] PluginManage:310 - Check plugin power
2024-03-27 23:32:31,877 [INFO] PluginManage:359 - Loaded plugin power (category:power,tabindex:4)
2024-03-27 23:32:31,877 [INFO] PluginManage:310 - Check plugin projectmanager
2024-03-27 23:32:32,018 [INFO] PluginManage:359 - Loaded plugin projectmanager (category:projectmanager,tabindex:3)
2024-03-27 23:32:32,018 [INFO] PluginManage:310 - Check plugin thirdparty
2024-03-27 23:32:32,404 [INFO] PluginManage:359 - Loaded plugin thirdparty (category:base,tabindex:-1)
2024-03-27 23:32:32,404 [INFO] PluginManage:310 - Check plugin tools
2024-03-27 23:32:32,405 [WARN] IntegrityCheckThread:84 - waiting for thirdparty lock release [integrity check]
2024-03-27 23:32:32,409 [INFO] IntegrityCheckThread:86 - entering critical section [integrity check]
2024-03-27 23:32:32,408 [INFO] PluginManage:359 - Loaded plugin tools (category:base,tabindex:7)
2024-03-27 23:32:32,410 [INFO] PluginManage:310 - Check plugin tutovideos
2024-03-27 23:32:32,411 [INFO] ThirdPartyUpdaterWithRetryManager:70 - Updater plugin not ready yet. [1/15]
2024-03-27 23:32:33,020 [INFO] PluginManage:359 - Loaded plugin tutovideos (category:base,tabindex:-1)
2024-03-27 23:32:33,020 [INFO] PluginManage:310 - Check plugin updater
2024-03-27 23:32:33,064 [INFO] PluginManage:359 - Loaded plugin updater (category:base,tabindex:12)
2024-03-27 23:32:33,069 [INFO] PluginManage:310 - Check plugin userauth
2024-03-27 23:32:33,089 [INFO] UserAuth:114 - Init User Auth plugin
2024-03-27 23:32:33,090 [INFO] PluginManage:359 - Loaded plugin userauth (category:base,tabindex:14)
2024-03-27 23:32:33,091 [INFO] PluginManage:283 - PluginManage : Loaded plugins [17]
2024-03-27 23:32:34,485 [INFO] PinOutPanel:1499 - setPackage(No Configuration,No Configuration)
2024-03-27 23:32:34,854 [INFO] CADModel:165 - CPN selected for project level
2024-03-27 23:32:34,854 [INFO] CADModel:114 - Register for checkConnection events
2024-03-27 23:32:34,926 [INFO] IPUIPlugin:80 - create IPUIPlugin
2024-03-27 23:32:34,927 [INFO] PluginManager:220 - loadIPPluginJar : add spi
2024-03-27 23:32:34,954 [INFO] IPUIPlugin:80 - create IPUIPlugin
2024-03-27 23:32:34,955 [INFO] PluginManager:220 - loadIPPluginJar : add freertos
2024-03-27 23:32:34,966 [INFO] IPUIPlugin:80 - create IPUIPlugin
2024-03-27 23:32:34,967 [INFO] PluginManager:220 - loadIPPluginJar : add tsc
2024-03-27 23:32:35,017 [INFO] IPUIPlugin:80 - create IPUIPlugin
2024-03-27 23:32:35,017 [INFO] PluginManager:220 - loadIPPluginJar : add linkedlist
2024-03-27 23:32:35,021 [INFO] IPUIPlugin:80 - create IPUIPlugin
2024-03-27 23:32:35,021 [INFO] PluginManager:220 - loadIPPluginJar : add quadspi
2024-03-27 23:32:35,026 [INFO] IPUIPlugin:80 - create IPUIPlugin
2024-03-27 23:32:35,026 [INFO] PluginManager:220 - loadIPPluginJar : add lorawan
2024-03-27 23:32:35,047 [INFO] IPUIPlugin:80 - create IPUIPlugin
2024-03-27 23:32:35,048 [INFO] PluginManager:220 - loadIPPluginJar : add pdm2pcm
2024-03-27 23:32:35,052 [INFO] IPUIPlugin:80 - create IPUIPlugin
2024-03-27 23:32:35,053 [INFO] PluginManager:220 - loadIPPluginJar : add openamp
2024-03-27 23:32:35,056 [INFO] IPUIPlugin:80 - create IPUIPlugin
2024-03-27 23:32:35,056 [INFO] PluginManager:220 - loadIPPluginJar : add hash
2024-03-27 23:32:35,060 [INFO] IPUIPlugin:80 - create IPUIPlugin
2024-03-27 23:32:35,061 [INFO] PluginManager:220 - loadIPPluginJar : add i3c
2024-03-27 23:32:35,074 [INFO] IPUIPlugin:80 - create IPUIPlugin
2024-03-27 23:32:35,075 [INFO] PluginManager:220 - loadIPPluginJar : add nvic
2024-03-27 23:32:35,082 [INFO] IPUIPlugin:80 - create IPUIPlugin
2024-03-27 23:32:35,083 [INFO] PluginManager:220 - loadIPPluginJar : add dma3
2024-03-27 23:32:35,102 [INFO] IPUIPlugin:80 - create IPUIPlugin
2024-03-27 23:32:35,107 [INFO] PluginManager:220 - loadIPPluginJar : add gpio
2024-03-27 23:32:35,113 [INFO] IPUIPlugin:80 - create IPUIPlugin
2024-03-27 23:32:35,113 [INFO] PluginManager:220 - loadIPPluginJar : add i2s
2024-03-27 23:32:35,120 [INFO] IPUIPlugin:80 - create IPUIPlugin
2024-03-27 23:32:35,131 [INFO] PluginManager:220 - loadIPPluginJar : add ucpd
2024-03-27 23:32:35,143 [INFO] IPUIPlugin:80 - create IPUIPlugin
2024-03-27 23:32:35,143 [INFO] PluginManager:220 - loadIPPluginJar : add resmgrutility
2024-03-27 23:32:35,145 [INFO] IPUIPlugin:80 - create IPUIPlugin
2024-03-27 23:32:35,146 [INFO] PluginManager:220 - loadIPPluginJar : add genericplugin
2024-03-27 23:32:35,150 [INFO] IPUIPlugin:80 - create IPUIPlugin
2024-03-27 23:32:35,163 [INFO] PluginManager:220 - loadIPPluginJar : add fatfs
2024-03-27 23:32:35,173 [INFO] IPUIPlugin:80 - create IPUIPlugin
2024-03-27 23:32:35,173 [INFO] PluginManager:220 - loadIPPluginJar : add dfsdm
2024-03-27 23:32:35,200 [INFO] IPUIPlugin:80 - create IPUIPlugin
2024-03-27 23:32:35,201 [INFO] PluginManager:220 - loadIPPluginJar : add gic
2024-03-27 23:32:35,247 [INFO] IPUIPlugin:80 - create IPUIPlugin
2024-03-27 23:32:35,247 [INFO] PluginManager:220 - loadIPPluginJar : add adc
2024-03-27 23:32:35,263 [INFO] IPUIPlugin:80 - create IPUIPlugin
2024-03-27 23:32:35,263 [INFO] PluginManager:220 - loadIPPluginJar : add ipddr
2024-03-27 23:32:35,271 [INFO] IPUIPlugin:80 - create IPUIPlugin
2024-03-27 23:32:35,271 [INFO] PluginManager:220 - loadIPPluginJar : add cryp
2024-03-27 23:32:35,278 [INFO] IPUIPlugin:80 - create IPUIPlugin
2024-03-27 23:32:35,278 [INFO] PluginManager:220 - loadIPPluginJar : add aes
2024-03-27 23:32:35,287 [INFO] IPUIPlugin:80 - create IPUIPlugin
2024-03-27 23:32:35,290 [INFO] PluginManager:220 - loadIPPluginJar : add usbx
2024-03-27 23:32:35,305 [INFO] IPUIPlugin:80 - create IPUIPlugin
2024-03-27 23:32:35,305 [INFO] PluginManager:220 - loadIPPluginJar : add i2c
2024-03-27 23:32:35,314 [INFO] IPUIPlugin:80 - create IPUIPlugin
2024-03-27 23:32:35,314 [INFO] PluginManager:220 - loadIPPluginJar : add touchsensing
2024-03-27 23:32:35,317 [INFO] IPUIPlugin:80 - create IPUIPlugin
2024-03-27 23:32:35,317 [INFO] PluginManager:220 - loadIPPluginJar : add tracer_emb
2024-03-27 23:32:35,337 [INFO] IPUIPlugin:80 - create IPUIPlugin
2024-03-27 23:32:35,342 [INFO] PluginManager:220 - loadIPPluginJar : add plateformsettings
2024-03-27 23:32:35,344 [INFO] IPUIPlugin:80 - create IPUIPlugin
2024-03-27 23:32:35,344 [INFO] PluginManager:220 - loadIPPluginJar : add ltdc
2024-03-27 23:32:35,355 [INFO] IPUIPlugin:80 - create IPUIPlugin
2024-03-27 23:32:35,355 [INFO] PluginManager:220 - loadIPPluginJar : add mdma
2024-03-27 23:32:35,364 [INFO] IPUIPlugin:80 - create IPUIPlugin
2024-03-27 23:32:35,365 [INFO] PluginManager:220 - loadIPPluginJar : add gtzc
2024-03-27 23:32:35,369 [INFO] IPUIPlugin:80 - create IPUIPlugin
2024-03-27 23:32:35,369 [INFO] PluginManager:220 - loadIPPluginJar : add can
2024-03-27 23:32:35,376 [INFO] IPUIPlugin:80 - create IPUIPlugin
2024-03-27 23:32:35,377 [INFO] PluginManager:220 - loadIPPluginJar : add stm32_wpan
2024-03-27 23:32:35,385 [INFO] IPUIPlugin:80 - create IPUIPlugin
2024-03-27 23:32:35,385 [INFO] PluginManager:220 - loadIPPluginJar : add sai
2024-03-27 23:32:35,400 [INFO] IPUIPlugin:80 - create IPUIPlugin
2024-03-27 23:32:35,401 [INFO] PluginManager:220 - loadIPPluginJar : add fmc
2024-03-27 23:32:35,411 [INFO] ThirdPartyUpdaterWithRetryManager:70 - Updater plugin not ready yet. [2/15]
2024-03-27 23:32:35,414 [INFO] IPUIPlugin:80 - create IPUIPlugin
2024-03-27 23:32:35,415 [INFO] PluginManager:220 - loadIPPluginJar : add dma
2024-03-27 23:32:35,428 [INFO] IPUIPlugin:80 - create IPUIPlugin
2024-03-27 23:32:35,428 [INFO] PluginManager:220 - loadIPPluginJar : add usart
2024-03-27 23:32:35,436 [INFO] IPUIPlugin:80 - create IPUIPlugin
2024-03-27 23:32:35,436 [INFO] PluginManager:220 - loadIPPluginJar : add ts
2024-03-27 23:32:35,440 [INFO] IPUIPlugin:80 - create IPUIPlugin
2024-03-27 23:32:35,440 [INFO] PluginManager:220 - loadIPPluginJar : add comp
2024-03-27 23:32:35,448 [INFO] IPUIPlugin:80 - create IPUIPlugin
2024-03-27 23:32:35,448 [INFO] PluginManager:220 - loadIPPluginJar : add gfxmmu
2024-03-27 23:32:35,456 [INFO] IPUIPlugin:80 - create IPUIPlugin
2024-03-27 23:32:35,456 [INFO] PluginManager:220 - loadIPPluginJar : add opamp
2024-03-27 23:32:35,459 [INFO] IPUIPlugin:80 - create IPUIPlugin
2024-03-27 23:32:35,460 [INFO] PluginManager:220 - loadIPPluginJar : add tim
2024-03-27 23:32:35,640 [INFO] CADModel:165 - CPN selected for project level
2024-03-27 23:32:35,640 [INFO] CADModel:114 - Register for checkConnection events
2024-03-27 23:32:35,641 [FATAL] Updater:308 - Updater called before beeing initialized
2024-03-27 23:32:35,641 [ERROR] CADModel:125 - Updater not yet initialized, retry later 
2024-03-27 23:32:36,076 [INFO] CADModel:165 - CPN selected for project level
2024-03-27 23:32:36,077 [INFO] CADModel:114 - Register for checkConnection events
2024-03-27 23:32:36,077 [FATAL] Updater:308 - Updater called before beeing initialized
2024-03-27 23:32:36,077 [ERROR] CADModel:125 - Updater not yet initialized, retry later 
2024-03-27 23:32:36,084 [FATAL] Updater:308 - Updater called before beeing initialized
2024-03-27 23:32:36,398 [FATAL] Updater:308 - Updater called before beeing initialized
2024-03-27 23:32:36,409 [INFO] DbMcusAds:53 - JSON generation date=Wed Nov 29 07:52:27 ART 2023 (1701255147349)
2024-03-27 23:32:36,409 [FATAL] Updater:308 - Updater called before beeing initialized
2024-03-27 23:32:36,512 [WARN] DetailPanel:346 - Failed to get advertising image, set to default
2024-03-27 23:32:36,709 [FATAL] Updater:308 - Updater called before beeing initialized
2024-03-27 23:32:36,715 [FATAL] Updater:308 - Updater called before beeing initialized
2024-03-27 23:32:36,716 [FATAL] Updater:308 - Updater called before beeing initialized
2024-03-27 23:32:36,716 [WARN] DetailPanel:346 - Failed to get advertising image, set to default
2024-03-27 23:32:36,720 [FATAL] Updater:308 - Updater called before beeing initialized
2024-03-27 23:32:36,785 [ERROR] Updater:1120 - MainUpdater not yet initialized. External WinMGr cannot be set.
2024-03-27 23:32:36,788 [INFO] Updater:1056 - Updater Version found : 6.10.0
2024-03-27 23:32:36,819 [INFO] ApplicationProperties:184 - Using Application install path: /opt/st/stm32cubeide_1.14.0/plugins/com.st.stm32cube.common.mx_6.10.0.202311202037
2024-03-27 23:32:36,854 [ERROR] LogOutputStream:75 - [STDERR_REDIRECT] Mar 27, 2024 11:32:36 PM java.util.prefs.FileSystemPreferences$2 run
2024-03-27 23:32:36,855 [ERROR] LogOutputStream:75 - [STDERR_REDIRECT] WARNING: Could not create system preferences directory. System preferences are unusable.
2024-03-27 23:32:36,855 [ERROR] LogOutputStream:75 - [STDERR_REDIRECT] 
2024-03-27 23:32:37,366 [INFO] MainUpdater:2873 - connection check result : 10
2024-03-27 23:32:37,367 [INFO] MainUpdater:3567 - Updater definition file requires update
2024-03-27 23:32:37,367 [INFO] MainUpdater:290 - Updater Check For Update Now.
2024-03-27 23:32:37,368 [INFO] MicroXplorer:498 - Change Database Version : DB.6.0.100
2024-03-27 23:32:37,393 [INFO] McuFinderGlobals:63 - Set McuFinder mode to 2 (CubeIDE integrated)
2024-03-27 23:32:37,513 [INFO] ServerAccessManage:473 - Download File updaters.zip
2024-03-27 23:32:37,669 [INFO] FileExtend:240 - Unzip File : updaters.zip
2024-03-27 23:32:37,670 [INFO] FileExtend:255 - Standard Zip Deflate
2024-03-27 23:32:38,052 [INFO] ServerAccessManage:473 - Download File PacksControlFlags.xml
2024-03-27 23:32:38,219 [INFO] ServerAccessManage:473 - Download File cubemx.pidx
2024-03-27 23:32:38,369 [INFO] UserAuth:404 - Internet connection configuration mode: 1
2024-03-27 23:32:38,415 [WARN] MainUpdater:1194 - Updater busy. Cannot search thirdparties
2024-03-27 23:32:38,415 [INFO] ThirdPartyUpdaterWithRetryManager:96 - Updater plugin is busy. [1/15]
2024-03-27 23:32:38,436 [INFO] JxBrowserEngine:152 - Initiate JxBrowser Engine with user profile folder
2024-03-27 23:32:39,239 [INFO] ServerAccessManage:473 - Download File STMicroelectronics.FP-SNS-MOTENV1.pdsc
2024-03-27 23:32:41,119 [INFO] WebApp:161 - Instantiating new browser for Auth
2024-03-27 23:32:41,416 [WARN] MainUpdater:1194 - Updater busy. Cannot search thirdparties
2024-03-27 23:32:41,416 [INFO] ThirdPartyUpdaterWithRetryManager:96 - Updater plugin is busy. [2/15]
2024-03-27 23:32:41,591 [INFO] ServerAccessManage:473 - Download File STMicroelectronics.X-CUBE-SAFEA1.pdsc
2024-03-27 23:32:42,024 [INFO] ServerAccessManage:473 - Download File STMicroelectronics.X-CUBE-TOUCHGFX.pdsc
2024-03-27 23:32:42,762 [INFO] WebApp:780 - Register for checkConnection events
2024-03-27 23:32:42,762 [INFO] WebApp:414 - Apply proxy settings
2024-03-27 23:32:42,763 [INFO] WebApp:499 - Chromium requires no authentication
2024-03-27 23:32:42,771 [INFO] WebApp:442 - Direct internet connection detected
2024-03-27 23:32:43,089 [INFO] WebApp:192 - Starting web application
2024-03-27 23:32:43,089 [INFO] WebApp:544 - Web application path used /opt/st/stm32cubeide_1.14.0/plugins/com.st.stm32cube.common.mx_6.10.0.202311202037/db/plugins/mcufinder/reactClient1/index.html
2024-03-27 23:32:44,416 [WARN] MainUpdater:1194 - Updater busy. Cannot search thirdparties
2024-03-27 23:32:44,417 [INFO] ThirdPartyUpdaterWithRetryManager:96 - Updater plugin is busy. [3/15]
2024-03-27 23:32:45,196 [WARN] PackLoader:240 - Cannot read IP mode file for STMicroelectronics.FP-SNS-MOTENV1.5.0.0
2024-03-27 23:32:45,240 [WARN] PackLoader:240 - Cannot read IP mode file for STMicroelectronics.X-CUBE-SAFEA1.1.2.2
2024-03-27 23:32:45,249 [WARN] PackLoader:240 - Cannot read IP mode file for STMicroelectronics.X-CUBE-TOUCHGFX.4.23.1
2024-03-27 23:32:45,250 [INFO] PopulateThirdPartyThread:66 - Ending populate Thread
2024-03-27 23:32:45,255 [INFO] ThirdParty:1030 - CMSIS Pack Vendor :STMicroelectronics X-CUBE-TOUCHGFX 4.23.1
2024-03-27 23:32:45,255 [INFO] ThirdParty:1030 - CMSIS Pack Vendor :STMicroelectronics FP-SNS-MOTENV1 5.0.0
2024-03-27 23:32:45,255 [INFO] ThirdParty:1030 - CMSIS Pack Vendor :STMicroelectronics X-CUBE-SAFEA1 1.2.2
2024-03-27 23:32:45,256 [INFO] LoadServerUpdatesThread:375 - End of LoadServerUpdate Thread
2024-03-27 23:32:45,315 [INFO] CheckServerUpdateThread:120 - End of CheckServer Thread
2024-03-27 23:32:47,687 [WARN] PackLoader:240 - Cannot read IP mode file for STMicroelectronics.X-CUBE-SMBUS.2.1.0
2024-03-27 23:32:47,692 [WARN] PackLoader:240 - Cannot read IP mode file for STMicroelectronics.X-CUBE-TOUCHGFX.4.23.1
2024-03-27 23:32:47,697 [WARN] PackLoader:240 - Cannot read IP mode file for STMicroelectronics.X-CUBE-TOUCHGFX.4.23.0
2024-03-27 23:32:47,789 [WARN] PackLoader:240 - Cannot read IP mode file for STMicroelectronics.X-CUBE-AZRTOS-F7.1.1.0
2024-03-27 23:32:47,822 [WARN] PackLoader:240 - Cannot read IP mode file for STMicroelectronics.FP-SNS-MOTENV1.4.3.2
2024-03-27 23:32:47,835 [WARN] PackLoader:240 - Cannot read IP mode file for STMicroelectronics.FP-SNS-FLIGHT1.5.0.2
2024-03-27 23:32:47,870 [WARN] PackLoader:240 - Cannot read IP mode file for STMicroelectronics.X-CUBE-DISPLAY.3.0.0
2024-03-27 23:32:47,902 [WARN] PackLoader:240 - Cannot read IP mode file for STMicroelectronics.X-CUBE-BLE1.7.0.0
2024-03-27 23:32:47,913 [WARN] PackLoader:240 - Cannot read IP mode file for emotas.I-CUBE-CANOPEN.1.3.0
2024-03-27 23:32:47,955 [WARN] PackLoader:240 - Cannot read IP mode file for STMicroelectronics.X-CUBE-BLEMGR.3.1.0
2024-03-27 23:32:47,976 [WARN] PackLoader:240 - Cannot read IP mode file for STMicroelectronics.FP-SNS-SMARTAG2.1.2.0
2024-03-27 23:32:48,007 [INFO] LogOutputStream:77 - [STDOUT_REDIRECT] 1 : Invalid condition id : UX_CORESTACK_Condition cause : null
2024-03-27 23:32:48,019 [INFO] LogOutputStream:77 - [STDOUT_REDIRECT] 1 : Invalid condition id : UX_CORESTACK_Condition cause : null
2024-03-27 23:32:48,020 [INFO] LogOutputStream:77 - [STDOUT_REDIRECT] 1 : Invalid condition id : UX_CORESTACK_Condition cause : null
2024-03-27 23:32:48,021 [INFO] LogOutputStream:77 - [STDOUT_REDIRECT] 1 : Invalid condition id : UX_CORESTACK_Condition cause : null
2024-03-27 23:32:48,021 [INFO] LogOutputStream:77 - [STDOUT_REDIRECT] 1 : Invalid condition id : UX_CORESTACK_Condition cause : null
2024-03-27 23:32:48,036 [WARN] PackLoader:240 - Cannot read IP mode file for STMicroelectronics.X-CUBE-AZRTOS-WL.2.0.0
2024-03-27 23:32:48,050 [WARN] PackLoader:240 - Cannot read IP mode file for STMicroelectronics.FP-SNS-MOTENV1.5.0.0
2024-03-27 23:32:48,073 [WARN] PackLoader:240 - Cannot read IP mode file for WES.I-CUBE-Cesium.1.3.0
2024-03-27 23:32:48,093 [WARN] PackLoader:240 - Cannot read IP mode file for STMicroelectronics.X-CUBE-BLE2.3.3.0
2024-03-27 23:32:48,109 [WARN] PackLoader:240 - Cannot read IP mode file for STMicroelectronics.X-CUBE-ALGOBUILD.1.3.0
2024-03-27 23:32:48,191 [WARN] PackLoader:240 - Cannot read IP mode file for STMicroelectronics.X-CUBE-AZRTOS-G0.1.1.0
2024-03-27 23:32:48,233 [WARN] PackLoader:240 - Cannot read IP mode file for STMicroelectronics.X-CUBE-SAFEA1.1.2.2
2024-03-27 23:32:48,260 [WARN] PackLoader:240 - Cannot read IP mode file for STMicroelectronics.X-CUBE-NFC4.3.0.0
2024-03-27 23:32:48,287 [WARN] PackLoader:240 - Cannot read IP mode file for STMicroelectronics.X-CUBE-BLEMGR.3.0.0
2024-03-27 23:32:48,324 [WARN] PackLoader:240 - Cannot read IP mode file for STMicroelectronics.FP-ATR-SIGFOX1.3.2.0
2024-03-27 23:32:48,360 [WARN] PackLoader:240 - Cannot read IP mode file for STMicroelectronics.X-CUBE-EEPRMA1.5.1.0
2024-03-27 23:32:48,552 [WARN] PackLoader:240 - Cannot read IP mode file for SEGGER.I-CUBE-embOS.1.3.1
2024-03-27 23:32:48,714 [WARN] PackLoader:240 - Cannot read IP mode file for STMicroelectronics.X-CUBE-GNSS1.6.0.0
2024-03-27 23:32:48,798 [WARN] PackLoader:240 - Cannot read IP mode file for STMicroelectronics.X-CUBE-AZRTOS-F4.1.1.0
2024-03-27 23:32:48,837 [WARN] PackLoader:240 - Cannot read IP mode file for wolfSSL.I-CUBE-wolfSSL.5.6.6
2024-03-27 23:32:48,884 [WARN] PackLoader:240 - Cannot read IP mode file for STMicroelectronics.X-CUBE-AZRTOS-L5.2.0.0
2024-03-27 23:32:48,910 [WARN] PackLoader:240 - Cannot read IP mode file for STMicroelectronics.X-CUBE-NFC6.3.1.0
2024-03-27 23:32:48,931 [WARN] PackLoader:240 - Cannot read IP mode file for ITTIA_DB.I-CUBE-ITTIADB.8.8.0
2024-03-27 23:32:49,017 [WARN] PackLoader:240 - Cannot read IP mode file for STMicroelectronics.X-CUBE-NFC7.1.0.1
2024-03-27 23:32:49,058 [WARN] PackLoader:240 - Cannot read IP mode file for STMicroelectronics.X-CUBE-NFC6.3.0.0
2024-03-27 23:32:49,072 [WARN] PackLoader:240 - Cannot read IP mode file for STMicroelectronics.X-CUBE-AI.8.1.0
2024-03-27 23:32:49,290 [WARN] ConditionMgr:438 - getConditionDescription Invalid condition id : LAN8742 Phy interface Condition cause : null
2024-03-27 23:32:49,291 [WARN] PackLoader:240 - Cannot read IP mode file for STMicroelectronics.X-CUBE-AZRTOS-L4.2.0.0
2024-03-27 23:32:49,296 [WARN] ConditionMgr:1039 - genDependencies : Invalid condition id : LAN8742 Phy interface Condition cause : null
2024-03-27 23:32:49,298 [WARN] ConditionMgr:1039 - genDependencies : Invalid condition id : LAN8742 Phy interface Condition cause : null
2024-03-27 23:32:49,300 [WARN] ConditionMgr:1039 - genDependencies : Invalid condition id : LAN8742 Phy interface Condition cause : null
2024-03-27 23:32:49,356 [WARN] PackLoader:240 - Cannot read IP mode file for STMicroelectronics.X-CUBE-SFXS2LP1.4.0.0
2024-03-27 23:32:49,435 [WARN] ConditionMgr:438 - getConditionDescription Invalid condition id : UX DEVICE CLASS RTOS Condition cause : null
2024-03-27 23:32:49,436 [WARN] ConditionMgr:438 - getConditionDescription Invalid condition id : UX DEVICE CLASS RTOS Condition cause : null
2024-03-27 23:32:49,439 [WARN] PackLoader:240 - Cannot read IP mode file for STMicroelectronics.X-CUBE-AZRTOS-WB.2.0.0
2024-03-27 23:32:49,440 [WARN] ConditionMgr:1039 - genDependencies : Invalid condition id : UX DEVICE CLASS RTOS Condition cause : null
2024-03-27 23:32:49,441 [WARN] ConditionMgr:1039 - genDependencies : Invalid condition id : UX DEVICE CLASS RTOS Condition cause : null
2024-03-27 23:32:49,455 [WARN] ConditionMgr:1039 - genDependencies : Invalid condition id : UX DEVICE CLASS RTOS Condition cause : null
2024-03-27 23:32:49,455 [WARN] ConditionMgr:1039 - genDependencies : Invalid condition id : UX DEVICE CLASS RTOS Condition cause : null
2024-03-27 23:32:49,458 [WARN] ConditionMgr:1039 - genDependencies : Invalid condition id : UX DEVICE CLASS RTOS Condition cause : null
2024-03-27 23:32:49,485 [WARN] PackLoader:240 - Cannot read IP mode file for STMicroelectronics.X-CUBE-SUBG2.5.0.0
2024-03-27 23:32:49,554 [WARN] PackLoader:240 - Cannot read IP mode file for STMicroelectronics.X-CUBE-AZRTOS-G4.2.0.0
2024-03-27 23:32:49,588 [WARN] PackLoader:240 - Cannot read IP mode file for Infineon.AIROC-Wi-Fi-Bluetooth-STM32.1.5.1
2024-03-27 23:32:49,609 [WARN] PackLoader:240 - Cannot read IP mode file for STMicroelectronics.FP-SNS-MOTENVWB1.1.3.1
2024-03-27 23:32:49,658 [WARN] PackLoader:240 - Cannot read IP mode file for STMicroelectronics.X-CUBE-ISPU.2.0.0
2024-03-27 23:32:49,862 [WARN] PackLoader:240 - Cannot read IP mode file for STMicroelectronics.X-CUBE-MEMS1.10.0.0
2024-03-27 23:32:50,077 [WARN] PackLoader:240 - Cannot read IP mode file for STMicroelectronics.X-CUBE-FREERTOS.1.1.0
2024-03-27 23:32:50,089 [WARN] PackLoader:240 - Cannot read IP mode file for portGmbH.I-Cube-SoM-uGOAL.1.1.0
2024-03-27 23:32:50,100 [WARN] PackLoader:240 - Cannot read IP mode file for STMicroelectronics.X-CUBE-ALS.1.0.1
2024-03-27 23:32:50,104 [WARN] PackLoader:240 - Cannot read IP mode file for STMicroelectronics.FP-ATR-ASTRA1.2.0.0
2024-03-27 23:32:50,121 [WARN] PackLoader:240 - Cannot read IP mode file for STMicroelectronics.X-CUBE-TOF1.3.4.0
2024-03-27 23:32:50,161 [WARN] PackLoader:240 - Cannot read IP mode file for STMicroelectronics.X-CUBE-TOF1.3.4.1
2024-03-27 23:32:50,220 [WARN] PackLoader:240 - Cannot read IP mode file for STMicroelectronics.X-CUBE-AZRTOS-H7.3.2.0
2024-03-27 23:32:50,227 [INFO] ThirdParty:978 - Integrity check success = true
2024-03-27 23:32:50,227 [INFO] IntegrityCheckThread:100 - exiting critical section [integrity check]
2024-03-27 23:32:50,227 [INFO] IntegrityCheckThread:103 - End integrity checks thread
2024-03-27 23:33:08,196 [ERROR] LogOutputStream:75 - [STDERR_REDIRECT] Mar 27, 2024 11:33:08 PM java.util.prefs.FileSystemPreferences checkLockFile0ErrorCode
2024-03-27 23:33:08,196 [ERROR] LogOutputStream:75 - [STDERR_REDIRECT] WARNING: Could not lock System prefs. Unix error code 28987.
2024-03-27 23:33:08,196 [ERROR] LogOutputStream:75 - [STDERR_REDIRECT] 
2024-03-27 23:33:08,197 [ERROR] LogOutputStream:75 - [STDERR_REDIRECT] Mar 27, 2024 11:33:08 PM java.util.prefs.FileSystemPreferences syncWorld
2024-03-27 23:33:08,197 [ERROR] LogOutputStream:75 - [STDERR_REDIRECT] WARNING: Couldn't flush system prefs: java.util.prefs.BackingStoreException: Couldn't get file lock.
2024-03-27 23:33:08,198 [ERROR] LogOutputStream:75 - [STDERR_REDIRECT] 
2024-03-27 23:33:38,177 [ERROR] LogOutputStream:75 - [STDERR_REDIRECT] Mar 27, 2024 11:33:38 PM java.util.prefs.FileSystemPreferences checkLockFile0ErrorCode
2024-03-27 23:33:38,177 [ERROR] LogOutputStream:75 - [STDERR_REDIRECT] WARNING: Could not lock System prefs. Unix error code 28987.
2024-03-27 23:33:38,177 [ERROR] LogOutputStream:75 - [STDERR_REDIRECT] 
2024-03-27 23:33:38,181 [ERROR] LogOutputStream:75 - [STDERR_REDIRECT] Mar 27, 2024 11:33:38 PM java.util.prefs.FileSystemPreferences syncWorld
2024-03-27 23:33:38,181 [ERROR] LogOutputStream:75 - [STDERR_REDIRECT] WARNING: Couldn't flush system prefs: java.util.prefs.BackingStoreException: Couldn't get file lock.
2024-03-27 23:33:38,181 [ERROR] LogOutputStream:75 - [STDERR_REDIRECT] 
2024-03-27 23:34:08,178 [ERROR] LogOutputStream:75 - [STDERR_REDIRECT] Mar 27, 2024 11:34:08 PM java.util.prefs.FileSystemPreferences checkLockFile0ErrorCode
2024-03-27 23:34:08,178 [ERROR] LogOutputStream:75 - [STDERR_REDIRECT] WARNING: Could not lock System prefs. Unix error code 28987.
2024-03-27 23:34:08,178 [ERROR] LogOutputStream:75 - [STDERR_REDIRECT] 
2024-03-27 23:34:08,179 [ERROR] LogOutputStream:75 - [STDERR_REDIRECT] Mar 27, 2024 11:34:08 PM java.util.prefs.FileSystemPreferences syncWorld
2024-03-27 23:34:08,179 [ERROR] LogOutputStream:75 - [STDERR_REDIRECT] WARNING: Couldn't flush system prefs: java.util.prefs.BackingStoreException: Couldn't get file lock.
2024-03-27 23:34:08,179 [ERROR] LogOutputStream:75 - [STDERR_REDIRECT] 
2024-03-27 23:34:38,177 [ERROR] LogOutputStream:75 - [STDERR_REDIRECT] Mar 27, 2024 11:34:38 PM java.util.prefs.FileSystemPreferences checkLockFile0ErrorCode
2024-03-27 23:34:38,177 [ERROR] LogOutputStream:75 - [STDERR_REDIRECT] WARNING: Could not lock System prefs. Unix error code 28987.
2024-03-27 23:34:38,177 [ERROR] LogOutputStream:75 - [STDERR_REDIRECT] 
2024-03-27 23:34:38,178 [ERROR] LogOutputStream:75 - [STDERR_REDIRECT] Mar 27, 2024 11:34:38 PM java.util.prefs.FileSystemPreferences syncWorld
2024-03-27 23:34:38,178 [ERROR] LogOutputStream:75 - [STDERR_REDIRECT] WARNING: Couldn't flush system prefs: java.util.prefs.BackingStoreException: Couldn't get file lock.
2024-03-27 23:34:38,179 [ERROR] LogOutputStream:75 - [STDERR_REDIRECT] 
2024-03-27 23:35:08,179 [ERROR] LogOutputStream:75 - [STDERR_REDIRECT] Mar 27, 2024 11:35:08 PM java.util.prefs.FileSystemPreferences checkLockFile0ErrorCode
2024-03-27 23:35:08,179 [ERROR] LogOutputStream:75 - [STDERR_REDIRECT] WARNING: Could not lock System prefs. Unix error code 28987.
2024-03-27 23:35:08,179 [ERROR] LogOutputStream:75 - [STDERR_REDIRECT] 
2024-03-27 23:35:08,180 [ERROR] LogOutputStream:75 - [STDERR_REDIRECT] Mar 27, 2024 11:35:08 PM java.util.prefs.FileSystemPreferences syncWorld
2024-03-27 23:35:08,184 [ERROR] LogOutputStream:75 - [STDERR_REDIRECT] WARNING: Couldn't flush system prefs: java.util.prefs.BackingStoreException: Couldn't get file lock.
2024-03-27 23:35:08,184 [ERROR] LogOutputStream:75 - [STDERR_REDIRECT] 
2024-03-27 23:35:38,177 [ERROR] LogOutputStream:75 - [STDERR_REDIRECT] Mar 27, 2024 11:35:38 PM java.util.prefs.FileSystemPreferences checkLockFile0ErrorCode
2024-03-27 23:35:38,178 [ERROR] LogOutputStream:75 - [STDERR_REDIRECT] WARNING: Could not lock System prefs. Unix error code 28987.
2024-03-27 23:35:38,178 [ERROR] LogOutputStream:75 - [STDERR_REDIRECT] 
2024-03-27 23:35:38,179 [ERROR] LogOutputStream:75 - [STDERR_REDIRECT] Mar 27, 2024 11:35:38 PM java.util.prefs.FileSystemPreferences syncWorld
2024-03-27 23:35:38,179 [ERROR] LogOutputStream:75 - [STDERR_REDIRECT] WARNING: Couldn't flush system prefs: java.util.prefs.BackingStoreException: Couldn't get file lock.
2024-03-27 23:35:38,180 [ERROR] LogOutputStream:75 - [STDERR_REDIRECT] 
2024-03-27 23:36:08,177 [ERROR] LogOutputStream:75 - [STDERR_REDIRECT] Mar 27, 2024 11:36:08 PM java.util.prefs.FileSystemPreferences checkLockFile0ErrorCode
2024-03-27 23:36:08,177 [ERROR] LogOutputStream:75 - [STDERR_REDIRECT] WARNING: Could not lock System prefs. Unix error code 28987.
2024-03-27 23:36:08,177 [ERROR] LogOutputStream:75 - [STDERR_REDIRECT] 
2024-03-27 23:36:08,178 [ERROR] LogOutputStream:75 - [STDERR_REDIRECT] Mar 27, 2024 11:36:08 PM java.util.prefs.FileSystemPreferences syncWorld
2024-03-27 23:36:08,178 [ERROR] LogOutputStream:75 - [STDERR_REDIRECT] WARNING: Couldn't flush system prefs: java.util.prefs.BackingStoreException: Couldn't get file lock.
2024-03-27 23:36:08,178 [ERROR] LogOutputStream:75 - [STDERR_REDIRECT] 
2024-03-27 23:36:38,179 [ERROR] LogOutputStream:75 - [STDERR_REDIRECT] Mar 27, 2024 11:36:38 PM java.util.prefs.FileSystemPreferences checkLockFile0ErrorCode
2024-03-27 23:36:38,180 [ERROR] LogOutputStream:75 - [STDERR_REDIRECT] WARNING: Could not lock System prefs. Unix error code 28987.
2024-03-27 23:36:38,181 [ERROR] LogOutputStream:75 - [STDERR_REDIRECT] 
2024-03-27 23:36:38,181 [ERROR] LogOutputStream:75 - [STDERR_REDIRECT] Mar 27, 2024 11:36:38 PM java.util.prefs.FileSystemPreferences syncWorld
2024-03-27 23:36:38,182 [ERROR] LogOutputStream:75 - [STDERR_REDIRECT] WARNING: Couldn't flush system prefs: java.util.prefs.BackingStoreException: Couldn't get file lock.
2024-03-27 23:36:38,185 [ERROR] LogOutputStream:75 - [STDERR_REDIRECT] 
2024-03-27 23:37:08,189 [ERROR] LogOutputStream:75 - [STDERR_REDIRECT] Mar 27, 2024 11:37:08 PM java.util.prefs.FileSystemPreferences checkLockFile0ErrorCode
2024-03-27 23:37:08,189 [ERROR] LogOutputStream:75 - [STDERR_REDIRECT] WARNING: Could not lock System prefs. Unix error code 28987.
2024-03-27 23:37:08,190 [ERROR] LogOutputStream:75 - [STDERR_REDIRECT] 
2024-03-27 23:37:08,190 [ERROR] LogOutputStream:75 - [STDERR_REDIRECT] Mar 27, 2024 11:37:08 PM java.util.prefs.FileSystemPreferences syncWorld
2024-03-27 23:37:08,190 [ERROR] LogOutputStream:75 - [STDERR_REDIRECT] WARNING: Couldn't flush system prefs: java.util.prefs.BackingStoreException: Couldn't get file lock.
2024-03-27 23:37:08,191 [ERROR] LogOutputStream:75 - [STDERR_REDIRECT] 
2024-03-27 23:37:38,182 [ERROR] LogOutputStream:75 - [STDERR_REDIRECT] Mar 27, 2024 11:37:38 PM java.util.prefs.FileSystemPreferences checkLockFile0ErrorCode
2024-03-27 23:37:38,184 [ERROR] LogOutputStream:75 - [STDERR_REDIRECT] WARNING: Could not lock System prefs. Unix error code 28987.
2024-03-27 23:37:38,184 [ERROR] LogOutputStream:75 - [STDERR_REDIRECT] 
2024-03-27 23:37:38,185 [ERROR] LogOutputStream:75 - [STDERR_REDIRECT] Mar 27, 2024 11:37:38 PM java.util.prefs.FileSystemPreferences syncWorld
2024-03-27 23:37:38,185 [ERROR] LogOutputStream:75 - [STDERR_REDIRECT] WARNING: Couldn't flush system prefs: java.util.prefs.BackingStoreException: Couldn't get file lock.
2024-03-27 23:37:38,185 [ERROR] LogOutputStream:75 - [STDERR_REDIRECT] 
2024-03-27 23:38:08,180 [ERROR] LogOutputStream:75 - [STDERR_REDIRECT] Mar 27, 2024 11:38:08 PM java.util.prefs.FileSystemPreferences checkLockFile0ErrorCode
2024-03-27 23:38:08,180 [ERROR] LogOutputStream:75 - [STDERR_REDIRECT] WARNING: Could not lock System prefs. Unix error code 28987.
2024-03-27 23:38:08,180 [ERROR] LogOutputStream:75 - [STDERR_REDIRECT] 
2024-03-27 23:38:08,181 [ERROR] LogOutputStream:75 - [STDERR_REDIRECT] Mar 27, 2024 11:38:08 PM java.util.prefs.FileSystemPreferences syncWorld
2024-03-27 23:38:08,181 [ERROR] LogOutputStream:75 - [STDERR_REDIRECT] WARNING: Couldn't flush system prefs: java.util.prefs.BackingStoreException: Couldn't get file lock.
2024-03-27 23:38:08,181 [ERROR] LogOutputStream:75 - [STDERR_REDIRECT] 
2024-03-27 23:38:38,182 [ERROR] LogOutputStream:75 - [STDERR_REDIRECT] Mar 27, 2024 11:38:38 PM java.util.prefs.FileSystemPreferences checkLockFile0ErrorCode
2024-03-27 23:38:38,183 [ERROR] LogOutputStream:75 - [STDERR_REDIRECT] WARNING: Could not lock System prefs. Unix error code 28987.
2024-03-27 23:38:38,184 [ERROR] LogOutputStream:75 - [STDERR_REDIRECT] 
2024-03-27 23:38:38,186 [ERROR] LogOutputStream:75 - [STDERR_REDIRECT] Mar 27, 2024 11:38:38 PM java.util.prefs.FileSystemPreferences syncWorld
2024-03-27 23:38:38,187 [ERROR] LogOutputStream:75 - [STDERR_REDIRECT] WARNING: Couldn't flush system prefs: java.util.prefs.BackingStoreException: Couldn't get file lock.
2024-03-27 23:38:38,188 [ERROR] LogOutputStream:75 - [STDERR_REDIRECT] 
2024-03-27 23:39:08,181 [ERROR] LogOutputStream:75 - [STDERR_REDIRECT] Mar 27, 2024 11:39:08 PM java.util.prefs.FileSystemPreferences checkLockFile0ErrorCode
2024-03-27 23:39:08,183 [ERROR] LogOutputStream:75 - [STDERR_REDIRECT] WARNING: Could not lock System prefs. Unix error code 28987.
2024-03-27 23:39:08,186 [ERROR] LogOutputStream:75 - [STDERR_REDIRECT] 
2024-03-27 23:39:08,189 [ERROR] LogOutputStream:75 - [STDERR_REDIRECT] Mar 27, 2024 11:39:08 PM java.util.prefs.FileSystemPreferences syncWorld
2024-03-27 23:39:08,192 [ERROR] LogOutputStream:75 - [STDERR_REDIRECT] WARNING: Couldn't flush system prefs: java.util.prefs.BackingStoreException: Couldn't get file lock.
2024-03-27 23:39:08,193 [ERROR] LogOutputStream:75 - [STDERR_REDIRECT] 
2024-03-27 23:39:38,186 [ERROR] LogOutputStream:75 - [STDERR_REDIRECT] Mar 27, 2024 11:39:38 PM java.util.prefs.FileSystemPreferences checkLockFile0ErrorCode
2024-03-27 23:39:38,195 [ERROR] LogOutputStream:75 - [STDERR_REDIRECT] WARNING: Could not lock System prefs. Unix error code 28987.
2024-03-27 23:39:38,195 [ERROR] LogOutputStream:75 - [STDERR_REDIRECT] 
2024-03-27 23:39:38,196 [ERROR] LogOutputStream:75 - [STDERR_REDIRECT] Mar 27, 2024 11:39:38 PM java.util.prefs.FileSystemPreferences syncWorld
2024-03-27 23:39:38,196 [ERROR] LogOutputStream:75 - [STDERR_REDIRECT] WARNING: Couldn't flush system prefs: java.util.prefs.BackingStoreException: Couldn't get file lock.
2024-03-27 23:39:38,197 [ERROR] LogOutputStream:75 - [STDERR_REDIRECT] 
2024-03-27 23:40:08,179 [ERROR] LogOutputStream:75 - [STDERR_REDIRECT] Mar 27, 2024 11:40:08 PM java.util.prefs.FileSystemPreferences checkLockFile0ErrorCode
2024-03-27 23:40:08,179 [ERROR] LogOutputStream:75 - [STDERR_REDIRECT] WARNING: Could not lock System prefs. Unix error code 28987.
2024-03-27 23:40:08,179 [ERROR] LogOutputStream:75 - [STDERR_REDIRECT] 
2024-03-27 23:40:08,180 [ERROR] LogOutputStream:75 - [STDERR_REDIRECT] Mar 27, 2024 11:40:08 PM java.util.prefs.FileSystemPreferences syncWorld
2024-03-27 23:40:08,180 [ERROR] LogOutputStream:75 - [STDERR_REDIRECT] WARNING: Couldn't flush system prefs: java.util.prefs.BackingStoreException: Couldn't get file lock.
2024-03-27 23:40:08,180 [ERROR] LogOutputStream:75 - [STDERR_REDIRECT] 
2024-03-27 23:40:38,195 [ERROR] LogOutputStream:75 - [STDERR_REDIRECT] Mar 27, 2024 11:40:38 PM java.util.prefs.FileSystemPreferences checkLockFile0ErrorCode
2024-03-27 23:40:38,204 [ERROR] LogOutputStream:75 - [STDERR_REDIRECT] WARNING: Could not lock System prefs. Unix error code 28987.
2024-03-27 23:40:38,205 [ERROR] LogOutputStream:75 - [STDERR_REDIRECT] 
2024-03-27 23:40:38,208 [ERROR] LogOutputStream:75 - [STDERR_REDIRECT] Mar 27, 2024 11:40:38 PM java.util.prefs.FileSystemPreferences syncWorld
2024-03-27 23:40:38,213 [ERROR] LogOutputStream:75 - [STDERR_REDIRECT] WARNING: Couldn't flush system prefs: java.util.prefs.BackingStoreException: Couldn't get file lock.
2024-03-27 23:40:38,215 [ERROR] LogOutputStream:75 - [STDERR_REDIRECT] 
2024-03-27 23:41:08,187 [ERROR] LogOutputStream:75 - [STDERR_REDIRECT] Mar 27, 2024 11:41:08 PM java.util.prefs.FileSystemPreferences checkLockFile0ErrorCode
2024-03-27 23:41:08,187 [ERROR] LogOutputStream:75 - [STDERR_REDIRECT] WARNING: Could not lock System prefs. Unix error code 28987.
2024-03-27 23:41:08,188 [ERROR] LogOutputStream:75 - [STDERR_REDIRECT] 
2024-03-27 23:41:08,188 [ERROR] LogOutputStream:75 - [STDERR_REDIRECT] Mar 27, 2024 11:41:08 PM java.util.prefs.FileSystemPreferences syncWorld
2024-03-27 23:41:08,188 [ERROR] LogOutputStream:75 - [STDERR_REDIRECT] WARNING: Couldn't flush system prefs: java.util.prefs.BackingStoreException: Couldn't get file lock.
2024-03-27 23:41:08,188 [ERROR] LogOutputStream:75 - [STDERR_REDIRECT] 
2024-03-27 23:41:38,180 [ERROR] LogOutputStream:75 - [STDERR_REDIRECT] Mar 27, 2024 11:41:38 PM java.util.prefs.FileSystemPreferences checkLockFile0ErrorCode
2024-03-27 23:41:38,180 [ERROR] LogOutputStream:75 - [STDERR_REDIRECT] WARNING: Could not lock System prefs. Unix error code 28987.
2024-03-27 23:41:38,181 [ERROR] LogOutputStream:75 - [STDERR_REDIRECT] 
2024-03-27 23:41:38,182 [ERROR] LogOutputStream:75 - [STDERR_REDIRECT] Mar 27, 2024 11:41:38 PM java.util.prefs.FileSystemPreferences syncWorld
2024-03-27 23:41:38,182 [ERROR] LogOutputStream:75 - [STDERR_REDIRECT] WARNING: Couldn't flush system prefs: java.util.prefs.BackingStoreException: Couldn't get file lock.
2024-03-27 23:41:38,183 [ERROR] LogOutputStream:75 - [STDERR_REDIRECT] 
2024-03-27 23:42:08,233 [ERROR] LogOutputStream:75 - [STDERR_REDIRECT] Mar 27, 2024 11:42:08 PM java.util.prefs.FileSystemPreferences checkLockFile0ErrorCode
2024-03-27 23:42:08,233 [ERROR] LogOutputStream:75 - [STDERR_REDIRECT] WARNING: Could not lock System prefs. Unix error code 28987.
2024-03-27 23:42:08,233 [ERROR] LogOutputStream:75 - [STDERR_REDIRECT] 
2024-03-27 23:42:08,235 [ERROR] LogOutputStream:75 - [STDERR_REDIRECT] Mar 27, 2024 11:42:08 PM java.util.prefs.FileSystemPreferences syncWorld
2024-03-27 23:42:08,235 [ERROR] LogOutputStream:75 - [STDERR_REDIRECT] WARNING: Couldn't flush system prefs: java.util.prefs.BackingStoreException: Couldn't get file lock.
2024-03-27 23:42:08,235 [ERROR] LogOutputStream:75 - [STDERR_REDIRECT] 
2024-03-27 23:42:38,208 [ERROR] LogOutputStream:75 - [STDERR_REDIRECT] Mar 27, 2024 11:42:38 PM java.util.prefs.FileSystemPreferences checkLockFile0ErrorCode
2024-03-27 23:42:38,211 [ERROR] LogOutputStream:75 - [STDERR_REDIRECT] WARNING: Could not lock System prefs. Unix error code 28987.
2024-03-27 23:42:38,218 [ERROR] LogOutputStream:75 - [STDERR_REDIRECT] 
2024-03-27 23:42:38,236 [ERROR] LogOutputStream:75 - [STDERR_REDIRECT] Mar 27, 2024 11:42:38 PM java.util.prefs.FileSystemPreferences syncWorld
2024-03-27 23:42:38,237 [ERROR] LogOutputStream:75 - [STDERR_REDIRECT] WARNING: Couldn't flush system prefs: java.util.prefs.BackingStoreException: Couldn't get file lock.
2024-03-27 23:42:38,238 [ERROR] LogOutputStream:75 - [STDERR_REDIRECT] 
2024-03-27 23:43:08,184 [ERROR] LogOutputStream:75 - [STDERR_REDIRECT] Mar 27, 2024 11:43:08 PM java.util.prefs.FileSystemPreferences checkLockFile0ErrorCode
2024-03-27 23:43:08,185 [ERROR] LogOutputStream:75 - [STDERR_REDIRECT] WARNING: Could not lock System prefs. Unix error code 28987.
2024-03-27 23:43:08,185 [ERROR] LogOutputStream:75 - [STDERR_REDIRECT] 
2024-03-27 23:43:08,188 [ERROR] LogOutputStream:75 - [STDERR_REDIRECT] Mar 27, 2024 11:43:08 PM java.util.prefs.FileSystemPreferences syncWorld
2024-03-27 23:43:08,189 [ERROR] LogOutputStream:75 - [STDERR_REDIRECT] WARNING: Couldn't flush system prefs: java.util.prefs.BackingStoreException: Couldn't get file lock.
2024-03-27 23:43:08,190 [ERROR] LogOutputStream:75 - [STDERR_REDIRECT] 
2024-03-27 23:43:38,183 [ERROR] LogOutputStream:75 - [STDERR_REDIRECT] Mar 27, 2024 11:43:38 PM java.util.prefs.FileSystemPreferences checkLockFile0ErrorCode
2024-03-27 23:43:38,184 [ERROR] LogOutputStream:75 - [STDERR_REDIRECT] WARNING: Could not lock System prefs. Unix error code 28987.
2024-03-27 23:43:38,185 [ERROR] LogOutputStream:75 - [STDERR_REDIRECT] 
2024-03-27 23:43:38,187 [ERROR] LogOutputStream:75 - [STDERR_REDIRECT] Mar 27, 2024 11:43:38 PM java.util.prefs.FileSystemPreferences syncWorld
2024-03-27 23:43:38,188 [ERROR] LogOutputStream:75 - [STDERR_REDIRECT] WARNING: Couldn't flush system prefs: java.util.prefs.BackingStoreException: Couldn't get file lock.
2024-03-27 23:43:38,188 [ERROR] LogOutputStream:75 - [STDERR_REDIRECT] 
2024-03-27 23:44:08,201 [ERROR] LogOutputStream:75 - [STDERR_REDIRECT] Mar 27, 2024 11:44:08 PM java.util.prefs.FileSystemPreferences checkLockFile0ErrorCode
2024-03-27 23:44:08,202 [ERROR] LogOutputStream:75 - [STDERR_REDIRECT] WARNING: Could not lock System prefs. Unix error code 28987.
2024-03-27 23:44:08,203 [ERROR] LogOutputStream:75 - [STDERR_REDIRECT] 
2024-03-27 23:44:08,205 [ERROR] LogOutputStream:75 - [STDERR_REDIRECT] Mar 27, 2024 11:44:08 PM java.util.prefs.FileSystemPreferences syncWorld
2024-03-27 23:44:08,206 [ERROR] LogOutputStream:75 - [STDERR_REDIRECT] WARNING: Couldn't flush system prefs: java.util.prefs.BackingStoreException: Couldn't get file lock.
2024-03-27 23:44:08,206 [ERROR] LogOutputStream:75 - [STDERR_REDIRECT] 
2024-03-27 23:44:38,187 [ERROR] LogOutputStream:75 - [STDERR_REDIRECT] Mar 27, 2024 11:44:38 PM java.util.prefs.FileSystemPreferences checkLockFile0ErrorCode
2024-03-27 23:44:38,188 [ERROR] LogOutputStream:75 - [STDERR_REDIRECT] WARNING: Could not lock System prefs. Unix error code 28987.
2024-03-27 23:44:38,189 [ERROR] LogOutputStream:75 - [STDERR_REDIRECT] 
2024-03-27 23:44:38,191 [ERROR] LogOutputStream:75 - [STDERR_REDIRECT] Mar 27, 2024 11:44:38 PM java.util.prefs.FileSystemPreferences syncWorld
2024-03-27 23:44:38,192 [ERROR] LogOutputStream:75 - [STDERR_REDIRECT] WARNING: Couldn't flush system prefs: java.util.prefs.BackingStoreException: Couldn't get file lock.
2024-03-27 23:44:38,192 [ERROR] LogOutputStream:75 - [STDERR_REDIRECT] 
2024-03-27 23:45:08,185 [ERROR] LogOutputStream:75 - [STDERR_REDIRECT] Mar 27, 2024 11:45:08 PM java.util.prefs.FileSystemPreferences checkLockFile0ErrorCode
2024-03-27 23:45:08,186 [ERROR] LogOutputStream:75 - [STDERR_REDIRECT] WARNING: Could not lock System prefs. Unix error code 28987.
2024-03-27 23:45:08,186 [ERROR] LogOutputStream:75 - [STDERR_REDIRECT] 
2024-03-27 23:45:08,189 [ERROR] LogOutputStream:75 - [STDERR_REDIRECT] Mar 27, 2024 11:45:08 PM java.util.prefs.FileSystemPreferences syncWorld
2024-03-27 23:45:08,190 [ERROR] LogOutputStream:75 - [STDERR_REDIRECT] WARNING: Couldn't flush system prefs: java.util.prefs.BackingStoreException: Couldn't get file lock.
2024-03-27 23:45:08,191 [ERROR] LogOutputStream:75 - [STDERR_REDIRECT] 
2024-03-27 23:45:38,185 [ERROR] LogOutputStream:75 - [STDERR_REDIRECT] Mar 27, 2024 11:45:38 PM java.util.prefs.FileSystemPreferences checkLockFile0ErrorCode
2024-03-27 23:45:38,187 [ERROR] LogOutputStream:75 - [STDERR_REDIRECT] WARNING: Could not lock System prefs. Unix error code 28987.
2024-03-27 23:45:38,187 [ERROR] LogOutputStream:75 - [STDERR_REDIRECT] 
2024-03-27 23:45:38,189 [ERROR] LogOutputStream:75 - [STDERR_REDIRECT] Mar 27, 2024 11:45:38 PM java.util.prefs.FileSystemPreferences syncWorld
2024-03-27 23:45:38,190 [ERROR] LogOutputStream:75 - [STDERR_REDIRECT] WARNING: Couldn't flush system prefs: java.util.prefs.BackingStoreException: Couldn't get file lock.
2024-03-27 23:45:38,193 [ERROR] LogOutputStream:75 - [STDERR_REDIRECT] 
2024-03-27 23:46:08,183 [ERROR] LogOutputStream:75 - [STDERR_REDIRECT] Mar 27, 2024 11:46:08 PM java.util.prefs.FileSystemPreferences checkLockFile0ErrorCode
2024-03-27 23:46:08,184 [ERROR] LogOutputStream:75 - [STDERR_REDIRECT] WARNING: Could not lock System prefs. Unix error code 28987.
2024-03-27 23:46:08,185 [ERROR] LogOutputStream:75 - [STDERR_REDIRECT] 
2024-03-27 23:46:08,188 [ERROR] LogOutputStream:75 - [STDERR_REDIRECT] Mar 27, 2024 11:46:08 PM java.util.prefs.FileSystemPreferences syncWorld
2024-03-27 23:46:08,189 [ERROR] LogOutputStream:75 - [STDERR_REDIRECT] WARNING: Couldn't flush system prefs: java.util.prefs.BackingStoreException: Couldn't get file lock.
2024-03-27 23:46:08,190 [ERROR] LogOutputStream:75 - [STDERR_REDIRECT] 
2024-03-27 23:46:38,183 [ERROR] LogOutputStream:75 - [STDERR_REDIRECT] Mar 27, 2024 11:46:38 PM java.util.prefs.FileSystemPreferences checkLockFile0ErrorCode
2024-03-27 23:46:38,183 [ERROR] LogOutputStream:75 - [STDERR_REDIRECT] WARNING: Could not lock System prefs. Unix error code 28987.
2024-03-27 23:46:38,183 [ERROR] LogOutputStream:75 - [STDERR_REDIRECT] 
2024-03-27 23:46:38,184 [ERROR] LogOutputStream:75 - [STDERR_REDIRECT] Mar 27, 2024 11:46:38 PM java.util.prefs.FileSystemPreferences syncWorld
2024-03-27 23:46:38,184 [ERROR] LogOutputStream:75 - [STDERR_REDIRECT] WARNING: Couldn't flush system prefs: java.util.prefs.BackingStoreException: Couldn't get file lock.
2024-03-27 23:46:38,184 [ERROR] LogOutputStream:75 - [STDERR_REDIRECT] 
2024-03-27 23:47:08,185 [ERROR] LogOutputStream:75 - [STDERR_REDIRECT] Mar 27, 2024 11:47:08 PM java.util.prefs.FileSystemPreferences checkLockFile0ErrorCode
2024-03-27 23:47:08,186 [ERROR] LogOutputStream:75 - [STDERR_REDIRECT] WARNING: Could not lock System prefs. Unix error code 28987.
2024-03-27 23:47:08,187 [ERROR] LogOutputStream:75 - [STDERR_REDIRECT] 
2024-03-27 23:47:08,189 [ERROR] LogOutputStream:75 - [STDERR_REDIRECT] Mar 27, 2024 11:47:08 PM java.util.prefs.FileSystemPreferences syncWorld
2024-03-27 23:47:08,190 [ERROR] LogOutputStream:75 - [STDERR_REDIRECT] WARNING: Couldn't flush system prefs: java.util.prefs.BackingStoreException: Couldn't get file lock.
2024-03-27 23:47:08,193 [ERROR] LogOutputStream:75 - [STDERR_REDIRECT] 
2024-03-27 23:47:38,184 [ERROR] LogOutputStream:75 - [STDERR_REDIRECT] Mar 27, 2024 11:47:38 PM java.util.prefs.FileSystemPreferences checkLockFile0ErrorCode
2024-03-27 23:47:38,186 [ERROR] LogOutputStream:75 - [STDERR_REDIRECT] WARNING: Could not lock System prefs. Unix error code 28987.
2024-03-27 23:47:38,187 [ERROR] LogOutputStream:75 - [STDERR_REDIRECT] 
2024-03-27 23:47:38,189 [ERROR] LogOutputStream:75 - [STDERR_REDIRECT] Mar 27, 2024 11:47:38 PM java.util.prefs.FileSystemPreferences syncWorld
2024-03-27 23:47:38,190 [ERROR] LogOutputStream:75 - [STDERR_REDIRECT] WARNING: Couldn't flush system prefs: java.util.prefs.BackingStoreException: Couldn't get file lock.
2024-03-27 23:47:38,191 [ERROR] LogOutputStream:75 - [STDERR_REDIRECT] 
2024-03-27 23:48:08,184 [ERROR] LogOutputStream:75 - [STDERR_REDIRECT] Mar 27, 2024 11:48:08 PM java.util.prefs.FileSystemPreferences checkLockFile0ErrorCode
2024-03-27 23:48:08,185 [ERROR] LogOutputStream:75 - [STDERR_REDIRECT] WARNING: Could not lock System prefs. Unix error code 28987.
2024-03-27 23:48:08,186 [ERROR] LogOutputStream:75 - [STDERR_REDIRECT] 
2024-03-27 23:48:08,188 [ERROR] LogOutputStream:75 - [STDERR_REDIRECT] Mar 27, 2024 11:48:08 PM java.util.prefs.FileSystemPreferences syncWorld
2024-03-27 23:48:08,189 [ERROR] LogOutputStream:75 - [STDERR_REDIRECT] WARNING: Couldn't flush system prefs: java.util.prefs.BackingStoreException: Couldn't get file lock.
2024-03-27 23:48:08,190 [ERROR] LogOutputStream:75 - [STDERR_REDIRECT] 
2024-03-27 23:48:38,184 [ERROR] LogOutputStream:75 - [STDERR_REDIRECT] Mar 27, 2024 11:48:38 PM java.util.prefs.FileSystemPreferences checkLockFile0ErrorCode
2024-03-27 23:48:38,184 [ERROR] LogOutputStream:75 - [STDERR_REDIRECT] WARNING: Could not lock System prefs. Unix error code 28987.
2024-03-27 23:48:38,185 [ERROR] LogOutputStream:75 - [STDERR_REDIRECT] 
2024-03-27 23:48:38,186 [ERROR] LogOutputStream:75 - [STDERR_REDIRECT] Mar 27, 2024 11:48:38 PM java.util.prefs.FileSystemPreferences syncWorld
2024-03-27 23:48:38,187 [ERROR] LogOutputStream:75 - [STDERR_REDIRECT] WARNING: Couldn't flush system prefs: java.util.prefs.BackingStoreException: Couldn't get file lock.
2024-03-27 23:48:38,189 [ERROR] LogOutputStream:75 - [STDERR_REDIRECT] 
2024-03-27 23:49:08,186 [ERROR] LogOutputStream:75 - [STDERR_REDIRECT] Mar 27, 2024 11:49:08 PM java.util.prefs.FileSystemPreferences checkLockFile0ErrorCode
2024-03-27 23:49:08,187 [ERROR] LogOutputStream:75 - [STDERR_REDIRECT] WARNING: Could not lock System prefs. Unix error code 28987.
2024-03-27 23:49:08,189 [ERROR] LogOutputStream:75 - [STDERR_REDIRECT] 
2024-03-27 23:49:08,192 [ERROR] LogOutputStream:75 - [STDERR_REDIRECT] Mar 27, 2024 11:49:08 PM java.util.prefs.FileSystemPreferences syncWorld
2024-03-27 23:49:08,193 [ERROR] LogOutputStream:75 - [STDERR_REDIRECT] WARNING: Couldn't flush system prefs: java.util.prefs.BackingStoreException: Couldn't get file lock.
2024-03-27 23:49:08,194 [ERROR] LogOutputStream:75 - [STDERR_REDIRECT] 
2024-03-27 23:49:38,188 [ERROR] LogOutputStream:75 - [STDERR_REDIRECT] Mar 27, 2024 11:49:38 PM java.util.prefs.FileSystemPreferences checkLockFile0ErrorCode
2024-03-27 23:49:38,190 [ERROR] LogOutputStream:75 - [STDERR_REDIRECT] WARNING: Could not lock System prefs. Unix error code 28987.
2024-03-27 23:49:38,191 [ERROR] LogOutputStream:75 - [STDERR_REDIRECT] 
2024-03-27 23:49:38,193 [ERROR] LogOutputStream:75 - [STDERR_REDIRECT] Mar 27, 2024 11:49:38 PM java.util.prefs.FileSystemPreferences syncWorld
2024-03-27 23:49:38,195 [ERROR] LogOutputStream:75 - [STDERR_REDIRECT] WARNING: Couldn't flush system prefs: java.util.prefs.BackingStoreException: Couldn't get file lock.
2024-03-27 23:49:38,195 [ERROR] LogOutputStream:75 - [STDERR_REDIRECT] 
2024-03-27 23:50:08,186 [ERROR] LogOutputStream:75 - [STDERR_REDIRECT] Mar 27, 2024 11:50:08 PM java.util.prefs.FileSystemPreferences checkLockFile0ErrorCode
2024-03-27 23:50:08,188 [ERROR] LogOutputStream:75 - [STDERR_REDIRECT] WARNING: Could not lock System prefs. Unix error code 28987.
2024-03-27 23:50:08,189 [ERROR] LogOutputStream:75 - [STDERR_REDIRECT] 
2024-03-27 23:50:08,190 [ERROR] LogOutputStream:75 - [STDERR_REDIRECT] Mar 27, 2024 11:50:08 PM java.util.prefs.FileSystemPreferences syncWorld
2024-03-27 23:50:08,191 [ERROR] LogOutputStream:75 - [STDERR_REDIRECT] WARNING: Couldn't flush system prefs: java.util.prefs.BackingStoreException: Couldn't get file lock.
2024-03-27 23:50:08,191 [ERROR] LogOutputStream:75 - [STDERR_REDIRECT] 
2024-03-27 23:50:38,185 [ERROR] LogOutputStream:75 - [STDERR_REDIRECT] Mar 27, 2024 11:50:38 PM java.util.prefs.FileSystemPreferences checkLockFile0ErrorCode
2024-03-27 23:50:38,187 [ERROR] LogOutputStream:75 - [STDERR_REDIRECT] WARNING: Could not lock System prefs. Unix error code 28987.
2024-03-27 23:50:38,188 [ERROR] LogOutputStream:75 - [STDERR_REDIRECT] 
2024-03-27 23:50:38,190 [ERROR] LogOutputStream:75 - [STDERR_REDIRECT] Mar 27, 2024 11:50:38 PM java.util.prefs.FileSystemPreferences syncWorld
2024-03-27 23:50:38,190 [ERROR] LogOutputStream:75 - [STDERR_REDIRECT] WARNING: Couldn't flush system prefs: java.util.prefs.BackingStoreException: Couldn't get file lock.
2024-03-27 23:50:38,191 [ERROR] LogOutputStream:75 - [STDERR_REDIRECT] 
2024-03-27 23:51:08,191 [ERROR] LogOutputStream:75 - [STDERR_REDIRECT] Mar 27, 2024 11:51:08 PM java.util.prefs.FileSystemPreferences checkLockFile0ErrorCode
2024-03-27 23:51:08,193 [ERROR] LogOutputStream:75 - [STDERR_REDIRECT] WARNING: Could not lock System prefs. Unix error code 28987.
2024-03-27 23:51:08,194 [ERROR] LogOutputStream:75 - [STDERR_REDIRECT] 
2024-03-27 23:51:08,198 [ERROR] LogOutputStream:75 - [STDERR_REDIRECT] Mar 27, 2024 11:51:08 PM java.util.prefs.FileSystemPreferences syncWorld
2024-03-27 23:51:08,201 [ERROR] LogOutputStream:75 - [STDERR_REDIRECT] WARNING: Couldn't flush system prefs: java.util.prefs.BackingStoreException: Couldn't get file lock.
2024-03-27 23:51:08,202 [ERROR] LogOutputStream:75 - [STDERR_REDIRECT] 
2024-03-27 23:51:38,187 [ERROR] LogOutputStream:75 - [STDERR_REDIRECT] Mar 27, 2024 11:51:38 PM java.util.prefs.FileSystemPreferences checkLockFile0ErrorCode
2024-03-27 23:51:38,188 [ERROR] LogOutputStream:75 - [STDERR_REDIRECT] WARNING: Could not lock System prefs. Unix error code 28987.
2024-03-27 23:51:38,189 [ERROR] LogOutputStream:75 - [STDERR_REDIRECT] 
2024-03-27 23:51:38,190 [ERROR] LogOutputStream:75 - [STDERR_REDIRECT] Mar 27, 2024 11:51:38 PM java.util.prefs.FileSystemPreferences syncWorld
2024-03-27 23:51:38,191 [ERROR] LogOutputStream:75 - [STDERR_REDIRECT] WARNING: Couldn't flush system prefs: java.util.prefs.BackingStoreException: Couldn't get file lock.
2024-03-27 23:51:38,192 [ERROR] LogOutputStream:75 - [STDERR_REDIRECT] 
2024-03-27 23:52:08,187 [ERROR] LogOutputStream:75 - [STDERR_REDIRECT] Mar 27, 2024 11:52:08 PM java.util.prefs.FileSystemPreferences checkLockFile0ErrorCode
2024-03-27 23:52:08,188 [ERROR] LogOutputStream:75 - [STDERR_REDIRECT] WARNING: Could not lock System prefs. Unix error code 28987.
2024-03-27 23:52:08,189 [ERROR] LogOutputStream:75 - [STDERR_REDIRECT] 
2024-03-27 23:52:08,190 [ERROR] LogOutputStream:75 - [STDERR_REDIRECT] Mar 27, 2024 11:52:08 PM java.util.prefs.FileSystemPreferences syncWorld
2024-03-27 23:52:08,191 [ERROR] LogOutputStream:75 - [STDERR_REDIRECT] WARNING: Couldn't flush system prefs: java.util.prefs.BackingStoreException: Couldn't get file lock.
2024-03-27 23:52:08,191 [ERROR] LogOutputStream:75 - [STDERR_REDIRECT] 
2024-03-27 23:52:38,186 [ERROR] LogOutputStream:75 - [STDERR_REDIRECT] Mar 27, 2024 11:52:38 PM java.util.prefs.FileSystemPreferences checkLockFile0ErrorCode
2024-03-27 23:52:38,187 [ERROR] LogOutputStream:75 - [STDERR_REDIRECT] WARNING: Could not lock System prefs. Unix error code 28987.
2024-03-27 23:52:38,187 [ERROR] LogOutputStream:75 - [STDERR_REDIRECT] 
2024-03-27 23:52:38,189 [ERROR] LogOutputStream:75 - [STDERR_REDIRECT] Mar 27, 2024 11:52:38 PM java.util.prefs.FileSystemPreferences syncWorld
2024-03-27 23:52:38,190 [ERROR] LogOutputStream:75 - [STDERR_REDIRECT] WARNING: Couldn't flush system prefs: java.util.prefs.BackingStoreException: Couldn't get file lock.
2024-03-27 23:52:38,190 [ERROR] LogOutputStream:75 - [STDERR_REDIRECT] 
2024-03-27 23:53:08,187 [ERROR] LogOutputStream:75 - [STDERR_REDIRECT] Mar 27, 2024 11:53:08 PM java.util.prefs.FileSystemPreferences checkLockFile0ErrorCode
2024-03-27 23:53:08,189 [ERROR] LogOutputStream:75 - [STDERR_REDIRECT] WARNING: Could not lock System prefs. Unix error code 28987.
2024-03-27 23:53:08,189 [ERROR] LogOutputStream:75 - [STDERR_REDIRECT] 
2024-03-27 23:53:08,191 [ERROR] LogOutputStream:75 - [STDERR_REDIRECT] Mar 27, 2024 11:53:08 PM java.util.prefs.FileSystemPreferences syncWorld
2024-03-27 23:53:08,193 [ERROR] LogOutputStream:75 - [STDERR_REDIRECT] WARNING: Couldn't flush system prefs: java.util.prefs.BackingStoreException: Couldn't get file lock.
2024-03-27 23:53:08,194 [ERROR] LogOutputStream:75 - [STDERR_REDIRECT] 
2024-03-27 23:53:38,187 [ERROR] LogOutputStream:75 - [STDERR_REDIRECT] Mar 27, 2024 11:53:38 PM java.util.prefs.FileSystemPreferences checkLockFile0ErrorCode
2024-03-27 23:53:38,195 [ERROR] LogOutputStream:75 - [STDERR_REDIRECT] WARNING: Could not lock System prefs. Unix error code 28987.
2024-03-27 23:53:38,196 [ERROR] LogOutputStream:75 - [STDERR_REDIRECT] 
2024-03-27 23:53:38,198 [ERROR] LogOutputStream:75 - [STDERR_REDIRECT] Mar 27, 2024 11:53:38 PM java.util.prefs.FileSystemPreferences syncWorld
2024-03-27 23:53:38,199 [ERROR] LogOutputStream:75 - [STDERR_REDIRECT] WARNING: Couldn't flush system prefs: java.util.prefs.BackingStoreException: Couldn't get file lock.
2024-03-27 23:53:38,200 [ERROR] LogOutputStream:75 - [STDERR_REDIRECT] 
2024-03-27 23:54:08,186 [ERROR] LogOutputStream:75 - [STDERR_REDIRECT] Mar 27, 2024 11:54:08 PM java.util.prefs.FileSystemPreferences checkLockFile0ErrorCode
2024-03-27 23:54:08,187 [ERROR] LogOutputStream:75 - [STDERR_REDIRECT] WARNING: Could not lock System prefs. Unix error code 1147632643.
2024-03-27 23:54:08,187 [ERROR] LogOutputStream:75 - [STDERR_REDIRECT] 
2024-03-27 23:54:08,187 [ERROR] LogOutputStream:75 - [STDERR_REDIRECT] Mar 27, 2024 11:54:08 PM java.util.prefs.FileSystemPreferences syncWorld
2024-03-27 23:54:08,188 [ERROR] LogOutputStream:75 - [STDERR_REDIRECT] WARNING: Couldn't flush system prefs: java.util.prefs.BackingStoreException: Couldn't get file lock.
2024-03-27 23:54:08,188 [ERROR] LogOutputStream:75 - [STDERR_REDIRECT] 
2024-03-27 23:54:38,188 [ERROR] LogOutputStream:75 - [STDERR_REDIRECT] Mar 27, 2024 11:54:38 PM java.util.prefs.FileSystemPreferences checkLockFile0ErrorCode
2024-03-27 23:54:38,189 [ERROR] LogOutputStream:75 - [STDERR_REDIRECT] WARNING: Could not lock System prefs. Unix error code 1147632643.
2024-03-27 23:54:38,190 [ERROR] LogOutputStream:75 - [STDERR_REDIRECT] 
2024-03-27 23:54:38,192 [ERROR] LogOutputStream:75 - [STDERR_REDIRECT] Mar 27, 2024 11:54:38 PM java.util.prefs.FileSystemPreferences syncWorld
2024-03-27 23:54:38,194 [ERROR] LogOutputStream:75 - [STDERR_REDIRECT] WARNING: Couldn't flush system prefs: java.util.prefs.BackingStoreException: Couldn't get file lock.
2024-03-27 23:54:38,195 [ERROR] LogOutputStream:75 - [STDERR_REDIRECT] 
2024-03-27 23:55:08,188 [ERROR] LogOutputStream:75 - [STDERR_REDIRECT] Mar 27, 2024 11:55:08 PM java.util.prefs.FileSystemPreferences checkLockFile0ErrorCode
2024-03-27 23:55:08,188 [ERROR] LogOutputStream:75 - [STDERR_REDIRECT] WARNING: Could not lock System prefs. Unix error code 1147632643.
2024-03-27 23:55:08,189 [ERROR] LogOutputStream:75 - [STDERR_REDIRECT] 
2024-03-27 23:55:08,190 [ERROR] LogOutputStream:75 - [STDERR_REDIRECT] Mar 27, 2024 11:55:08 PM java.util.prefs.FileSystemPreferences syncWorld
2024-03-27 23:55:08,191 [ERROR] LogOutputStream:75 - [STDERR_REDIRECT] WARNING: Couldn't flush system prefs: java.util.prefs.BackingStoreException: Couldn't get file lock.
2024-03-27 23:55:08,191 [ERROR] LogOutputStream:75 - [STDERR_REDIRECT] 
2024-03-27 23:55:38,188 [ERROR] LogOutputStream:75 - [STDERR_REDIRECT] Mar 27, 2024 11:55:38 PM java.util.prefs.FileSystemPreferences checkLockFile0ErrorCode
2024-03-27 23:55:38,189 [ERROR] LogOutputStream:75 - [STDERR_REDIRECT] WARNING: Could not lock System prefs. Unix error code 1147632643.
2024-03-27 23:55:38,190 [ERROR] LogOutputStream:75 - [STDERR_REDIRECT] 
2024-03-27 23:55:38,192 [ERROR] LogOutputStream:75 - [STDERR_REDIRECT] Mar 27, 2024 11:55:38 PM java.util.prefs.FileSystemPreferences syncWorld
2024-03-27 23:55:38,193 [ERROR] LogOutputStream:75 - [STDERR_REDIRECT] WARNING: Couldn't flush system prefs: java.util.prefs.BackingStoreException: Couldn't get file lock.
2024-03-27 23:55:38,195 [ERROR] LogOutputStream:75 - [STDERR_REDIRECT] 
2024-03-27 23:56:08,186 [ERROR] LogOutputStream:75 - [STDERR_REDIRECT] Mar 27, 2024 11:56:08 PM java.util.prefs.FileSystemPreferences checkLockFile0ErrorCode
2024-03-27 23:56:08,187 [ERROR] LogOutputStream:75 - [STDERR_REDIRECT] WARNING: Could not lock System prefs. Unix error code 1147632643.
2024-03-27 23:56:08,187 [ERROR] LogOutputStream:75 - [STDERR_REDIRECT] 
2024-03-27 23:56:08,187 [ERROR] LogOutputStream:75 - [STDERR_REDIRECT] Mar 27, 2024 11:56:08 PM java.util.prefs.FileSystemPreferences syncWorld
2024-03-27 23:56:08,188 [ERROR] LogOutputStream:75 - [STDERR_REDIRECT] WARNING: Couldn't flush system prefs: java.util.prefs.BackingStoreException: Couldn't get file lock.
2024-03-27 23:56:08,188 [ERROR] LogOutputStream:75 - [STDERR_REDIRECT] 
2024-03-27 23:56:38,188 [ERROR] LogOutputStream:75 - [STDERR_REDIRECT] Mar 27, 2024 11:56:38 PM java.util.prefs.FileSystemPreferences checkLockFile0ErrorCode
2024-03-27 23:56:38,189 [ERROR] LogOutputStream:75 - [STDERR_REDIRECT] WARNING: Could not lock System prefs. Unix error code 1147632643.
2024-03-27 23:56:38,190 [ERROR] LogOutputStream:75 - [STDERR_REDIRECT] 
2024-03-27 23:56:38,195 [ERROR] LogOutputStream:75 - [STDERR_REDIRECT] Mar 27, 2024 11:56:38 PM java.util.prefs.FileSystemPreferences syncWorld
2024-03-27 23:56:38,196 [ERROR] LogOutputStream:75 - [STDERR_REDIRECT] WARNING: Couldn't flush system prefs: java.util.prefs.BackingStoreException: Couldn't get file lock.
2024-03-27 23:56:38,197 [ERROR] LogOutputStream:75 - [STDERR_REDIRECT] 
2024-03-27 23:57:08,194 [ERROR] LogOutputStream:75 - [STDERR_REDIRECT] Mar 27, 2024 11:57:08 PM java.util.prefs.FileSystemPreferences checkLockFile0ErrorCode
2024-03-27 23:57:08,198 [ERROR] LogOutputStream:75 - [STDERR_REDIRECT] WARNING: Could not lock System prefs. Unix error code 1147632643.
2024-03-27 23:57:08,200 [ERROR] LogOutputStream:75 - [STDERR_REDIRECT] 
2024-03-27 23:57:08,205 [ERROR] LogOutputStream:75 - [STDERR_REDIRECT] Mar 27, 2024 11:57:08 PM java.util.prefs.FileSystemPreferences syncWorld
2024-03-27 23:57:08,206 [ERROR] LogOutputStream:75 - [STDERR_REDIRECT] WARNING: Couldn't flush system prefs: java.util.prefs.BackingStoreException: Couldn't get file lock.
2024-03-27 23:57:08,211 [ERROR] LogOutputStream:75 - [STDERR_REDIRECT] 
2024-03-27 23:57:38,190 [ERROR] LogOutputStream:75 - [STDERR_REDIRECT] Mar 27, 2024 11:57:38 PM java.util.prefs.FileSystemPreferences checkLockFile0ErrorCode
2024-03-27 23:57:38,191 [ERROR] LogOutputStream:75 - [STDERR_REDIRECT] WARNING: Could not lock System prefs. Unix error code 1147632643.
2024-03-27 23:57:38,191 [ERROR] LogOutputStream:75 - [STDERR_REDIRECT] 
2024-03-27 23:57:38,194 [ERROR] LogOutputStream:75 - [STDERR_REDIRECT] Mar 27, 2024 11:57:38 PM java.util.prefs.FileSystemPreferences syncWorld
2024-03-27 23:57:38,196 [ERROR] LogOutputStream:75 - [STDERR_REDIRECT] WARNING: Couldn't flush system prefs: java.util.prefs.BackingStoreException: Couldn't get file lock.
2024-03-27 23:57:38,196 [ERROR] LogOutputStream:75 - [STDERR_REDIRECT] 
2024-03-27 23:58:08,189 [ERROR] LogOutputStream:75 - [STDERR_REDIRECT] Mar 27, 2024 11:58:08 PM java.util.prefs.FileSystemPreferences checkLockFile0ErrorCode
2024-03-27 23:58:08,190 [ERROR] LogOutputStream:75 - [STDERR_REDIRECT] WARNING: Could not lock System prefs. Unix error code 1147632643.
2024-03-27 23:58:08,190 [ERROR] LogOutputStream:75 - [STDERR_REDIRECT] 
2024-03-27 23:58:08,191 [ERROR] LogOutputStream:75 - [STDERR_REDIRECT] Mar 27, 2024 11:58:08 PM java.util.prefs.FileSystemPreferences syncWorld
2024-03-27 23:58:08,192 [ERROR] LogOutputStream:75 - [STDERR_REDIRECT] WARNING: Couldn't flush system prefs: java.util.prefs.BackingStoreException: Couldn't get file lock.
2024-03-27 23:58:08,192 [ERROR] LogOutputStream:75 - [STDERR_REDIRECT] 
2024-03-27 23:58:38,189 [ERROR] LogOutputStream:75 - [STDERR_REDIRECT] Mar 27, 2024 11:58:38 PM java.util.prefs.FileSystemPreferences checkLockFile0ErrorCode
2024-03-27 23:58:38,191 [ERROR] LogOutputStream:75 - [STDERR_REDIRECT] WARNING: Could not lock System prefs. Unix error code 1147632643.
2024-03-27 23:58:38,192 [ERROR] LogOutputStream:75 - [STDERR_REDIRECT] 
2024-03-27 23:58:38,194 [ERROR] LogOutputStream:75 - [STDERR_REDIRECT] Mar 27, 2024 11:58:38 PM java.util.prefs.FileSystemPreferences syncWorld
2024-03-27 23:58:38,195 [ERROR] LogOutputStream:75 - [STDERR_REDIRECT] WARNING: Couldn't flush system prefs: java.util.prefs.BackingStoreException: Couldn't get file lock.
2024-03-27 23:58:38,196 [ERROR] LogOutputStream:75 - [STDERR_REDIRECT] 
2024-03-27 23:59:08,190 [ERROR] LogOutputStream:75 - [STDERR_REDIRECT] Mar 27, 2024 11:59:08 PM java.util.prefs.FileSystemPreferences checkLockFile0ErrorCode
2024-03-27 23:59:08,192 [ERROR] LogOutputStream:75 - [STDERR_REDIRECT] WARNING: Could not lock System prefs. Unix error code 1147632643.
2024-03-27 23:59:08,193 [ERROR] LogOutputStream:75 - [STDERR_REDIRECT] 
2024-03-27 23:59:08,195 [ERROR] LogOutputStream:75 - [STDERR_REDIRECT] Mar 27, 2024 11:59:08 PM java.util.prefs.FileSystemPreferences syncWorld
2024-03-27 23:59:08,195 [ERROR] LogOutputStream:75 - [STDERR_REDIRECT] WARNING: Couldn't flush system prefs: java.util.prefs.BackingStoreException: Couldn't get file lock.
2024-03-27 23:59:08,196 [ERROR] LogOutputStream:75 - [STDERR_REDIRECT] 
2024-03-27 23:59:38,191 [ERROR] LogOutputStream:75 - [STDERR_REDIRECT] Mar 27, 2024 11:59:38 PM java.util.prefs.FileSystemPreferences checkLockFile0ErrorCode
2024-03-27 23:59:38,192 [ERROR] LogOutputStream:75 - [STDERR_REDIRECT] WARNING: Could not lock System prefs. Unix error code 1147632643.
2024-03-27 23:59:38,193 [ERROR] LogOutputStream:75 - [STDERR_REDIRECT] 
2024-03-27 23:59:38,194 [ERROR] LogOutputStream:75 - [STDERR_REDIRECT] Mar 27, 2024 11:59:38 PM java.util.prefs.FileSystemPreferences syncWorld
2024-03-27 23:59:38,195 [ERROR] LogOutputStream:75 - [STDERR_REDIRECT] WARNING: Couldn't flush system prefs: java.util.prefs.BackingStoreException: Couldn't get file lock.
2024-03-27 23:59:38,196 [ERROR] LogOutputStream:75 - [STDERR_REDIRECT] 
