2024-03-28 00:00:08,192 [ERROR] LogOutputStream:75 - [STDERR_REDIRECT] Mar 28, 2024 12:00:08 AM java.util.prefs.FileSystemPreferences checkLockFile0ErrorCode
2024-03-28 00:00:08,221 [ERROR] LogOutputStream:75 - [STDERR_REDIRECT] WARNING: Could not lock System prefs. Unix error code 1147632643.
2024-03-28 00:00:08,222 [ERROR] LogOutputStream:75 - [STDERR_REDIRECT] 
2024-03-28 00:00:08,226 [ERROR] LogOutputStream:75 - [STDERR_REDIRECT] Mar 28, 2024 12:00:08 AM java.util.prefs.FileSystemPreferences syncWorld
2024-03-28 00:00:08,227 [ERROR] LogOutputStream:75 - [STDERR_REDIRECT] WARNING: Couldn't flush system prefs: java.util.prefs.BackingStoreException: Couldn't get file lock.
2024-03-28 00:00:08,228 [ERROR] LogOutputStream:75 - [STDERR_REDIRECT] 
2024-03-28 00:00:38,189 [ERROR] LogOutputStream:75 - [STDERR_REDIRECT] Mar 28, 2024 12:00:38 AM java.util.prefs.FileSystemPreferences checkLockFile0ErrorCode
2024-03-28 00:00:38,191 [ERROR] LogOutputStream:75 - [STDERR_REDIRECT] WARNING: Could not lock System prefs. Unix error code 1147632643.
2024-03-28 00:00:38,192 [ERROR] LogOutputStream:75 - [STDERR_REDIRECT] 
2024-03-28 00:00:38,194 [ERROR] LogOutputStream:75 - [STDERR_REDIRECT] Mar 28, 2024 12:00:38 AM java.util.prefs.FileSystemPreferences syncWorld
2024-03-28 00:00:38,195 [ERROR] LogOutputStream:75 - [STDERR_REDIRECT] WARNING: Couldn't flush system prefs: java.util.prefs.BackingStoreException: Couldn't get file lock.
2024-03-28 00:00:38,195 [ERROR] LogOutputStream:75 - [STDERR_REDIRECT] 
2024-03-28 00:01:08,190 [ERROR] LogOutputStream:75 - [STDERR_REDIRECT] Mar 28, 2024 12:01:08 AM java.util.prefs.FileSystemPreferences checkLockFile0ErrorCode
2024-03-28 00:01:08,191 [ERROR] LogOutputStream:75 - [STDERR_REDIRECT] WARNING: Could not lock System prefs. Unix error code 1147632643.
2024-03-28 00:01:08,191 [ERROR] LogOutputStream:75 - [STDERR_REDIRECT] 
2024-03-28 00:01:08,193 [ERROR] LogOutputStream:75 - [STDERR_REDIRECT] Mar 28, 2024 12:01:08 AM java.util.prefs.FileSystemPreferences syncWorld
2024-03-28 00:01:08,193 [ERROR] LogOutputStream:75 - [STDERR_REDIRECT] WARNING: Couldn't flush system prefs: java.util.prefs.BackingStoreException: Couldn't get file lock.
2024-03-28 00:01:08,194 [ERROR] LogOutputStream:75 - [STDERR_REDIRECT] 
2024-03-28 00:01:38,190 [ERROR] LogOutputStream:75 - [STDERR_REDIRECT] Mar 28, 2024 12:01:38 AM java.util.prefs.FileSystemPreferences checkLockFile0ErrorCode
2024-03-28 00:01:38,191 [ERROR] LogOutputStream:75 - [STDERR_REDIRECT] WARNING: Could not lock System prefs. Unix error code 1147632643.
2024-03-28 00:01:38,192 [ERROR] LogOutputStream:75 - [STDERR_REDIRECT] 
2024-03-28 00:01:38,193 [ERROR] LogOutputStream:75 - [STDERR_REDIRECT] Mar 28, 2024 12:01:38 AM java.util.prefs.FileSystemPreferences syncWorld
2024-03-28 00:01:38,194 [ERROR] LogOutputStream:75 - [STDERR_REDIRECT] WARNING: Couldn't flush system prefs: java.util.prefs.BackingStoreException: Couldn't get file lock.
2024-03-28 00:01:38,195 [ERROR] LogOutputStream:75 - [STDERR_REDIRECT] 
2024-03-28 00:02:08,190 [ERROR] LogOutputStream:75 - [STDERR_REDIRECT] Mar 28, 2024 12:02:08 AM java.util.prefs.FileSystemPreferences checkLockFile0ErrorCode
2024-03-28 00:02:08,191 [ERROR] LogOutputStream:75 - [STDERR_REDIRECT] WARNING: Could not lock System prefs. Unix error code 1147632643.
2024-03-28 00:02:08,192 [ERROR] LogOutputStream:75 - [STDERR_REDIRECT] 
2024-03-28 00:02:08,194 [ERROR] LogOutputStream:75 - [STDERR_REDIRECT] Mar 28, 2024 12:02:08 AM java.util.prefs.FileSystemPreferences syncWorld
2024-03-28 00:02:08,195 [ERROR] LogOutputStream:75 - [STDERR_REDIRECT] WARNING: Couldn't flush system prefs: java.util.prefs.BackingStoreException: Couldn't get file lock.
2024-03-28 00:02:08,195 [ERROR] LogOutputStream:75 - [STDERR_REDIRECT] 
2024-03-28 00:02:38,188 [ERROR] LogOutputStream:75 - [STDERR_REDIRECT] Mar 28, 2024 12:02:38 AM java.util.prefs.FileSystemPreferences checkLockFile0ErrorCode
2024-03-28 00:02:38,189 [ERROR] LogOutputStream:75 - [STDERR_REDIRECT] WARNING: Could not lock System prefs. Unix error code 1147632643.
2024-03-28 00:02:38,189 [ERROR] LogOutputStream:75 - [STDERR_REDIRECT] 
2024-03-28 00:02:38,190 [ERROR] LogOutputStream:75 - [STDERR_REDIRECT] Mar 28, 2024 12:02:38 AM java.util.prefs.FileSystemPreferences syncWorld
2024-03-28 00:02:38,190 [ERROR] LogOutputStream:75 - [STDERR_REDIRECT] WARNING: Couldn't flush system prefs: java.util.prefs.BackingStoreException: Couldn't get file lock.
2024-03-28 00:02:38,191 [ERROR] LogOutputStream:75 - [STDERR_REDIRECT] 
2024-03-28 00:03:08,190 [ERROR] LogOutputStream:75 - [STDERR_REDIRECT] Mar 28, 2024 12:03:08 AM java.util.prefs.FileSystemPreferences checkLockFile0ErrorCode
2024-03-28 00:03:08,191 [ERROR] LogOutputStream:75 - [STDERR_REDIRECT] WARNING: Could not lock System prefs. Unix error code 1147632643.
2024-03-28 00:03:08,192 [ERROR] LogOutputStream:75 - [STDERR_REDIRECT] 
2024-03-28 00:03:08,193 [ERROR] LogOutputStream:75 - [STDERR_REDIRECT] Mar 28, 2024 12:03:08 AM java.util.prefs.FileSystemPreferences syncWorld
2024-03-28 00:03:08,194 [ERROR] LogOutputStream:75 - [STDERR_REDIRECT] WARNING: Couldn't flush system prefs: java.util.prefs.BackingStoreException: Couldn't get file lock.
2024-03-28 00:03:08,195 [ERROR] LogOutputStream:75 - [STDERR_REDIRECT] 
2024-03-28 00:03:38,189 [ERROR] LogOutputStream:75 - [STDERR_REDIRECT] Mar 28, 2024 12:03:38 AM java.util.prefs.FileSystemPreferences checkLockFile0ErrorCode
2024-03-28 00:03:38,190 [ERROR] LogOutputStream:75 - [STDERR_REDIRECT] WARNING: Could not lock System prefs. Unix error code 1147632643.
2024-03-28 00:03:38,191 [ERROR] LogOutputStream:75 - [STDERR_REDIRECT] 
2024-03-28 00:03:38,193 [ERROR] LogOutputStream:75 - [STDERR_REDIRECT] Mar 28, 2024 12:03:38 AM java.util.prefs.FileSystemPreferences syncWorld
2024-03-28 00:03:38,194 [ERROR] LogOutputStream:75 - [STDERR_REDIRECT] WARNING: Couldn't flush system prefs: java.util.prefs.BackingStoreException: Couldn't get file lock.
2024-03-28 00:03:38,195 [ERROR] LogOutputStream:75 - [STDERR_REDIRECT] 
2024-03-28 00:04:08,191 [ERROR] LogOutputStream:75 - [STDERR_REDIRECT] Mar 28, 2024 12:04:08 AM java.util.prefs.FileSystemPreferences checkLockFile0ErrorCode
2024-03-28 00:04:08,193 [ERROR] LogOutputStream:75 - [STDERR_REDIRECT] WARNING: Could not lock System prefs. Unix error code 1147632643.
2024-03-28 00:04:08,194 [ERROR] LogOutputStream:75 - [STDERR_REDIRECT] 
2024-03-28 00:04:08,196 [ERROR] LogOutputStream:75 - [STDERR_REDIRECT] Mar 28, 2024 12:04:08 AM java.util.prefs.FileSystemPreferences syncWorld
2024-03-28 00:04:08,197 [ERROR] LogOutputStream:75 - [STDERR_REDIRECT] WARNING: Couldn't flush system prefs: java.util.prefs.BackingStoreException: Couldn't get file lock.
2024-03-28 00:04:08,198 [ERROR] LogOutputStream:75 - [STDERR_REDIRECT] 
2024-03-28 00:04:38,192 [ERROR] LogOutputStream:75 - [STDERR_REDIRECT] Mar 28, 2024 12:04:38 AM java.util.prefs.FileSystemPreferences checkLockFile0ErrorCode
2024-03-28 00:04:38,193 [ERROR] LogOutputStream:75 - [STDERR_REDIRECT] WARNING: Could not lock System prefs. Unix error code 1147632643.
2024-03-28 00:04:38,193 [ERROR] LogOutputStream:75 - [STDERR_REDIRECT] 
2024-03-28 00:04:38,196 [ERROR] LogOutputStream:75 - [STDERR_REDIRECT] Mar 28, 2024 12:04:38 AM java.util.prefs.FileSystemPreferences syncWorld
2024-03-28 00:04:38,197 [ERROR] LogOutputStream:75 - [STDERR_REDIRECT] WARNING: Couldn't flush system prefs: java.util.prefs.BackingStoreException: Couldn't get file lock.
2024-03-28 00:04:38,198 [ERROR] LogOutputStream:75 - [STDERR_REDIRECT] 
2024-03-28 00:05:08,190 [ERROR] LogOutputStream:75 - [STDERR_REDIRECT] Mar 28, 2024 12:05:08 AM java.util.prefs.FileSystemPreferences checkLockFile0ErrorCode
2024-03-28 00:05:08,192 [ERROR] LogOutputStream:75 - [STDERR_REDIRECT] WARNING: Could not lock System prefs. Unix error code 1147632643.
2024-03-28 00:05:08,193 [ERROR] LogOutputStream:75 - [STDERR_REDIRECT] 
2024-03-28 00:05:08,194 [ERROR] LogOutputStream:75 - [STDERR_REDIRECT] Mar 28, 2024 12:05:08 AM java.util.prefs.FileSystemPreferences syncWorld
2024-03-28 00:05:08,195 [ERROR] LogOutputStream:75 - [STDERR_REDIRECT] WARNING: Couldn't flush system prefs: java.util.prefs.BackingStoreException: Couldn't get file lock.
2024-03-28 00:05:08,196 [ERROR] LogOutputStream:75 - [STDERR_REDIRECT] 
2024-03-28 00:05:38,195 [ERROR] LogOutputStream:75 - [STDERR_REDIRECT] Mar 28, 2024 12:05:38 AM java.util.prefs.FileSystemPreferences checkLockFile0ErrorCode
2024-03-28 00:05:38,197 [ERROR] LogOutputStream:75 - [STDERR_REDIRECT] WARNING: Could not lock System prefs. Unix error code 1147632643.
2024-03-28 00:05:38,198 [ERROR] LogOutputStream:75 - [STDERR_REDIRECT] 
2024-03-28 00:05:38,199 [ERROR] LogOutputStream:75 - [STDERR_REDIRECT] Mar 28, 2024 12:05:38 AM java.util.prefs.FileSystemPreferences syncWorld
2024-03-28 00:05:38,200 [ERROR] LogOutputStream:75 - [STDERR_REDIRECT] WARNING: Couldn't flush system prefs: java.util.prefs.BackingStoreException: Couldn't get file lock.
2024-03-28 00:05:38,200 [ERROR] LogOutputStream:75 - [STDERR_REDIRECT] 
2024-03-28 00:06:08,189 [ERROR] LogOutputStream:75 - [STDERR_REDIRECT] Mar 28, 2024 12:06:08 AM java.util.prefs.FileSystemPreferences checkLockFile0ErrorCode
2024-03-28 00:06:08,190 [ERROR] LogOutputStream:75 - [STDERR_REDIRECT] WARNING: Could not lock System prefs. Unix error code 1147632643.
2024-03-28 00:06:08,191 [ERROR] LogOutputStream:75 - [STDERR_REDIRECT] 
2024-03-28 00:06:08,192 [ERROR] LogOutputStream:75 - [STDERR_REDIRECT] Mar 28, 2024 12:06:08 AM java.util.prefs.FileSystemPreferences syncWorld
2024-03-28 00:06:08,192 [ERROR] LogOutputStream:75 - [STDERR_REDIRECT] WARNING: Couldn't flush system prefs: java.util.prefs.BackingStoreException: Couldn't get file lock.
2024-03-28 00:06:08,193 [ERROR] LogOutputStream:75 - [STDERR_REDIRECT] 
2024-03-28 00:06:38,199 [ERROR] LogOutputStream:75 - [STDERR_REDIRECT] Mar 28, 2024 12:06:38 AM java.util.prefs.FileSystemPreferences checkLockFile0ErrorCode
2024-03-28 00:06:38,200 [ERROR] LogOutputStream:75 - [STDERR_REDIRECT] WARNING: Could not lock System prefs. Unix error code 1147632643.
2024-03-28 00:06:38,201 [ERROR] LogOutputStream:75 - [STDERR_REDIRECT] 
2024-03-28 00:06:38,203 [ERROR] LogOutputStream:75 - [STDERR_REDIRECT] Mar 28, 2024 12:06:38 AM java.util.prefs.FileSystemPreferences syncWorld
2024-03-28 00:06:38,204 [ERROR] LogOutputStream:75 - [STDERR_REDIRECT] WARNING: Couldn't flush system prefs: java.util.prefs.BackingStoreException: Couldn't get file lock.
2024-03-28 00:06:38,204 [ERROR] LogOutputStream:75 - [STDERR_REDIRECT] 
2024-03-28 00:07:08,192 [ERROR] LogOutputStream:75 - [STDERR_REDIRECT] Mar 28, 2024 12:07:08 AM java.util.prefs.FileSystemPreferences checkLockFile0ErrorCode
2024-03-28 00:07:08,194 [ERROR] LogOutputStream:75 - [STDERR_REDIRECT] WARNING: Could not lock System prefs. Unix error code 1147632643.
2024-03-28 00:07:08,195 [ERROR] LogOutputStream:75 - [STDERR_REDIRECT] 
2024-03-28 00:07:08,196 [ERROR] LogOutputStream:75 - [STDERR_REDIRECT] Mar 28, 2024 12:07:08 AM java.util.prefs.FileSystemPreferences syncWorld
2024-03-28 00:07:08,197 [ERROR] LogOutputStream:75 - [STDERR_REDIRECT] WARNING: Couldn't flush system prefs: java.util.prefs.BackingStoreException: Couldn't get file lock.
2024-03-28 00:07:08,198 [ERROR] LogOutputStream:75 - [STDERR_REDIRECT] 
2024-03-28 00:07:38,192 [ERROR] LogOutputStream:75 - [STDERR_REDIRECT] Mar 28, 2024 12:07:38 AM java.util.prefs.FileSystemPreferences checkLockFile0ErrorCode
2024-03-28 00:07:38,193 [ERROR] LogOutputStream:75 - [STDERR_REDIRECT] WARNING: Could not lock System prefs. Unix error code 1147632643.
2024-03-28 00:07:38,194 [ERROR] LogOutputStream:75 - [STDERR_REDIRECT] 
2024-03-28 00:07:38,197 [ERROR] LogOutputStream:75 - [STDERR_REDIRECT] Mar 28, 2024 12:07:38 AM java.util.prefs.FileSystemPreferences syncWorld
2024-03-28 00:07:38,197 [ERROR] LogOutputStream:75 - [STDERR_REDIRECT] WARNING: Couldn't flush system prefs: java.util.prefs.BackingStoreException: Couldn't get file lock.
2024-03-28 00:07:38,198 [ERROR] LogOutputStream:75 - [STDERR_REDIRECT] 
2024-03-28 00:08:08,193 [ERROR] LogOutputStream:75 - [STDERR_REDIRECT] Mar 28, 2024 12:08:08 AM java.util.prefs.FileSystemPreferences checkLockFile0ErrorCode
2024-03-28 00:08:08,194 [ERROR] LogOutputStream:75 - [STDERR_REDIRECT] WARNING: Could not lock System prefs. Unix error code 1147632643.
2024-03-28 00:08:08,195 [ERROR] LogOutputStream:75 - [STDERR_REDIRECT] 
2024-03-28 00:08:08,197 [ERROR] LogOutputStream:75 - [STDERR_REDIRECT] Mar 28, 2024 12:08:08 AM java.util.prefs.FileSystemPreferences syncWorld
2024-03-28 00:08:08,197 [ERROR] LogOutputStream:75 - [STDERR_REDIRECT] WARNING: Couldn't flush system prefs: java.util.prefs.BackingStoreException: Couldn't get file lock.
2024-03-28 00:08:08,198 [ERROR] LogOutputStream:75 - [STDERR_REDIRECT] 
2024-03-28 00:08:38,193 [ERROR] LogOutputStream:75 - [STDERR_REDIRECT] Mar 28, 2024 12:08:38 AM java.util.prefs.FileSystemPreferences checkLockFile0ErrorCode
2024-03-28 00:08:38,193 [ERROR] LogOutputStream:75 - [STDERR_REDIRECT] WARNING: Could not lock System prefs. Unix error code 1147632643.
2024-03-28 00:08:38,194 [ERROR] LogOutputStream:75 - [STDERR_REDIRECT] 
2024-03-28 00:08:38,196 [ERROR] LogOutputStream:75 - [STDERR_REDIRECT] Mar 28, 2024 12:08:38 AM java.util.prefs.FileSystemPreferences syncWorld
2024-03-28 00:08:38,196 [ERROR] LogOutputStream:75 - [STDERR_REDIRECT] WARNING: Couldn't flush system prefs: java.util.prefs.BackingStoreException: Couldn't get file lock.
2024-03-28 00:08:38,197 [ERROR] LogOutputStream:75 - [STDERR_REDIRECT] 
2024-03-28 00:09:08,192 [ERROR] LogOutputStream:75 - [STDERR_REDIRECT] Mar 28, 2024 12:09:08 AM java.util.prefs.FileSystemPreferences checkLockFile0ErrorCode
2024-03-28 00:09:08,192 [ERROR] LogOutputStream:75 - [STDERR_REDIRECT] WARNING: Could not lock System prefs. Unix error code 1147632643.
2024-03-28 00:09:08,193 [ERROR] LogOutputStream:75 - [STDERR_REDIRECT] 
2024-03-28 00:09:08,194 [ERROR] LogOutputStream:75 - [STDERR_REDIRECT] Mar 28, 2024 12:09:08 AM java.util.prefs.FileSystemPreferences syncWorld
2024-03-28 00:09:08,195 [ERROR] LogOutputStream:75 - [STDERR_REDIRECT] WARNING: Couldn't flush system prefs: java.util.prefs.BackingStoreException: Couldn't get file lock.
2024-03-28 00:09:08,195 [ERROR] LogOutputStream:75 - [STDERR_REDIRECT] 
2024-03-28 00:09:38,196 [ERROR] LogOutputStream:75 - [STDERR_REDIRECT] Mar 28, 2024 12:09:38 AM java.util.prefs.FileSystemPreferences checkLockFile0ErrorCode
2024-03-28 00:09:38,199 [ERROR] LogOutputStream:75 - [STDERR_REDIRECT] WARNING: Could not lock System prefs. Unix error code 1147632643.
2024-03-28 00:09:38,200 [ERROR] LogOutputStream:75 - [STDERR_REDIRECT] 
2024-03-28 00:09:38,201 [ERROR] LogOutputStream:75 - [STDERR_REDIRECT] Mar 28, 2024 12:09:38 AM java.util.prefs.FileSystemPreferences syncWorld
2024-03-28 00:09:38,203 [ERROR] LogOutputStream:75 - [STDERR_REDIRECT] WARNING: Couldn't flush system prefs: java.util.prefs.BackingStoreException: Couldn't get file lock.
2024-03-28 00:09:38,203 [ERROR] LogOutputStream:75 - [STDERR_REDIRECT] 
2024-03-28 00:10:08,192 [ERROR] LogOutputStream:75 - [STDERR_REDIRECT] Mar 28, 2024 12:10:08 AM java.util.prefs.FileSystemPreferences checkLockFile0ErrorCode
2024-03-28 00:10:08,193 [ERROR] LogOutputStream:75 - [STDERR_REDIRECT] WARNING: Could not lock System prefs. Unix error code 1147632643.
2024-03-28 00:10:08,193 [ERROR] LogOutputStream:75 - [STDERR_REDIRECT] 
2024-03-28 00:10:08,194 [ERROR] LogOutputStream:75 - [STDERR_REDIRECT] Mar 28, 2024 12:10:08 AM java.util.prefs.FileSystemPreferences syncWorld
2024-03-28 00:10:08,195 [ERROR] LogOutputStream:75 - [STDERR_REDIRECT] WARNING: Couldn't flush system prefs: java.util.prefs.BackingStoreException: Couldn't get file lock.
2024-03-28 00:10:08,196 [ERROR] LogOutputStream:75 - [STDERR_REDIRECT] 
2024-03-28 00:10:38,192 [ERROR] LogOutputStream:75 - [STDERR_REDIRECT] Mar 28, 2024 12:10:38 AM java.util.prefs.FileSystemPreferences checkLockFile0ErrorCode
2024-03-28 00:10:38,193 [ERROR] LogOutputStream:75 - [STDERR_REDIRECT] WARNING: Could not lock System prefs. Unix error code 1147632643.
2024-03-28 00:10:38,193 [ERROR] LogOutputStream:75 - [STDERR_REDIRECT] 
2024-03-28 00:10:38,194 [ERROR] LogOutputStream:75 - [STDERR_REDIRECT] Mar 28, 2024 12:10:38 AM java.util.prefs.FileSystemPreferences syncWorld
2024-03-28 00:10:38,195 [ERROR] LogOutputStream:75 - [STDERR_REDIRECT] WARNING: Couldn't flush system prefs: java.util.prefs.BackingStoreException: Couldn't get file lock.
2024-03-28 00:10:38,196 [ERROR] LogOutputStream:75 - [STDERR_REDIRECT] 
2024-03-28 00:11:08,189 [ERROR] LogOutputStream:75 - [STDERR_REDIRECT] Mar 28, 2024 12:11:08 AM java.util.prefs.FileSystemPreferences checkLockFile0ErrorCode
2024-03-28 00:11:08,189 [ERROR] LogOutputStream:75 - [STDERR_REDIRECT] WARNING: Could not lock System prefs. Unix error code 1147632643.
2024-03-28 00:11:08,189 [ERROR] LogOutputStream:75 - [STDERR_REDIRECT] 
2024-03-28 00:11:08,190 [ERROR] LogOutputStream:75 - [STDERR_REDIRECT] Mar 28, 2024 12:11:08 AM java.util.prefs.FileSystemPreferences syncWorld
2024-03-28 00:11:08,190 [ERROR] LogOutputStream:75 - [STDERR_REDIRECT] WARNING: Couldn't flush system prefs: java.util.prefs.BackingStoreException: Couldn't get file lock.
2024-03-28 00:11:08,190 [ERROR] LogOutputStream:75 - [STDERR_REDIRECT] 
2024-03-28 00:11:38,192 [ERROR] LogOutputStream:75 - [STDERR_REDIRECT] Mar 28, 2024 12:11:38 AM java.util.prefs.FileSystemPreferences checkLockFile0ErrorCode
2024-03-28 00:11:38,192 [ERROR] LogOutputStream:75 - [STDERR_REDIRECT] WARNING: Could not lock System prefs. Unix error code 1147632643.
2024-03-28 00:11:38,193 [ERROR] LogOutputStream:75 - [STDERR_REDIRECT] 
2024-03-28 00:11:38,193 [ERROR] LogOutputStream:75 - [STDERR_REDIRECT] Mar 28, 2024 12:11:38 AM java.util.prefs.FileSystemPreferences syncWorld
2024-03-28 00:11:38,194 [ERROR] LogOutputStream:75 - [STDERR_REDIRECT] WARNING: Couldn't flush system prefs: java.util.prefs.BackingStoreException: Couldn't get file lock.
2024-03-28 00:11:38,194 [ERROR] LogOutputStream:75 - [STDERR_REDIRECT] 
2024-03-28 00:12:08,205 [ERROR] LogOutputStream:75 - [STDERR_REDIRECT] Mar 28, 2024 12:12:08 AM java.util.prefs.FileSystemPreferences checkLockFile0ErrorCode
2024-03-28 00:12:08,206 [ERROR] LogOutputStream:75 - [STDERR_REDIRECT] WARNING: Could not lock System prefs. Unix error code 1147632643.
2024-03-28 00:12:08,207 [ERROR] LogOutputStream:75 - [STDERR_REDIRECT] 
2024-03-28 00:12:08,208 [ERROR] LogOutputStream:75 - [STDERR_REDIRECT] Mar 28, 2024 12:12:08 AM java.util.prefs.FileSystemPreferences syncWorld
2024-03-28 00:12:08,209 [ERROR] LogOutputStream:75 - [STDERR_REDIRECT] WARNING: Couldn't flush system prefs: java.util.prefs.BackingStoreException: Couldn't get file lock.
2024-03-28 00:12:08,209 [ERROR] LogOutputStream:75 - [STDERR_REDIRECT] 
2024-03-28 00:12:38,200 [ERROR] LogOutputStream:75 - [STDERR_REDIRECT] Mar 28, 2024 12:12:38 AM java.util.prefs.FileSystemPreferences checkLockFile0ErrorCode
2024-03-28 00:12:38,201 [ERROR] LogOutputStream:75 - [STDERR_REDIRECT] WARNING: Could not lock System prefs. Unix error code 1147632643.
2024-03-28 00:12:38,202 [ERROR] LogOutputStream:75 - [STDERR_REDIRECT] 
2024-03-28 00:12:38,203 [ERROR] LogOutputStream:75 - [STDERR_REDIRECT] Mar 28, 2024 12:12:38 AM java.util.prefs.FileSystemPreferences syncWorld
2024-03-28 00:12:38,204 [ERROR] LogOutputStream:75 - [STDERR_REDIRECT] WARNING: Couldn't flush system prefs: java.util.prefs.BackingStoreException: Couldn't get file lock.
2024-03-28 00:12:38,205 [ERROR] LogOutputStream:75 - [STDERR_REDIRECT] 
2024-03-28 00:13:08,192 [ERROR] LogOutputStream:75 - [STDERR_REDIRECT] Mar 28, 2024 12:13:08 AM java.util.prefs.FileSystemPreferences checkLockFile0ErrorCode
2024-03-28 00:13:08,193 [ERROR] LogOutputStream:75 - [STDERR_REDIRECT] WARNING: Could not lock System prefs. Unix error code 1147632643.
2024-03-28 00:13:08,195 [ERROR] LogOutputStream:75 - [STDERR_REDIRECT] 
2024-03-28 00:13:08,197 [ERROR] LogOutputStream:75 - [STDERR_REDIRECT] Mar 28, 2024 12:13:08 AM java.util.prefs.FileSystemPreferences syncWorld
2024-03-28 00:13:08,198 [ERROR] LogOutputStream:75 - [STDERR_REDIRECT] WARNING: Couldn't flush system prefs: java.util.prefs.BackingStoreException: Couldn't get file lock.
2024-03-28 00:13:08,198 [ERROR] LogOutputStream:75 - [STDERR_REDIRECT] 
2024-03-28 00:13:38,193 [ERROR] LogOutputStream:75 - [STDERR_REDIRECT] Mar 28, 2024 12:13:38 AM java.util.prefs.FileSystemPreferences checkLockFile0ErrorCode
2024-03-28 00:13:38,194 [ERROR] LogOutputStream:75 - [STDERR_REDIRECT] WARNING: Could not lock System prefs. Unix error code 1147632643.
2024-03-28 00:13:38,195 [ERROR] LogOutputStream:75 - [STDERR_REDIRECT] 
2024-03-28 00:13:38,196 [ERROR] LogOutputStream:75 - [STDERR_REDIRECT] Mar 28, 2024 12:13:38 AM java.util.prefs.FileSystemPreferences syncWorld
2024-03-28 00:13:38,198 [ERROR] LogOutputStream:75 - [STDERR_REDIRECT] WARNING: Couldn't flush system prefs: java.util.prefs.BackingStoreException: Couldn't get file lock.
2024-03-28 00:13:38,199 [ERROR] LogOutputStream:75 - [STDERR_REDIRECT] 
2024-03-28 00:14:08,191 [ERROR] LogOutputStream:75 - [STDERR_REDIRECT] Mar 28, 2024 12:14:08 AM java.util.prefs.FileSystemPreferences checkLockFile0ErrorCode
2024-03-28 00:14:08,192 [ERROR] LogOutputStream:75 - [STDERR_REDIRECT] WARNING: Could not lock System prefs. Unix error code 1147632643.
2024-03-28 00:14:08,192 [ERROR] LogOutputStream:75 - [STDERR_REDIRECT] 
2024-03-28 00:14:08,193 [ERROR] LogOutputStream:75 - [STDERR_REDIRECT] Mar 28, 2024 12:14:08 AM java.util.prefs.FileSystemPreferences syncWorld
2024-03-28 00:14:08,193 [ERROR] LogOutputStream:75 - [STDERR_REDIRECT] WARNING: Couldn't flush system prefs: java.util.prefs.BackingStoreException: Couldn't get file lock.
2024-03-28 00:14:08,193 [ERROR] LogOutputStream:75 - [STDERR_REDIRECT] 
2024-03-28 00:14:38,191 [ERROR] LogOutputStream:75 - [STDERR_REDIRECT] Mar 28, 2024 12:14:38 AM java.util.prefs.FileSystemPreferences checkLockFile0ErrorCode
2024-03-28 00:14:38,192 [ERROR] LogOutputStream:75 - [STDERR_REDIRECT] WARNING: Could not lock System prefs. Unix error code 1147632643.
2024-03-28 00:14:38,194 [ERROR] LogOutputStream:75 - [STDERR_REDIRECT] 
2024-03-28 00:14:38,201 [ERROR] LogOutputStream:75 - [STDERR_REDIRECT] Mar 28, 2024 12:14:38 AM java.util.prefs.FileSystemPreferences syncWorld
2024-03-28 00:14:38,203 [ERROR] LogOutputStream:75 - [STDERR_REDIRECT] WARNING: Couldn't flush system prefs: java.util.prefs.BackingStoreException: Couldn't get file lock.
2024-03-28 00:14:38,203 [ERROR] LogOutputStream:75 - [STDERR_REDIRECT] 
2024-03-28 00:15:08,191 [ERROR] LogOutputStream:75 - [STDERR_REDIRECT] Mar 28, 2024 12:15:08 AM java.util.prefs.FileSystemPreferences checkLockFile0ErrorCode
2024-03-28 00:15:08,192 [ERROR] LogOutputStream:75 - [STDERR_REDIRECT] WARNING: Could not lock System prefs. Unix error code 1147632643.
2024-03-28 00:15:08,193 [ERROR] LogOutputStream:75 - [STDERR_REDIRECT] 
2024-03-28 00:15:08,195 [ERROR] LogOutputStream:75 - [STDERR_REDIRECT] Mar 28, 2024 12:15:08 AM java.util.prefs.FileSystemPreferences syncWorld
2024-03-28 00:15:08,197 [ERROR] LogOutputStream:75 - [STDERR_REDIRECT] WARNING: Couldn't flush system prefs: java.util.prefs.BackingStoreException: Couldn't get file lock.
2024-03-28 00:15:08,198 [ERROR] LogOutputStream:75 - [STDERR_REDIRECT] 
2024-03-28 00:15:38,193 [ERROR] LogOutputStream:75 - [STDERR_REDIRECT] Mar 28, 2024 12:15:38 AM java.util.prefs.FileSystemPreferences checkLockFile0ErrorCode
2024-03-28 00:15:38,194 [ERROR] LogOutputStream:75 - [STDERR_REDIRECT] WARNING: Could not lock System prefs. Unix error code 1147632643.
2024-03-28 00:15:38,195 [ERROR] LogOutputStream:75 - [STDERR_REDIRECT] 
2024-03-28 00:15:38,198 [ERROR] LogOutputStream:75 - [STDERR_REDIRECT] Mar 28, 2024 12:15:38 AM java.util.prefs.FileSystemPreferences syncWorld
2024-03-28 00:15:38,199 [ERROR] LogOutputStream:75 - [STDERR_REDIRECT] WARNING: Couldn't flush system prefs: java.util.prefs.BackingStoreException: Couldn't get file lock.
2024-03-28 00:15:38,199 [ERROR] LogOutputStream:75 - [STDERR_REDIRECT] 
2024-03-28 00:16:08,190 [ERROR] LogOutputStream:75 - [STDERR_REDIRECT] Mar 28, 2024 12:16:08 AM java.util.prefs.FileSystemPreferences checkLockFile0ErrorCode
2024-03-28 00:16:08,191 [ERROR] LogOutputStream:75 - [STDERR_REDIRECT] WARNING: Could not lock System prefs. Unix error code 1147632643.
2024-03-28 00:16:08,191 [ERROR] LogOutputStream:75 - [STDERR_REDIRECT] 
2024-03-28 00:16:08,193 [ERROR] LogOutputStream:75 - [STDERR_REDIRECT] Mar 28, 2024 12:16:08 AM java.util.prefs.FileSystemPreferences syncWorld
2024-03-28 00:16:08,194 [ERROR] LogOutputStream:75 - [STDERR_REDIRECT] WARNING: Couldn't flush system prefs: java.util.prefs.BackingStoreException: Couldn't get file lock.
2024-03-28 00:16:08,194 [ERROR] LogOutputStream:75 - [STDERR_REDIRECT] 
2024-03-28 00:16:38,192 [ERROR] LogOutputStream:75 - [STDERR_REDIRECT] Mar 28, 2024 12:16:38 AM java.util.prefs.FileSystemPreferences checkLockFile0ErrorCode
2024-03-28 00:16:38,193 [ERROR] LogOutputStream:75 - [STDERR_REDIRECT] WARNING: Could not lock System prefs. Unix error code 1147632643.
2024-03-28 00:16:38,193 [ERROR] LogOutputStream:75 - [STDERR_REDIRECT] 
2024-03-28 00:16:38,194 [ERROR] LogOutputStream:75 - [STDERR_REDIRECT] Mar 28, 2024 12:16:38 AM java.util.prefs.FileSystemPreferences syncWorld
2024-03-28 00:16:38,194 [ERROR] LogOutputStream:75 - [STDERR_REDIRECT] WARNING: Couldn't flush system prefs: java.util.prefs.BackingStoreException: Couldn't get file lock.
2024-03-28 00:16:38,194 [ERROR] LogOutputStream:75 - [STDERR_REDIRECT] 
2024-03-28 00:17:08,192 [ERROR] LogOutputStream:75 - [STDERR_REDIRECT] Mar 28, 2024 12:17:08 AM java.util.prefs.FileSystemPreferences checkLockFile0ErrorCode
2024-03-28 00:17:08,193 [ERROR] LogOutputStream:75 - [STDERR_REDIRECT] WARNING: Could not lock System prefs. Unix error code 1147632643.
2024-03-28 00:17:08,194 [ERROR] LogOutputStream:75 - [STDERR_REDIRECT] 
2024-03-28 00:17:08,195 [ERROR] LogOutputStream:75 - [STDERR_REDIRECT] Mar 28, 2024 12:17:08 AM java.util.prefs.FileSystemPreferences syncWorld
2024-03-28 00:17:08,196 [ERROR] LogOutputStream:75 - [STDERR_REDIRECT] WARNING: Couldn't flush system prefs: java.util.prefs.BackingStoreException: Couldn't get file lock.
2024-03-28 00:17:08,196 [ERROR] LogOutputStream:75 - [STDERR_REDIRECT] 
2024-03-28 00:17:38,192 [ERROR] LogOutputStream:75 - [STDERR_REDIRECT] Mar 28, 2024 12:17:38 AM java.util.prefs.FileSystemPreferences checkLockFile0ErrorCode
2024-03-28 00:17:38,193 [ERROR] LogOutputStream:75 - [STDERR_REDIRECT] WARNING: Could not lock System prefs. Unix error code 1147632643.
2024-03-28 00:17:38,194 [ERROR] LogOutputStream:75 - [STDERR_REDIRECT] 
2024-03-28 00:17:38,195 [ERROR] LogOutputStream:75 - [STDERR_REDIRECT] Mar 28, 2024 12:17:38 AM java.util.prefs.FileSystemPreferences syncWorld
2024-03-28 00:17:38,196 [ERROR] LogOutputStream:75 - [STDERR_REDIRECT] WARNING: Couldn't flush system prefs: java.util.prefs.BackingStoreException: Couldn't get file lock.
2024-03-28 00:17:38,196 [ERROR] LogOutputStream:75 - [STDERR_REDIRECT] 
2024-03-28 00:18:08,192 [ERROR] LogOutputStream:75 - [STDERR_REDIRECT] Mar 28, 2024 12:18:08 AM java.util.prefs.FileSystemPreferences checkLockFile0ErrorCode
2024-03-28 00:18:08,193 [ERROR] LogOutputStream:75 - [STDERR_REDIRECT] WARNING: Could not lock System prefs. Unix error code 1147632643.
2024-03-28 00:18:08,193 [ERROR] LogOutputStream:75 - [STDERR_REDIRECT] 
2024-03-28 00:18:08,194 [ERROR] LogOutputStream:75 - [STDERR_REDIRECT] Mar 28, 2024 12:18:08 AM java.util.prefs.FileSystemPreferences syncWorld
2024-03-28 00:18:08,194 [ERROR] LogOutputStream:75 - [STDERR_REDIRECT] WARNING: Couldn't flush system prefs: java.util.prefs.BackingStoreException: Couldn't get file lock.
2024-03-28 00:18:08,194 [ERROR] LogOutputStream:75 - [STDERR_REDIRECT] 
2024-03-28 00:18:38,195 [ERROR] LogOutputStream:75 - [STDERR_REDIRECT] Mar 28, 2024 12:18:38 AM java.util.prefs.FileSystemPreferences checkLockFile0ErrorCode
2024-03-28 00:18:38,196 [ERROR] LogOutputStream:75 - [STDERR_REDIRECT] WARNING: Could not lock System prefs. Unix error code 1147632643.
2024-03-28 00:18:38,197 [ERROR] LogOutputStream:75 - [STDERR_REDIRECT] 
2024-03-28 00:18:38,199 [ERROR] LogOutputStream:75 - [STDERR_REDIRECT] Mar 28, 2024 12:18:38 AM java.util.prefs.FileSystemPreferences syncWorld
2024-03-28 00:18:38,200 [ERROR] LogOutputStream:75 - [STDERR_REDIRECT] WARNING: Couldn't flush system prefs: java.util.prefs.BackingStoreException: Couldn't get file lock.
2024-03-28 00:18:38,201 [ERROR] LogOutputStream:75 - [STDERR_REDIRECT] 
2024-03-28 00:19:08,197 [ERROR] LogOutputStream:75 - [STDERR_REDIRECT] Mar 28, 2024 12:19:08 AM java.util.prefs.FileSystemPreferences checkLockFile0ErrorCode
2024-03-28 00:19:08,198 [ERROR] LogOutputStream:75 - [STDERR_REDIRECT] WARNING: Could not lock System prefs. Unix error code 1147632643.
2024-03-28 00:19:08,199 [ERROR] LogOutputStream:75 - [STDERR_REDIRECT] 
2024-03-28 00:19:08,200 [ERROR] LogOutputStream:75 - [STDERR_REDIRECT] Mar 28, 2024 12:19:08 AM java.util.prefs.FileSystemPreferences syncWorld
2024-03-28 00:19:08,201 [ERROR] LogOutputStream:75 - [STDERR_REDIRECT] WARNING: Couldn't flush system prefs: java.util.prefs.BackingStoreException: Couldn't get file lock.
2024-03-28 00:19:08,202 [ERROR] LogOutputStream:75 - [STDERR_REDIRECT] 
2024-03-28 00:19:38,194 [ERROR] LogOutputStream:75 - [STDERR_REDIRECT] Mar 28, 2024 12:19:38 AM java.util.prefs.FileSystemPreferences checkLockFile0ErrorCode
2024-03-28 00:19:38,195 [ERROR] LogOutputStream:75 - [STDERR_REDIRECT] WARNING: Could not lock System prefs. Unix error code 1147632643.
2024-03-28 00:19:38,196 [ERROR] LogOutputStream:75 - [STDERR_REDIRECT] 
2024-03-28 00:19:38,197 [ERROR] LogOutputStream:75 - [STDERR_REDIRECT] Mar 28, 2024 12:19:38 AM java.util.prefs.FileSystemPreferences syncWorld
2024-03-28 00:19:38,198 [ERROR] LogOutputStream:75 - [STDERR_REDIRECT] WARNING: Couldn't flush system prefs: java.util.prefs.BackingStoreException: Couldn't get file lock.
2024-03-28 00:19:38,199 [ERROR] LogOutputStream:75 - [STDERR_REDIRECT] 
2024-03-28 00:20:08,193 [ERROR] LogOutputStream:75 - [STDERR_REDIRECT] Mar 28, 2024 12:20:08 AM java.util.prefs.FileSystemPreferences checkLockFile0ErrorCode
2024-03-28 00:20:08,194 [ERROR] LogOutputStream:75 - [STDERR_REDIRECT] WARNING: Could not lock System prefs. Unix error code 1147632643.
2024-03-28 00:20:08,194 [ERROR] LogOutputStream:75 - [STDERR_REDIRECT] 
2024-03-28 00:20:08,195 [ERROR] LogOutputStream:75 - [STDERR_REDIRECT] Mar 28, 2024 12:20:08 AM java.util.prefs.FileSystemPreferences syncWorld
2024-03-28 00:20:08,196 [ERROR] LogOutputStream:75 - [STDERR_REDIRECT] WARNING: Couldn't flush system prefs: java.util.prefs.BackingStoreException: Couldn't get file lock.
2024-03-28 00:20:08,197 [ERROR] LogOutputStream:75 - [STDERR_REDIRECT] 
2024-03-28 00:20:38,196 [ERROR] LogOutputStream:75 - [STDERR_REDIRECT] Mar 28, 2024 12:20:38 AM java.util.prefs.FileSystemPreferences checkLockFile0ErrorCode
2024-03-28 00:20:38,197 [ERROR] LogOutputStream:75 - [STDERR_REDIRECT] WARNING: Could not lock System prefs. Unix error code 1147632643.
2024-03-28 00:20:38,198 [ERROR] LogOutputStream:75 - [STDERR_REDIRECT] 
2024-03-28 00:20:38,199 [ERROR] LogOutputStream:75 - [STDERR_REDIRECT] Mar 28, 2024 12:20:38 AM java.util.prefs.FileSystemPreferences syncWorld
2024-03-28 00:20:38,199 [ERROR] LogOutputStream:75 - [STDERR_REDIRECT] WARNING: Couldn't flush system prefs: java.util.prefs.BackingStoreException: Couldn't get file lock.
2024-03-28 00:20:38,200 [ERROR] LogOutputStream:75 - [STDERR_REDIRECT] 
2024-03-28 00:21:08,195 [ERROR] LogOutputStream:75 - [STDERR_REDIRECT] Mar 28, 2024 12:21:08 AM java.util.prefs.FileSystemPreferences checkLockFile0ErrorCode
2024-03-28 00:21:08,195 [ERROR] LogOutputStream:75 - [STDERR_REDIRECT] WARNING: Could not lock System prefs. Unix error code 1147632643.
2024-03-28 00:21:08,196 [ERROR] LogOutputStream:75 - [STDERR_REDIRECT] 
2024-03-28 00:21:08,197 [ERROR] LogOutputStream:75 - [STDERR_REDIRECT] Mar 28, 2024 12:21:08 AM java.util.prefs.FileSystemPreferences syncWorld
2024-03-28 00:21:08,198 [ERROR] LogOutputStream:75 - [STDERR_REDIRECT] WARNING: Couldn't flush system prefs: java.util.prefs.BackingStoreException: Couldn't get file lock.
2024-03-28 00:21:08,199 [ERROR] LogOutputStream:75 - [STDERR_REDIRECT] 
2024-03-28 00:21:38,194 [ERROR] LogOutputStream:75 - [STDERR_REDIRECT] Mar 28, 2024 12:21:38 AM java.util.prefs.FileSystemPreferences checkLockFile0ErrorCode
2024-03-28 00:21:38,195 [ERROR] LogOutputStream:75 - [STDERR_REDIRECT] WARNING: Could not lock System prefs. Unix error code 1147632643.
2024-03-28 00:21:38,196 [ERROR] LogOutputStream:75 - [STDERR_REDIRECT] 
2024-03-28 00:21:38,198 [ERROR] LogOutputStream:75 - [STDERR_REDIRECT] Mar 28, 2024 12:21:38 AM java.util.prefs.FileSystemPreferences syncWorld
2024-03-28 00:21:38,199 [ERROR] LogOutputStream:75 - [STDERR_REDIRECT] WARNING: Couldn't flush system prefs: java.util.prefs.BackingStoreException: Couldn't get file lock.
2024-03-28 00:21:38,200 [ERROR] LogOutputStream:75 - [STDERR_REDIRECT] 
2024-03-28 00:22:08,194 [ERROR] LogOutputStream:75 - [STDERR_REDIRECT] Mar 28, 2024 12:22:08 AM java.util.prefs.FileSystemPreferences checkLockFile0ErrorCode
2024-03-28 00:22:08,196 [ERROR] LogOutputStream:75 - [STDERR_REDIRECT] WARNING: Could not lock System prefs. Unix error code 1147632643.
2024-03-28 00:22:08,196 [ERROR] LogOutputStream:75 - [STDERR_REDIRECT] 
2024-03-28 00:22:08,198 [ERROR] LogOutputStream:75 - [STDERR_REDIRECT] Mar 28, 2024 12:22:08 AM java.util.prefs.FileSystemPreferences syncWorld
2024-03-28 00:22:08,199 [ERROR] LogOutputStream:75 - [STDERR_REDIRECT] WARNING: Couldn't flush system prefs: java.util.prefs.BackingStoreException: Couldn't get file lock.
2024-03-28 00:22:08,200 [ERROR] LogOutputStream:75 - [STDERR_REDIRECT] 
2024-03-28 00:22:38,194 [ERROR] LogOutputStream:75 - [STDERR_REDIRECT] Mar 28, 2024 12:22:38 AM java.util.prefs.FileSystemPreferences checkLockFile0ErrorCode
2024-03-28 00:22:38,194 [ERROR] LogOutputStream:75 - [STDERR_REDIRECT] WARNING: Could not lock System prefs. Unix error code 1147632643.
2024-03-28 00:22:38,195 [ERROR] LogOutputStream:75 - [STDERR_REDIRECT] 
2024-03-28 00:22:38,196 [ERROR] LogOutputStream:75 - [STDERR_REDIRECT] Mar 28, 2024 12:22:38 AM java.util.prefs.FileSystemPreferences syncWorld
2024-03-28 00:22:38,196 [ERROR] LogOutputStream:75 - [STDERR_REDIRECT] WARNING: Couldn't flush system prefs: java.util.prefs.BackingStoreException: Couldn't get file lock.
2024-03-28 00:22:38,197 [ERROR] LogOutputStream:75 - [STDERR_REDIRECT] 
2024-03-28 00:23:08,194 [ERROR] LogOutputStream:75 - [STDERR_REDIRECT] Mar 28, 2024 12:23:08 AM java.util.prefs.FileSystemPreferences checkLockFile0ErrorCode
2024-03-28 00:23:08,195 [ERROR] LogOutputStream:75 - [STDERR_REDIRECT] WARNING: Could not lock System prefs. Unix error code 1147632643.
2024-03-28 00:23:08,196 [ERROR] LogOutputStream:75 - [STDERR_REDIRECT] 
2024-03-28 00:23:08,197 [ERROR] LogOutputStream:75 - [STDERR_REDIRECT] Mar 28, 2024 12:23:08 AM java.util.prefs.FileSystemPreferences syncWorld
2024-03-28 00:23:08,198 [ERROR] LogOutputStream:75 - [STDERR_REDIRECT] WARNING: Couldn't flush system prefs: java.util.prefs.BackingStoreException: Couldn't get file lock.
2024-03-28 00:23:08,198 [ERROR] LogOutputStream:75 - [STDERR_REDIRECT] 
2024-03-28 00:23:32,479 [ERROR] LogOutputStream:75 - [STDERR_REDIRECT] 
2024-03-28 00:23:32,480 [ERROR] LogOutputStream:75 - [STDERR_REDIRECT] 
2024-03-28 19:08:22,872 [INFO] Activator:176 - 


2024-03-28 19:08:22,875 [INFO] Activator:177 - !SESSION log4j initialized
2024-03-28 19:08:29,783 [INFO] LogOutputStream:77 - [STDOUT_REDIRECT] 
2024-03-28 19:08:31,471 [INFO] ApplicationProperties:184 - Using Application install path: /opt/st/stm32cubeide_1.14.0/plugins/com.st.stm32cube.common.mx_6.10.0.202311202037
2024-03-28 19:08:31,494 [INFO] DbMcusXml:78 - Set database path to: /opt/st/stm32cubeide_1.14.0/plugins/com.st.stm32cube.common.mx_6.10.0.202311202037//db//mcu/
2024-03-28 19:08:31,494 [INFO] ApiDb:274 - Set plugin database path to: /opt/st/stm32cubeide_1.14.0/plugins/com.st.stm32cube.common.mx_6.10.0.202311202037//db//plugins/boardmanager/
2024-03-28 19:08:31,494 [WARN] ApiDb:259 - Overriding images path with different value:  => /opt/st/stm32cubeide_1.14.0/plugins/com.st.stm32cube.common.mx_6.10.0.202311202037//db//plugins/mcufinder/images/
2024-03-28 19:08:31,505 [INFO] ApiDb:250 - Set database path to: /home/flealu/.stmcufinder/plugins/mcufinder//mcu/
2024-03-28 19:08:31,507 [INFO] DbMcusAds:125 - Set database path to: /home/flealu/.stmcufinder/plugins/mcufinder//mcu/
2024-03-28 19:08:31,511 [INFO] CrossReferenceDbSqlite:203 - Set database path to: /home/flealu/.stmcufinder/plugins/mcufinder//mcu/cs/
2024-03-28 19:08:31,701 [INFO] RulesReader:64 - Compatibility file has been processed (297 Rules)
2024-03-28 19:08:31,801 [INFO] DbMcusXml:78 - Set database path to: /opt/st/stm32cubeide_1.14.0/plugins/com.st.stm32cube.common.mx_6.10.0.202311202037//db//mcu/
2024-03-28 19:08:31,801 [INFO] ApiDb:274 - Set plugin database path to: /opt/st/stm32cubeide_1.14.0/plugins/com.st.stm32cube.common.mx_6.10.0.202311202037//db//plugins/boardmanager/
2024-03-28 19:08:31,801 [INFO] ApiDb:261 - Set plugin images path to: /opt/st/stm32cubeide_1.14.0/plugins/com.st.stm32cube.common.mx_6.10.0.202311202037//db//plugins/mcufinder/images/
2024-03-28 19:08:31,802 [WARN] DbFile:41 - Overriding database path with different value: /home/flealu/.stmcufinder/plugins/mcufinder/ => /home/flealu/.stmcufinder/plugins/mcufinder
2024-03-28 19:08:31,802 [INFO] ApiDb:250 - Set database path to: /home/flealu/.stmcufinder/plugins/mcufinder//mcu/
2024-03-28 19:08:31,802 [WARN] DbFile:41 - Overriding database path with different value: /home/flealu/.stmcufinder/plugins/mcufinder/ => /home/flealu/.stmcufinder/plugins/mcufinder
2024-03-28 19:08:31,802 [INFO] DbMcusAds:125 - Set database path to: /home/flealu/.stmcufinder/plugins/mcufinder//mcu/
2024-03-28 19:08:31,802 [WARN] DbFile:41 - Overriding database path with different value: /home/flealu/.stmcufinder/plugins/mcufinder/ => /home/flealu/.stmcufinder/plugins/mcufinder
2024-03-28 19:08:31,802 [WARN] DbFile:41 - Overriding database path with different value: /home/flealu/.stmcufinder/plugins/mcufinder/ => /home/flealu/.stmcufinder/plugins/mcufinder
2024-03-28 19:08:31,802 [INFO] CrossReferenceDbSqlite:203 - Set database path to: /home/flealu/.stmcufinder/plugins/mcufinder//mcu/cs/
2024-03-28 19:08:31,909 [INFO] MainPanel:264 - HeapMemory: 268435456
2024-03-28 19:08:32,026 [INFO] DbMcusXml:78 - Set database path to: /opt/st/stm32cubeide_1.14.0/plugins/com.st.stm32cube.common.mx_6.10.0.202311202037//db//mcu/
2024-03-28 19:08:32,026 [INFO] ApiDb:274 - Set plugin database path to: /opt/st/stm32cubeide_1.14.0/plugins/com.st.stm32cube.common.mx_6.10.0.202311202037//db//plugins/boardmanager/
2024-03-28 19:08:32,026 [INFO] ApiDb:261 - Set plugin images path to: /opt/st/stm32cubeide_1.14.0/plugins/com.st.stm32cube.common.mx_6.10.0.202311202037//db//plugins/mcufinder/images/
2024-03-28 19:08:32,027 [WARN] DbFile:41 - Overriding database path with different value: /home/flealu/.stmcufinder/plugins/mcufinder/ => /home/flealu/.stmcufinder/plugins/mcufinder
2024-03-28 19:08:32,027 [INFO] ApiDb:250 - Set database path to: /home/flealu/.stmcufinder/plugins/mcufinder//mcu/
2024-03-28 19:08:32,027 [WARN] DbFile:41 - Overriding database path with different value: /home/flealu/.stmcufinder/plugins/mcufinder/ => /home/flealu/.stmcufinder/plugins/mcufinder
2024-03-28 19:08:32,027 [INFO] DbMcusAds:125 - Set database path to: /home/flealu/.stmcufinder/plugins/mcufinder//mcu/
2024-03-28 19:08:32,027 [WARN] DbFile:41 - Overriding database path with different value: /home/flealu/.stmcufinder/plugins/mcufinder/ => /home/flealu/.stmcufinder/plugins/mcufinder
2024-03-28 19:08:32,028 [WARN] DbFile:41 - Overriding database path with different value: /home/flealu/.stmcufinder/plugins/mcufinder/ => /home/flealu/.stmcufinder/plugins/mcufinder
2024-03-28 19:08:32,028 [INFO] CrossReferenceDbSqlite:203 - Set database path to: /home/flealu/.stmcufinder/plugins/mcufinder//mcu/cs/
2024-03-28 19:08:32,076 [INFO] ApplicationProperties:184 - Using Application install path: /opt/st/stm32cubeide_1.14.0/plugins/com.st.stm32cube.common.mx_6.10.0.202311202037
2024-03-28 19:08:32,081 [INFO] PluginManage:196 - Search for loadable plugins [exclusion list=, ]
2024-03-28 19:08:32,083 [INFO] PluginManage:310 - Check plugin analytics
2024-03-28 19:08:32,450 [INFO] AnalyticsPlugin:253 - Accepted Software Licenses: 
2024-03-28 19:08:32,451 [INFO] AnalyticsPlugin:255 - Accepted CMSIS Pack Licenses: 
2024-03-28 19:08:32,451 [INFO] AnalyticsPlugin:257 - Accepted Firmware Licenses: FW.F4.1.28.0
2024-03-28 19:08:32,454 [INFO] PluginManage:359 - Loaded plugin analytics (category:tool,tabindex:-1)
2024-03-28 19:08:32,455 [INFO] PluginManage:310 - Check plugin cadmodel
2024-03-28 19:08:32,500 [INFO] CADModel:105 - Init CAD model plugin
2024-03-28 19:08:32,500 [INFO] PluginManage:359 - Loaded plugin cadmodel (category:power,tabindex:5)
2024-03-28 19:08:32,500 [INFO] PluginManage:310 - Check plugin clock
2024-03-28 19:08:32,515 [INFO] PluginManage:359 - Loaded plugin clock (category:base,tabindex:2)
2024-03-28 19:08:32,515 [INFO] PluginManage:310 - Check plugin ddr
2024-03-28 19:08:32,519 [INFO] PluginManage:359 - Loaded plugin ddr (category:tool,tabindex:6)
2024-03-28 19:08:32,519 [INFO] PluginManage:310 - Check plugin filemanager
2024-03-28 19:08:32,692 [INFO] PluginManage:359 - Loaded plugin filemanager (category:base,tabindex:10)
2024-03-28 19:08:32,692 [INFO] PluginManage:310 - Check plugin ipmanager
2024-03-28 19:08:32,704 [INFO] PluginManage:359 - Loaded plugin ipmanager (category:base,tabindex:5)
2024-03-28 19:08:32,705 [INFO] PluginManage:310 - Check plugin lpbam
2024-03-28 19:08:32,717 [INFO] PluginManage:359 - Loaded plugin lpbam (category:base,tabindex:0)
2024-03-28 19:08:32,718 [INFO] PluginManage:310 - Check plugin memorymap
2024-03-28 19:08:32,735 [INFO] PluginManage:359 - Loaded plugin memorymap (category:base,tabindex:4)
2024-03-28 19:08:32,735 [INFO] PluginManage:310 - Check plugin pinoutandconfiguration
2024-03-28 19:08:32,748 [INFO] PluginManage:359 - Loaded plugin pinoutandconfiguration (category:base,tabindex:1)
2024-03-28 19:08:32,748 [INFO] PluginManage:310 - Check plugin pinoutconfig
2024-03-28 19:08:32,897 [WARN] SupportedApi:132 - Cannot load RTOS API schema: s4s-elt-must-match.1: The content of 'definitions' must match (annotation?, (simpleType | complexType)?, (unique | key | keyref)*)). A problem was found starting at: attribute.
2024-03-28 19:08:33,151 [INFO] PluginManage:359 - Loaded plugin pinoutconfig (category:base,tabindex:0)
2024-03-28 19:08:33,151 [INFO] PluginManage:310 - Check plugin power
2024-03-28 19:08:33,169 [INFO] PluginManage:359 - Loaded plugin power (category:power,tabindex:4)
2024-03-28 19:08:33,169 [INFO] PluginManage:310 - Check plugin projectmanager
2024-03-28 19:08:33,194 [INFO] PluginManage:359 - Loaded plugin projectmanager (category:projectmanager,tabindex:3)
2024-03-28 19:08:33,194 [INFO] PluginManage:310 - Check plugin thirdparty
2024-03-28 19:08:33,484 [INFO] PluginManage:359 - Loaded plugin thirdparty (category:base,tabindex:-1)
2024-03-28 19:08:33,485 [INFO] PluginManage:310 - Check plugin tools
2024-03-28 19:08:33,489 [INFO] PluginManage:359 - Loaded plugin tools (category:base,tabindex:7)
2024-03-28 19:08:33,489 [INFO] PluginManage:310 - Check plugin tutovideos
2024-03-28 19:08:33,490 [WARN] IntegrityCheckThread:84 - waiting for thirdparty lock release [integrity check]
2024-03-28 19:08:33,491 [INFO] IntegrityCheckThread:86 - entering critical section [integrity check]
2024-03-28 19:08:33,491 [INFO] ThirdPartyUpdaterWithRetryManager:70 - Updater plugin not ready yet. [1/15]
2024-03-28 19:08:33,786 [INFO] PluginManage:359 - Loaded plugin tutovideos (category:base,tabindex:-1)
2024-03-28 19:08:33,786 [INFO] PluginManage:310 - Check plugin updater
2024-03-28 19:08:33,812 [INFO] PluginManage:359 - Loaded plugin updater (category:base,tabindex:12)
2024-03-28 19:08:33,812 [INFO] PluginManage:310 - Check plugin userauth
2024-03-28 19:08:33,819 [INFO] UserAuth:114 - Init User Auth plugin
2024-03-28 19:08:33,819 [INFO] PluginManage:359 - Loaded plugin userauth (category:base,tabindex:14)
2024-03-28 19:08:33,820 [INFO] PluginManage:283 - PluginManage : Loaded plugins [17]
2024-03-28 19:08:34,069 [INFO] PinOutPanel:1499 - setPackage(No Configuration,No Configuration)
2024-03-28 19:08:34,228 [INFO] CADModel:165 - CPN selected for project level
2024-03-28 19:08:34,228 [INFO] CADModel:114 - Register for checkConnection events
2024-03-28 19:08:34,256 [INFO] IPUIPlugin:80 - create IPUIPlugin
2024-03-28 19:08:34,256 [INFO] PluginManager:220 - loadIPPluginJar : add spi
2024-03-28 19:08:34,274 [INFO] IPUIPlugin:80 - create IPUIPlugin
2024-03-28 19:08:34,275 [INFO] PluginManager:220 - loadIPPluginJar : add freertos
2024-03-28 19:08:34,280 [INFO] IPUIPlugin:80 - create IPUIPlugin
2024-03-28 19:08:34,280 [INFO] PluginManager:220 - loadIPPluginJar : add tsc
2024-03-28 19:08:34,289 [INFO] IPUIPlugin:80 - create IPUIPlugin
2024-03-28 19:08:34,289 [INFO] PluginManager:220 - loadIPPluginJar : add linkedlist
2024-03-28 19:08:34,292 [INFO] IPUIPlugin:80 - create IPUIPlugin
2024-03-28 19:08:34,292 [INFO] PluginManager:220 - loadIPPluginJar : add quadspi
2024-03-28 19:08:34,296 [INFO] IPUIPlugin:80 - create IPUIPlugin
2024-03-28 19:08:34,296 [INFO] PluginManager:220 - loadIPPluginJar : add lorawan
2024-03-28 19:08:34,305 [INFO] IPUIPlugin:80 - create IPUIPlugin
2024-03-28 19:08:34,305 [INFO] PluginManager:220 - loadIPPluginJar : add pdm2pcm
2024-03-28 19:08:34,313 [INFO] IPUIPlugin:80 - create IPUIPlugin
2024-03-28 19:08:34,313 [INFO] PluginManager:220 - loadIPPluginJar : add openamp
2024-03-28 19:08:34,316 [INFO] IPUIPlugin:80 - create IPUIPlugin
2024-03-28 19:08:34,316 [INFO] PluginManager:220 - loadIPPluginJar : add hash
2024-03-28 19:08:34,319 [INFO] IPUIPlugin:80 - create IPUIPlugin
2024-03-28 19:08:34,319 [INFO] PluginManager:220 - loadIPPluginJar : add i3c
2024-03-28 19:08:34,328 [INFO] IPUIPlugin:80 - create IPUIPlugin
2024-03-28 19:08:34,329 [INFO] PluginManager:220 - loadIPPluginJar : add nvic
2024-03-28 19:08:34,334 [INFO] IPUIPlugin:80 - create IPUIPlugin
2024-03-28 19:08:34,334 [INFO] PluginManager:220 - loadIPPluginJar : add dma3
2024-03-28 19:08:34,340 [INFO] IPUIPlugin:80 - create IPUIPlugin
2024-03-28 19:08:34,340 [INFO] PluginManager:220 - loadIPPluginJar : add gpio
2024-03-28 19:08:34,343 [INFO] IPUIPlugin:80 - create IPUIPlugin
2024-03-28 19:08:34,343 [INFO] PluginManager:220 - loadIPPluginJar : add i2s
2024-03-28 19:08:34,348 [INFO] IPUIPlugin:80 - create IPUIPlugin
2024-03-28 19:08:34,348 [INFO] PluginManager:220 - loadIPPluginJar : add ucpd
2024-03-28 19:08:34,360 [INFO] IPUIPlugin:80 - create IPUIPlugin
2024-03-28 19:08:34,360 [INFO] PluginManager:220 - loadIPPluginJar : add resmgrutility
2024-03-28 19:08:34,362 [INFO] IPUIPlugin:80 - create IPUIPlugin
2024-03-28 19:08:34,362 [INFO] PluginManager:220 - loadIPPluginJar : add genericplugin
2024-03-28 19:08:34,363 [INFO] IPUIPlugin:80 - create IPUIPlugin
2024-03-28 19:08:34,364 [INFO] PluginManager:220 - loadIPPluginJar : add fatfs
2024-03-28 19:08:34,366 [INFO] IPUIPlugin:80 - create IPUIPlugin
2024-03-28 19:08:34,366 [INFO] PluginManager:220 - loadIPPluginJar : add dfsdm
2024-03-28 19:08:34,377 [INFO] IPUIPlugin:80 - create IPUIPlugin
2024-03-28 19:08:34,377 [INFO] PluginManager:220 - loadIPPluginJar : add gic
2024-03-28 19:08:34,384 [INFO] IPUIPlugin:80 - create IPUIPlugin
2024-03-28 19:08:34,384 [INFO] PluginManager:220 - loadIPPluginJar : add adc
2024-03-28 19:08:34,389 [INFO] IPUIPlugin:80 - create IPUIPlugin
2024-03-28 19:08:34,389 [INFO] PluginManager:220 - loadIPPluginJar : add ipddr
2024-03-28 19:08:34,392 [INFO] IPUIPlugin:80 - create IPUIPlugin
2024-03-28 19:08:34,392 [INFO] PluginManager:220 - loadIPPluginJar : add cryp
2024-03-28 19:08:34,394 [INFO] IPUIPlugin:80 - create IPUIPlugin
2024-03-28 19:08:34,395 [INFO] PluginManager:220 - loadIPPluginJar : add aes
2024-03-28 19:08:34,401 [INFO] IPUIPlugin:80 - create IPUIPlugin
2024-03-28 19:08:34,401 [INFO] PluginManager:220 - loadIPPluginJar : add usbx
2024-03-28 19:08:34,408 [INFO] IPUIPlugin:80 - create IPUIPlugin
2024-03-28 19:08:34,408 [INFO] PluginManager:220 - loadIPPluginJar : add i2c
2024-03-28 19:08:34,414 [INFO] IPUIPlugin:80 - create IPUIPlugin
2024-03-28 19:08:34,414 [INFO] PluginManager:220 - loadIPPluginJar : add touchsensing
2024-03-28 19:08:34,417 [INFO] IPUIPlugin:80 - create IPUIPlugin
2024-03-28 19:08:34,418 [INFO] PluginManager:220 - loadIPPluginJar : add tracer_emb
2024-03-28 19:08:34,430 [INFO] IPUIPlugin:80 - create IPUIPlugin
2024-03-28 19:08:34,432 [INFO] PluginManager:220 - loadIPPluginJar : add plateformsettings
2024-03-28 19:08:34,434 [INFO] IPUIPlugin:80 - create IPUIPlugin
2024-03-28 19:08:34,434 [INFO] PluginManager:220 - loadIPPluginJar : add ltdc
2024-03-28 19:08:34,459 [INFO] IPUIPlugin:80 - create IPUIPlugin
2024-03-28 19:08:34,459 [INFO] PluginManager:220 - loadIPPluginJar : add mdma
2024-03-28 19:08:34,472 [INFO] IPUIPlugin:80 - create IPUIPlugin
2024-03-28 19:08:34,473 [INFO] PluginManager:220 - loadIPPluginJar : add gtzc
2024-03-28 19:08:34,483 [INFO] IPUIPlugin:80 - create IPUIPlugin
2024-03-28 19:08:34,484 [INFO] PluginManager:220 - loadIPPluginJar : add can
2024-03-28 19:08:34,504 [INFO] IPUIPlugin:80 - create IPUIPlugin
2024-03-28 19:08:34,505 [INFO] PluginManager:220 - loadIPPluginJar : add stm32_wpan
2024-03-28 19:08:34,515 [INFO] IPUIPlugin:80 - create IPUIPlugin
2024-03-28 19:08:34,515 [INFO] PluginManager:220 - loadIPPluginJar : add sai
2024-03-28 19:08:34,528 [INFO] IPUIPlugin:80 - create IPUIPlugin
2024-03-28 19:08:34,529 [INFO] PluginManager:220 - loadIPPluginJar : add fmc
2024-03-28 19:08:34,557 [INFO] IPUIPlugin:80 - create IPUIPlugin
2024-03-28 19:08:34,557 [INFO] PluginManager:220 - loadIPPluginJar : add dma
2024-03-28 19:08:34,565 [INFO] IPUIPlugin:80 - create IPUIPlugin
2024-03-28 19:08:34,565 [INFO] PluginManager:220 - loadIPPluginJar : add usart
2024-03-28 19:08:34,573 [INFO] IPUIPlugin:80 - create IPUIPlugin
2024-03-28 19:08:34,573 [INFO] PluginManager:220 - loadIPPluginJar : add ts
2024-03-28 19:08:34,576 [INFO] IPUIPlugin:80 - create IPUIPlugin
2024-03-28 19:08:34,576 [INFO] PluginManager:220 - loadIPPluginJar : add comp
2024-03-28 19:08:34,582 [INFO] IPUIPlugin:80 - create IPUIPlugin
2024-03-28 19:08:34,582 [INFO] PluginManager:220 - loadIPPluginJar : add gfxmmu
2024-03-28 19:08:34,594 [INFO] IPUIPlugin:80 - create IPUIPlugin
2024-03-28 19:08:34,595 [INFO] PluginManager:220 - loadIPPluginJar : add opamp
2024-03-28 19:08:34,599 [INFO] IPUIPlugin:80 - create IPUIPlugin
2024-03-28 19:08:34,600 [INFO] PluginManager:220 - loadIPPluginJar : add tim
2024-03-28 19:08:34,722 [INFO] CADModel:165 - CPN selected for project level
2024-03-28 19:08:34,723 [INFO] CADModel:114 - Register for checkConnection events
2024-03-28 19:08:34,723 [FATAL] Updater:308 - Updater called before beeing initialized
2024-03-28 19:08:34,723 [ERROR] CADModel:125 - Updater not yet initialized, retry later 
2024-03-28 19:08:34,912 [INFO] CADModel:165 - CPN selected for project level
2024-03-28 19:08:34,912 [INFO] CADModel:114 - Register for checkConnection events
2024-03-28 19:08:34,912 [FATAL] Updater:308 - Updater called before beeing initialized
2024-03-28 19:08:34,912 [ERROR] CADModel:125 - Updater not yet initialized, retry later 
2024-03-28 19:08:34,918 [FATAL] Updater:308 - Updater called before beeing initialized
2024-03-28 19:08:35,036 [FATAL] Updater:308 - Updater called before beeing initialized
2024-03-28 19:08:35,040 [INFO] DbMcusAds:53 - JSON generation date=Wed Nov 29 07:52:27 ART 2023 (1701255147349)
2024-03-28 19:08:35,040 [FATAL] Updater:308 - Updater called before beeing initialized
2024-03-28 19:08:35,096 [WARN] DetailPanel:346 - Failed to get advertising image, set to default
2024-03-28 19:08:35,193 [FATAL] Updater:308 - Updater called before beeing initialized
2024-03-28 19:08:35,195 [FATAL] Updater:308 - Updater called before beeing initialized
2024-03-28 19:08:35,195 [FATAL] Updater:308 - Updater called before beeing initialized
2024-03-28 19:08:35,195 [WARN] DetailPanel:346 - Failed to get advertising image, set to default
2024-03-28 19:08:35,196 [FATAL] Updater:308 - Updater called before beeing initialized
2024-03-28 19:08:35,234 [ERROR] Updater:1120 - MainUpdater not yet initialized. External WinMGr cannot be set.
2024-03-28 19:08:35,236 [INFO] Updater:1056 - Updater Version found : 6.10.0
2024-03-28 19:08:35,271 [INFO] ApplicationProperties:184 - Using Application install path: /opt/st/stm32cubeide_1.14.0/plugins/com.st.stm32cube.common.mx_6.10.0.202311202037
2024-03-28 19:08:35,294 [ERROR] LogOutputStream:75 - [STDERR_REDIRECT] Mar 28, 2024 7:08:35 PM java.util.prefs.FileSystemPreferences$2 run
2024-03-28 19:08:35,295 [ERROR] LogOutputStream:75 - [STDERR_REDIRECT] WARNING: Could not create system preferences directory. System preferences are unusable.
2024-03-28 19:08:35,295 [ERROR] LogOutputStream:75 - [STDERR_REDIRECT] 
2024-03-28 19:08:35,740 [INFO] MainUpdater:2873 - connection check result : 10
2024-03-28 19:08:35,742 [INFO] MainUpdater:290 - Updater Check For Update Now.
2024-03-28 19:08:35,743 [INFO] MicroXplorer:498 - Change Database Version : DB.6.0.100
2024-03-28 19:08:35,769 [INFO] McuFinderGlobals:63 - Set McuFinder mode to 2 (CubeIDE integrated)
2024-03-28 19:08:36,073 [INFO] CheckServerUpdateThread:120 - End of CheckServer Thread
2024-03-28 19:08:36,737 [WARN] PackLoader:240 - Cannot read IP mode file for STMicroelectronics.X-CUBE-SMBUS.2.1.0
2024-03-28 19:08:36,749 [WARN] PackLoader:240 - Cannot read IP mode file for STMicroelectronics.X-CUBE-TOUCHGFX.4.23.1
2024-03-28 19:08:36,756 [WARN] PackLoader:240 - Cannot read IP mode file for STMicroelectronics.X-CUBE-TOUCHGFX.4.23.0
2024-03-28 19:08:36,776 [INFO] UserAuth:404 - Internet connection configuration mode: 1
2024-03-28 19:08:36,829 [INFO] JxBrowserEngine:152 - Initiate JxBrowser Engine with user profile folder
2024-03-28 19:08:36,896 [WARN] PackLoader:240 - Cannot read IP mode file for STMicroelectronics.X-CUBE-AZRTOS-F7.1.1.0
2024-03-28 19:08:36,915 [WARN] PackLoader:240 - Cannot read IP mode file for STMicroelectronics.FP-SNS-MOTENV1.4.3.2
2024-03-28 19:08:36,929 [WARN] PackLoader:240 - Cannot read IP mode file for STMicroelectronics.FP-SNS-FLIGHT1.5.0.2
2024-03-28 19:08:36,953 [WARN] PackLoader:240 - Cannot read IP mode file for STMicroelectronics.X-CUBE-DISPLAY.3.0.0
2024-03-28 19:08:36,983 [WARN] PackLoader:240 - Cannot read IP mode file for STMicroelectronics.X-CUBE-BLE1.7.0.0
2024-03-28 19:08:36,997 [WARN] PackLoader:240 - Cannot read IP mode file for emotas.I-CUBE-CANOPEN.1.3.0
2024-03-28 19:08:37,052 [WARN] PackLoader:240 - Cannot read IP mode file for STMicroelectronics.X-CUBE-BLEMGR.3.1.0
2024-03-28 19:08:37,065 [WARN] PackLoader:240 - Cannot read IP mode file for STMicroelectronics.FP-SNS-SMARTAG2.1.2.0
2024-03-28 19:08:37,092 [INFO] LogOutputStream:77 - [STDOUT_REDIRECT] 1 : Invalid condition id : UX_CORESTACK_Condition cause : null
2024-03-28 19:08:37,093 [INFO] LogOutputStream:77 - [STDOUT_REDIRECT] 1 : Invalid condition id : UX_CORESTACK_Condition cause : null
2024-03-28 19:08:37,093 [INFO] LogOutputStream:77 - [STDOUT_REDIRECT] 1 : Invalid condition id : UX_CORESTACK_Condition cause : null
2024-03-28 19:08:37,094 [INFO] LogOutputStream:77 - [STDOUT_REDIRECT] 1 : Invalid condition id : UX_CORESTACK_Condition cause : null
2024-03-28 19:08:37,094 [INFO] LogOutputStream:77 - [STDOUT_REDIRECT] 1 : Invalid condition id : UX_CORESTACK_Condition cause : null
2024-03-28 19:08:37,101 [WARN] PackLoader:240 - Cannot read IP mode file for STMicroelectronics.X-CUBE-AZRTOS-WL.2.0.0
2024-03-28 19:08:37,113 [WARN] PackLoader:240 - Cannot read IP mode file for STMicroelectronics.FP-SNS-MOTENV1.5.0.0
2024-03-28 19:08:37,133 [WARN] PackLoader:240 - Cannot read IP mode file for WES.I-CUBE-Cesium.1.3.0
2024-03-28 19:08:37,150 [WARN] PackLoader:240 - Cannot read IP mode file for STMicroelectronics.X-CUBE-BLE2.3.3.0
2024-03-28 19:08:37,182 [WARN] PackLoader:240 - Cannot read IP mode file for STMicroelectronics.X-CUBE-ALGOBUILD.1.3.0
2024-03-28 19:08:37,227 [WARN] PackLoader:240 - Cannot read IP mode file for STMicroelectronics.X-CUBE-AZRTOS-G0.1.1.0
2024-03-28 19:08:37,247 [WARN] PackLoader:240 - Cannot read IP mode file for STMicroelectronics.X-CUBE-SAFEA1.1.2.2
2024-03-28 19:08:37,261 [WARN] PackLoader:240 - Cannot read IP mode file for STMicroelectronics.X-CUBE-NFC4.3.0.0
2024-03-28 19:08:37,301 [WARN] PackLoader:240 - Cannot read IP mode file for STMicroelectronics.X-CUBE-BLEMGR.3.0.0
2024-03-28 19:08:37,316 [WARN] PackLoader:240 - Cannot read IP mode file for STMicroelectronics.FP-ATR-SIGFOX1.3.2.0
2024-03-28 19:08:37,328 [WARN] PackLoader:240 - Cannot read IP mode file for STMicroelectronics.X-CUBE-EEPRMA1.5.1.0
2024-03-28 19:08:37,391 [WARN] PackLoader:240 - Cannot read IP mode file for SEGGER.I-CUBE-embOS.1.3.1
2024-03-28 19:08:37,496 [WARN] PackLoader:240 - Cannot read IP mode file for STMicroelectronics.X-CUBE-GNSS1.6.0.0
2024-03-28 19:08:37,564 [WARN] PackLoader:240 - Cannot read IP mode file for STMicroelectronics.X-CUBE-AZRTOS-F4.1.1.0
2024-03-28 19:08:37,591 [WARN] PackLoader:240 - Cannot read IP mode file for wolfSSL.I-CUBE-wolfSSL.5.6.6
2024-03-28 19:08:37,676 [WARN] PackLoader:240 - Cannot read IP mode file for STMicroelectronics.X-CUBE-AZRTOS-L5.2.0.0
2024-03-28 19:08:37,698 [WARN] PackLoader:240 - Cannot read IP mode file for STMicroelectronics.X-CUBE-NFC6.3.1.0
2024-03-28 19:08:37,715 [WARN] PackLoader:240 - Cannot read IP mode file for ITTIA_DB.I-CUBE-ITTIADB.8.8.0
2024-03-28 19:08:37,735 [WARN] PackLoader:240 - Cannot read IP mode file for STMicroelectronics.X-CUBE-NFC7.1.0.1
2024-03-28 19:08:37,764 [WARN] PackLoader:240 - Cannot read IP mode file for STMicroelectronics.X-CUBE-NFC6.3.0.0
2024-03-28 19:08:37,786 [WARN] PackLoader:240 - Cannot read IP mode file for STMicroelectronics.X-CUBE-AI.8.1.0
2024-03-28 19:08:37,881 [WARN] ConditionMgr:438 - getConditionDescription Invalid condition id : LAN8742 Phy interface Condition cause : null
2024-03-28 19:08:37,882 [WARN] PackLoader:240 - Cannot read IP mode file for STMicroelectronics.X-CUBE-AZRTOS-L4.2.0.0
2024-03-28 19:08:37,885 [WARN] ConditionMgr:1039 - genDependencies : Invalid condition id : LAN8742 Phy interface Condition cause : null
2024-03-28 19:08:37,885 [WARN] ConditionMgr:1039 - genDependencies : Invalid condition id : LAN8742 Phy interface Condition cause : null
2024-03-28 19:08:37,887 [WARN] ConditionMgr:1039 - genDependencies : Invalid condition id : LAN8742 Phy interface Condition cause : null
2024-03-28 19:08:37,903 [WARN] PackLoader:240 - Cannot read IP mode file for STMicroelectronics.X-CUBE-SFXS2LP1.4.0.0
2024-03-28 19:08:37,922 [WARN] ConditionMgr:438 - getConditionDescription Invalid condition id : UX DEVICE CLASS RTOS Condition cause : null
2024-03-28 19:08:37,923 [WARN] ConditionMgr:438 - getConditionDescription Invalid condition id : UX DEVICE CLASS RTOS Condition cause : null
2024-03-28 19:08:37,926 [WARN] PackLoader:240 - Cannot read IP mode file for STMicroelectronics.X-CUBE-AZRTOS-WB.2.0.0
2024-03-28 19:08:37,927 [WARN] ConditionMgr:1039 - genDependencies : Invalid condition id : UX DEVICE CLASS RTOS Condition cause : null
2024-03-28 19:08:37,927 [WARN] ConditionMgr:1039 - genDependencies : Invalid condition id : UX DEVICE CLASS RTOS Condition cause : null
2024-03-28 19:08:37,928 [WARN] ConditionMgr:1039 - genDependencies : Invalid condition id : UX DEVICE CLASS RTOS Condition cause : null
2024-03-28 19:08:37,929 [WARN] ConditionMgr:1039 - genDependencies : Invalid condition id : UX DEVICE CLASS RTOS Condition cause : null
2024-03-28 19:08:37,929 [WARN] ConditionMgr:1039 - genDependencies : Invalid condition id : UX DEVICE CLASS RTOS Condition cause : null
2024-03-28 19:08:37,955 [WARN] PackLoader:240 - Cannot read IP mode file for STMicroelectronics.X-CUBE-SUBG2.5.0.0
2024-03-28 19:08:38,033 [WARN] PackLoader:240 - Cannot read IP mode file for STMicroelectronics.X-CUBE-AZRTOS-G4.2.0.0
2024-03-28 19:08:38,083 [WARN] PackLoader:240 - Cannot read IP mode file for Infineon.AIROC-Wi-Fi-Bluetooth-STM32.1.5.1
2024-03-28 19:08:38,098 [WARN] PackLoader:240 - Cannot read IP mode file for STMicroelectronics.FP-SNS-MOTENVWB1.1.3.1
2024-03-28 19:08:38,105 [WARN] PackLoader:240 - Cannot read IP mode file for STMicroelectronics.X-CUBE-ISPU.2.0.0
2024-03-28 19:08:38,218 [WARN] PackLoader:240 - Cannot read IP mode file for STMicroelectronics.X-CUBE-MEMS1.10.0.0
2024-03-28 19:08:38,546 [WARN] PackLoader:240 - Cannot read IP mode file for STMicroelectronics.X-CUBE-FREERTOS.1.1.0
2024-03-28 19:08:38,556 [WARN] PackLoader:240 - Cannot read IP mode file for portGmbH.I-Cube-SoM-uGOAL.1.1.0
2024-03-28 19:08:38,567 [WARN] PackLoader:240 - Cannot read IP mode file for STMicroelectronics.X-CUBE-ALS.1.0.1
2024-03-28 19:08:38,577 [WARN] PackLoader:240 - Cannot read IP mode file for STMicroelectronics.FP-ATR-ASTRA1.2.0.0
2024-03-28 19:08:38,597 [WARN] PackLoader:240 - Cannot read IP mode file for STMicroelectronics.X-CUBE-TOF1.3.4.0
2024-03-28 19:08:38,651 [WARN] PackLoader:240 - Cannot read IP mode file for STMicroelectronics.X-CUBE-TOF1.3.4.1
2024-03-28 19:08:38,725 [WARN] PackLoader:240 - Cannot read IP mode file for STMicroelectronics.X-CUBE-AZRTOS-H7.3.2.0
2024-03-28 19:08:38,734 [INFO] ThirdParty:978 - Integrity check success = true
2024-03-28 19:08:38,734 [INFO] IntegrityCheckThread:100 - exiting critical section [integrity check]
2024-03-28 19:08:38,734 [INFO] IntegrityCheckThread:103 - End integrity checks thread
2024-03-28 19:08:39,221 [INFO] WebApp:161 - Instantiating new browser for Auth
2024-03-28 19:08:39,933 [INFO] WebApp:780 - Register for checkConnection events
2024-03-28 19:08:39,935 [INFO] WebApp:414 - Apply proxy settings
2024-03-28 19:08:39,935 [INFO] WebApp:499 - Chromium requires no authentication
2024-03-28 19:08:39,944 [INFO] WebApp:442 - Direct internet connection detected
2024-03-28 19:08:40,133 [INFO] WebApp:192 - Starting web application
2024-03-28 19:08:40,133 [INFO] WebApp:544 - Web application path used /opt/st/stm32cubeide_1.14.0/plugins/com.st.stm32cube.common.mx_6.10.0.202311202037/db/plugins/mcufinder/reactClient1/index.html
2024-03-28 19:08:57,902 [ERROR] LogOutputStream:75 - [STDERR_REDIRECT] Mar 28, 2024 7:08:57 PM java.util.prefs.FileSystemPreferences checkLockFile0ErrorCode
2024-03-28 19:08:57,907 [ERROR] LogOutputStream:75 - [STDERR_REDIRECT] WARNING: Could not lock System prefs. Unix error code 31859.
2024-03-28 19:08:57,915 [ERROR] LogOutputStream:75 - [STDERR_REDIRECT] 
2024-03-28 19:08:57,926 [ERROR] LogOutputStream:75 - [STDERR_REDIRECT] Mar 28, 2024 7:08:57 PM java.util.prefs.FileSystemPreferences syncWorld
2024-03-28 19:08:57,929 [ERROR] LogOutputStream:75 - [STDERR_REDIRECT] WARNING: Couldn't flush system prefs: java.util.prefs.BackingStoreException: Couldn't get file lock.
2024-03-28 19:08:57,930 [ERROR] LogOutputStream:75 - [STDERR_REDIRECT] 
