2024-03-31 00:00:19,184 [ERROR] LogOutputStream:75 - [STDERR_REDIRECT] Mar 31, 2024 12:00:19 AM java.util.prefs.FileSystemPreferences checkLockFile0ErrorCode
2024-03-31 00:00:19,201 [ERROR] LogOutputStream:75 - [STDERR_REDIRECT] WARNING: Could not lock System prefs. Unix error code 119556439.
2024-03-31 00:00:19,201 [ERROR] LogOutputStream:75 - [STDERR_REDIRECT] 
2024-03-31 00:00:19,203 [ERROR] LogOutputStream:75 - [STDERR_REDIRECT] Mar 31, 2024 12:00:19 AM java.util.prefs.FileSystemPreferences syncWorld
2024-03-31 00:00:19,204 [ERROR] LogOutputStream:75 - [STDERR_REDIRECT] WARNING: Couldn't flush system prefs: java.util.prefs.BackingStoreException: Couldn't get file lock.
2024-03-31 00:00:19,204 [ERROR] LogOutputStream:75 - [STDERR_REDIRECT] 
2024-03-31 00:00:49,182 [ERROR] LogOutputStream:75 - [STDERR_REDIRECT] Mar 31, 2024 12:00:49 AM java.util.prefs.FileSystemPreferences checkLockFile0ErrorCode
2024-03-31 00:00:49,183 [ERROR] LogOutputStream:75 - [STDERR_REDIRECT] WARNING: Could not lock System prefs. Unix error code 119556439.
2024-03-31 00:00:49,184 [ERROR] LogOutputStream:75 - [STDERR_REDIRECT] 
2024-03-31 00:00:49,185 [ERROR] LogOutputStream:75 - [STDERR_REDIRECT] Mar 31, 2024 12:00:49 AM java.util.prefs.FileSystemPreferences syncWorld
2024-03-31 00:00:49,186 [ERROR] LogOutputStream:75 - [STDERR_REDIRECT] WARNING: Couldn't flush system prefs: java.util.prefs.BackingStoreException: Couldn't get file lock.
2024-03-31 00:00:49,186 [ERROR] LogOutputStream:75 - [STDERR_REDIRECT] 
2024-03-31 00:01:19,181 [ERROR] LogOutputStream:75 - [STDERR_REDIRECT] Mar 31, 2024 12:01:19 AM java.util.prefs.FileSystemPreferences checkLockFile0ErrorCode
2024-03-31 00:01:19,181 [ERROR] LogOutputStream:75 - [STDERR_REDIRECT] WARNING: Could not lock System prefs. Unix error code 119556439.
2024-03-31 00:01:19,182 [ERROR] LogOutputStream:75 - [STDERR_REDIRECT] 
2024-03-31 00:01:19,183 [ERROR] LogOutputStream:75 - [STDERR_REDIRECT] Mar 31, 2024 12:01:19 AM java.util.prefs.FileSystemPreferences syncWorld
2024-03-31 00:01:19,183 [ERROR] LogOutputStream:75 - [STDERR_REDIRECT] WARNING: Couldn't flush system prefs: java.util.prefs.BackingStoreException: Couldn't get file lock.
2024-03-31 00:01:19,184 [ERROR] LogOutputStream:75 - [STDERR_REDIRECT] 
2024-03-31 00:01:49,183 [ERROR] LogOutputStream:75 - [STDERR_REDIRECT] Mar 31, 2024 12:01:49 AM java.util.prefs.FileSystemPreferences checkLockFile0ErrorCode
2024-03-31 00:01:49,184 [ERROR] LogOutputStream:75 - [STDERR_REDIRECT] WARNING: Could not lock System prefs. Unix error code 119556439.
2024-03-31 00:01:49,184 [ERROR] LogOutputStream:75 - [STDERR_REDIRECT] 
2024-03-31 00:01:49,186 [ERROR] LogOutputStream:75 - [STDERR_REDIRECT] Mar 31, 2024 12:01:49 AM java.util.prefs.FileSystemPreferences syncWorld
2024-03-31 00:01:49,187 [ERROR] LogOutputStream:75 - [STDERR_REDIRECT] WARNING: Couldn't flush system prefs: java.util.prefs.BackingStoreException: Couldn't get file lock.
2024-03-31 00:01:49,188 [ERROR] LogOutputStream:75 - [STDERR_REDIRECT] 
2024-03-31 00:02:19,181 [ERROR] LogOutputStream:75 - [STDERR_REDIRECT] Mar 31, 2024 12:02:19 AM java.util.prefs.FileSystemPreferences checkLockFile0ErrorCode
2024-03-31 00:02:19,181 [ERROR] LogOutputStream:75 - [STDERR_REDIRECT] WARNING: Could not lock System prefs. Unix error code 119556439.
2024-03-31 00:02:19,181 [ERROR] LogOutputStream:75 - [STDERR_REDIRECT] 
2024-03-31 00:02:19,182 [ERROR] LogOutputStream:75 - [STDERR_REDIRECT] Mar 31, 2024 12:02:19 AM java.util.prefs.FileSystemPreferences syncWorld
2024-03-31 00:02:19,183 [ERROR] LogOutputStream:75 - [STDERR_REDIRECT] WARNING: Couldn't flush system prefs: java.util.prefs.BackingStoreException: Couldn't get file lock.
2024-03-31 00:02:19,183 [ERROR] LogOutputStream:75 - [STDERR_REDIRECT] 
2024-03-31 00:02:49,185 [ERROR] LogOutputStream:75 - [STDERR_REDIRECT] Mar 31, 2024 12:02:49 AM java.util.prefs.FileSystemPreferences checkLockFile0ErrorCode
2024-03-31 00:02:49,186 [ERROR] LogOutputStream:75 - [STDERR_REDIRECT] WARNING: Could not lock System prefs. Unix error code 119556439.
2024-03-31 00:02:49,187 [ERROR] LogOutputStream:75 - [STDERR_REDIRECT] 
2024-03-31 00:02:49,189 [ERROR] LogOutputStream:75 - [STDERR_REDIRECT] Mar 31, 2024 12:02:49 AM java.util.prefs.FileSystemPreferences syncWorld
2024-03-31 00:02:49,190 [ERROR] LogOutputStream:75 - [STDERR_REDIRECT] WARNING: Couldn't flush system prefs: java.util.prefs.BackingStoreException: Couldn't get file lock.
2024-03-31 00:02:49,193 [ERROR] LogOutputStream:75 - [STDERR_REDIRECT] 
2024-03-31 00:03:19,182 [ERROR] LogOutputStream:75 - [STDERR_REDIRECT] Mar 31, 2024 12:03:19 AM java.util.prefs.FileSystemPreferences checkLockFile0ErrorCode
2024-03-31 00:03:19,184 [ERROR] LogOutputStream:75 - [STDERR_REDIRECT] WARNING: Could not lock System prefs. Unix error code 119556439.
2024-03-31 00:03:19,185 [ERROR] LogOutputStream:75 - [STDERR_REDIRECT] 
2024-03-31 00:03:19,186 [ERROR] LogOutputStream:75 - [STDERR_REDIRECT] Mar 31, 2024 12:03:19 AM java.util.prefs.FileSystemPreferences syncWorld
2024-03-31 00:03:19,186 [ERROR] LogOutputStream:75 - [STDERR_REDIRECT] WARNING: Couldn't flush system prefs: java.util.prefs.BackingStoreException: Couldn't get file lock.
2024-03-31 00:03:19,187 [ERROR] LogOutputStream:75 - [STDERR_REDIRECT] 
2024-03-31 00:03:49,182 [ERROR] LogOutputStream:75 - [STDERR_REDIRECT] Mar 31, 2024 12:03:49 AM java.util.prefs.FileSystemPreferences checkLockFile0ErrorCode
2024-03-31 00:03:49,182 [ERROR] LogOutputStream:75 - [STDERR_REDIRECT] WARNING: Could not lock System prefs. Unix error code 119556439.
2024-03-31 00:03:49,183 [ERROR] LogOutputStream:75 - [STDERR_REDIRECT] 
2024-03-31 00:03:49,184 [ERROR] LogOutputStream:75 - [STDERR_REDIRECT] Mar 31, 2024 12:03:49 AM java.util.prefs.FileSystemPreferences syncWorld
2024-03-31 00:03:49,185 [ERROR] LogOutputStream:75 - [STDERR_REDIRECT] WARNING: Couldn't flush system prefs: java.util.prefs.BackingStoreException: Couldn't get file lock.
2024-03-31 00:03:49,185 [ERROR] LogOutputStream:75 - [STDERR_REDIRECT] 
2024-03-31 00:04:19,181 [ERROR] LogOutputStream:75 - [STDERR_REDIRECT] Mar 31, 2024 12:04:19 AM java.util.prefs.FileSystemPreferences checkLockFile0ErrorCode
2024-03-31 00:04:19,182 [ERROR] LogOutputStream:75 - [STDERR_REDIRECT] WARNING: Could not lock System prefs. Unix error code 119556439.
2024-03-31 00:04:19,182 [ERROR] LogOutputStream:75 - [STDERR_REDIRECT] 
2024-03-31 00:04:19,182 [ERROR] LogOutputStream:75 - [STDERR_REDIRECT] Mar 31, 2024 12:04:19 AM java.util.prefs.FileSystemPreferences syncWorld
2024-03-31 00:04:19,182 [ERROR] LogOutputStream:75 - [STDERR_REDIRECT] WARNING: Couldn't flush system prefs: java.util.prefs.BackingStoreException: Couldn't get file lock.
2024-03-31 00:04:19,182 [ERROR] LogOutputStream:75 - [STDERR_REDIRECT] 
2024-03-31 00:04:49,182 [ERROR] LogOutputStream:75 - [STDERR_REDIRECT] Mar 31, 2024 12:04:49 AM java.util.prefs.FileSystemPreferences checkLockFile0ErrorCode
2024-03-31 00:04:49,183 [ERROR] LogOutputStream:75 - [STDERR_REDIRECT] WARNING: Could not lock System prefs. Unix error code 119556439.
2024-03-31 00:04:49,183 [ERROR] LogOutputStream:75 - [STDERR_REDIRECT] 
2024-03-31 00:04:49,185 [ERROR] LogOutputStream:75 - [STDERR_REDIRECT] Mar 31, 2024 12:04:49 AM java.util.prefs.FileSystemPreferences syncWorld
2024-03-31 00:04:49,186 [ERROR] LogOutputStream:75 - [STDERR_REDIRECT] WARNING: Couldn't flush system prefs: java.util.prefs.BackingStoreException: Couldn't get file lock.
2024-03-31 00:04:49,186 [ERROR] LogOutputStream:75 - [STDERR_REDIRECT] 
2024-03-31 00:05:19,183 [ERROR] LogOutputStream:75 - [STDERR_REDIRECT] Mar 31, 2024 12:05:19 AM java.util.prefs.FileSystemPreferences checkLockFile0ErrorCode
2024-03-31 00:05:19,184 [ERROR] LogOutputStream:75 - [STDERR_REDIRECT] WARNING: Could not lock System prefs. Unix error code 119556439.
2024-03-31 00:05:19,184 [ERROR] LogOutputStream:75 - [STDERR_REDIRECT] 
2024-03-31 00:05:19,185 [ERROR] LogOutputStream:75 - [STDERR_REDIRECT] Mar 31, 2024 12:05:19 AM java.util.prefs.FileSystemPreferences syncWorld
2024-03-31 00:05:19,186 [ERROR] LogOutputStream:75 - [STDERR_REDIRECT] WARNING: Couldn't flush system prefs: java.util.prefs.BackingStoreException: Couldn't get file lock.
2024-03-31 00:05:19,186 [ERROR] LogOutputStream:75 - [STDERR_REDIRECT] 
2024-03-31 00:05:49,186 [ERROR] LogOutputStream:75 - [STDERR_REDIRECT] Mar 31, 2024 12:05:49 AM java.util.prefs.FileSystemPreferences checkLockFile0ErrorCode
2024-03-31 00:05:49,186 [ERROR] LogOutputStream:75 - [STDERR_REDIRECT] WARNING: Could not lock System prefs. Unix error code 119556439.
2024-03-31 00:05:49,187 [ERROR] LogOutputStream:75 - [STDERR_REDIRECT] 
2024-03-31 00:05:49,189 [ERROR] LogOutputStream:75 - [STDERR_REDIRECT] Mar 31, 2024 12:05:49 AM java.util.prefs.FileSystemPreferences syncWorld
2024-03-31 00:05:49,190 [ERROR] LogOutputStream:75 - [STDERR_REDIRECT] WARNING: Couldn't flush system prefs: java.util.prefs.BackingStoreException: Couldn't get file lock.
2024-03-31 00:05:49,190 [ERROR] LogOutputStream:75 - [STDERR_REDIRECT] 
2024-03-31 00:06:19,185 [ERROR] LogOutputStream:75 - [STDERR_REDIRECT] Mar 31, 2024 12:06:19 AM java.util.prefs.FileSystemPreferences checkLockFile0ErrorCode
2024-03-31 00:06:19,186 [ERROR] LogOutputStream:75 - [STDERR_REDIRECT] WARNING: Could not lock System prefs. Unix error code 119556439.
2024-03-31 00:06:19,186 [ERROR] LogOutputStream:75 - [STDERR_REDIRECT] 
2024-03-31 00:06:19,188 [ERROR] LogOutputStream:75 - [STDERR_REDIRECT] Mar 31, 2024 12:06:19 AM java.util.prefs.FileSystemPreferences syncWorld
2024-03-31 00:06:19,188 [ERROR] LogOutputStream:75 - [STDERR_REDIRECT] WARNING: Couldn't flush system prefs: java.util.prefs.BackingStoreException: Couldn't get file lock.
2024-03-31 00:06:19,189 [ERROR] LogOutputStream:75 - [STDERR_REDIRECT] 
2024-03-31 00:06:49,191 [ERROR] LogOutputStream:75 - [STDERR_REDIRECT] Mar 31, 2024 12:06:49 AM java.util.prefs.FileSystemPreferences checkLockFile0ErrorCode
2024-03-31 00:06:49,192 [ERROR] LogOutputStream:75 - [STDERR_REDIRECT] WARNING: Could not lock System prefs. Unix error code 119556439.
2024-03-31 00:06:49,192 [ERROR] LogOutputStream:75 - [STDERR_REDIRECT] 
2024-03-31 00:06:49,192 [ERROR] LogOutputStream:75 - [STDERR_REDIRECT] Mar 31, 2024 12:06:49 AM java.util.prefs.FileSystemPreferences syncWorld
2024-03-31 00:06:49,193 [ERROR] LogOutputStream:75 - [STDERR_REDIRECT] WARNING: Couldn't flush system prefs: java.util.prefs.BackingStoreException: Couldn't get file lock.
2024-03-31 00:06:49,193 [ERROR] LogOutputStream:75 - [STDERR_REDIRECT] 
2024-03-31 00:07:19,190 [ERROR] LogOutputStream:75 - [STDERR_REDIRECT] Mar 31, 2024 12:07:19 AM java.util.prefs.FileSystemPreferences checkLockFile0ErrorCode
2024-03-31 00:07:19,193 [ERROR] LogOutputStream:75 - [STDERR_REDIRECT] WARNING: Could not lock System prefs. Unix error code 119556439.
2024-03-31 00:07:19,195 [ERROR] LogOutputStream:75 - [STDERR_REDIRECT] 
2024-03-31 00:07:19,199 [ERROR] LogOutputStream:75 - [STDERR_REDIRECT] Mar 31, 2024 12:07:19 AM java.util.prefs.FileSystemPreferences syncWorld
2024-03-31 00:07:19,202 [ERROR] LogOutputStream:75 - [STDERR_REDIRECT] WARNING: Couldn't flush system prefs: java.util.prefs.BackingStoreException: Couldn't get file lock.
2024-03-31 00:07:19,203 [ERROR] LogOutputStream:75 - [STDERR_REDIRECT] 
2024-03-31 00:07:49,185 [ERROR] LogOutputStream:75 - [STDERR_REDIRECT] Mar 31, 2024 12:07:49 AM java.util.prefs.FileSystemPreferences checkLockFile0ErrorCode
2024-03-31 00:07:49,186 [ERROR] LogOutputStream:75 - [STDERR_REDIRECT] WARNING: Could not lock System prefs. Unix error code 119556439.
2024-03-31 00:07:49,186 [ERROR] LogOutputStream:75 - [STDERR_REDIRECT] 
2024-03-31 00:07:49,187 [ERROR] LogOutputStream:75 - [STDERR_REDIRECT] Mar 31, 2024 12:07:49 AM java.util.prefs.FileSystemPreferences syncWorld
2024-03-31 00:07:49,187 [ERROR] LogOutputStream:75 - [STDERR_REDIRECT] WARNING: Couldn't flush system prefs: java.util.prefs.BackingStoreException: Couldn't get file lock.
2024-03-31 00:07:49,188 [ERROR] LogOutputStream:75 - [STDERR_REDIRECT] 
2024-03-31 00:08:19,184 [ERROR] LogOutputStream:75 - [STDERR_REDIRECT] Mar 31, 2024 12:08:19 AM java.util.prefs.FileSystemPreferences checkLockFile0ErrorCode
2024-03-31 00:08:19,185 [ERROR] LogOutputStream:75 - [STDERR_REDIRECT] WARNING: Could not lock System prefs. Unix error code 119556439.
2024-03-31 00:08:19,185 [ERROR] LogOutputStream:75 - [STDERR_REDIRECT] 
2024-03-31 00:08:19,185 [ERROR] LogOutputStream:75 - [STDERR_REDIRECT] Mar 31, 2024 12:08:19 AM java.util.prefs.FileSystemPreferences syncWorld
2024-03-31 00:08:19,185 [ERROR] LogOutputStream:75 - [STDERR_REDIRECT] WARNING: Couldn't flush system prefs: java.util.prefs.BackingStoreException: Couldn't get file lock.
2024-03-31 00:08:19,185 [ERROR] LogOutputStream:75 - [STDERR_REDIRECT] 
2024-03-31 00:08:49,188 [ERROR] LogOutputStream:75 - [STDERR_REDIRECT] Mar 31, 2024 12:08:49 AM java.util.prefs.FileSystemPreferences checkLockFile0ErrorCode
2024-03-31 00:08:49,188 [ERROR] LogOutputStream:75 - [STDERR_REDIRECT] WARNING: Could not lock System prefs. Unix error code 119556439.
2024-03-31 00:08:49,189 [ERROR] LogOutputStream:75 - [STDERR_REDIRECT] 
2024-03-31 00:08:49,190 [ERROR] LogOutputStream:75 - [STDERR_REDIRECT] Mar 31, 2024 12:08:49 AM java.util.prefs.FileSystemPreferences syncWorld
2024-03-31 00:08:49,191 [ERROR] LogOutputStream:75 - [STDERR_REDIRECT] WARNING: Couldn't flush system prefs: java.util.prefs.BackingStoreException: Couldn't get file lock.
2024-03-31 00:08:49,191 [ERROR] LogOutputStream:75 - [STDERR_REDIRECT] 
2024-03-31 00:09:19,184 [ERROR] LogOutputStream:75 - [STDERR_REDIRECT] Mar 31, 2024 12:09:19 AM java.util.prefs.FileSystemPreferences checkLockFile0ErrorCode
2024-03-31 00:09:19,184 [ERROR] LogOutputStream:75 - [STDERR_REDIRECT] WARNING: Could not lock System prefs. Unix error code 119556439.
2024-03-31 00:09:19,184 [ERROR] LogOutputStream:75 - [STDERR_REDIRECT] 
2024-03-31 00:09:19,185 [ERROR] LogOutputStream:75 - [STDERR_REDIRECT] Mar 31, 2024 12:09:19 AM java.util.prefs.FileSystemPreferences syncWorld
2024-03-31 00:09:19,185 [ERROR] LogOutputStream:75 - [STDERR_REDIRECT] WARNING: Couldn't flush system prefs: java.util.prefs.BackingStoreException: Couldn't get file lock.
2024-03-31 00:09:19,185 [ERROR] LogOutputStream:75 - [STDERR_REDIRECT] 
2024-03-31 00:09:49,185 [ERROR] LogOutputStream:75 - [STDERR_REDIRECT] Mar 31, 2024 12:09:49 AM java.util.prefs.FileSystemPreferences checkLockFile0ErrorCode
2024-03-31 00:09:49,185 [ERROR] LogOutputStream:75 - [STDERR_REDIRECT] WARNING: Could not lock System prefs. Unix error code 119556439.
2024-03-31 00:09:49,185 [ERROR] LogOutputStream:75 - [STDERR_REDIRECT] 
2024-03-31 00:09:49,186 [ERROR] LogOutputStream:75 - [STDERR_REDIRECT] Mar 31, 2024 12:09:49 AM java.util.prefs.FileSystemPreferences syncWorld
2024-03-31 00:09:49,187 [ERROR] LogOutputStream:75 - [STDERR_REDIRECT] WARNING: Couldn't flush system prefs: java.util.prefs.BackingStoreException: Couldn't get file lock.
2024-03-31 00:09:49,187 [ERROR] LogOutputStream:75 - [STDERR_REDIRECT] 
2024-03-31 00:10:19,189 [ERROR] LogOutputStream:75 - [STDERR_REDIRECT] Mar 31, 2024 12:10:19 AM java.util.prefs.FileSystemPreferences checkLockFile0ErrorCode
2024-03-31 00:10:19,190 [ERROR] LogOutputStream:75 - [STDERR_REDIRECT] WARNING: Could not lock System prefs. Unix error code 119556439.
2024-03-31 00:10:19,190 [ERROR] LogOutputStream:75 - [STDERR_REDIRECT] 
2024-03-31 00:10:19,192 [ERROR] LogOutputStream:75 - [STDERR_REDIRECT] Mar 31, 2024 12:10:19 AM java.util.prefs.FileSystemPreferences syncWorld
2024-03-31 00:10:19,193 [ERROR] LogOutputStream:75 - [STDERR_REDIRECT] WARNING: Couldn't flush system prefs: java.util.prefs.BackingStoreException: Couldn't get file lock.
2024-03-31 00:10:19,194 [ERROR] LogOutputStream:75 - [STDERR_REDIRECT] 
2024-03-31 00:10:49,186 [ERROR] LogOutputStream:75 - [STDERR_REDIRECT] Mar 31, 2024 12:10:49 AM java.util.prefs.FileSystemPreferences checkLockFile0ErrorCode
2024-03-31 00:10:49,187 [ERROR] LogOutputStream:75 - [STDERR_REDIRECT] WARNING: Could not lock System prefs. Unix error code 119556439.
2024-03-31 00:10:49,187 [ERROR] LogOutputStream:75 - [STDERR_REDIRECT] 
2024-03-31 00:10:49,188 [ERROR] LogOutputStream:75 - [STDERR_REDIRECT] Mar 31, 2024 12:10:49 AM java.util.prefs.FileSystemPreferences syncWorld
2024-03-31 00:10:49,189 [ERROR] LogOutputStream:75 - [STDERR_REDIRECT] WARNING: Couldn't flush system prefs: java.util.prefs.BackingStoreException: Couldn't get file lock.
2024-03-31 00:10:49,189 [ERROR] LogOutputStream:75 - [STDERR_REDIRECT] 
2024-03-31 00:11:19,188 [ERROR] LogOutputStream:75 - [STDERR_REDIRECT] Mar 31, 2024 12:11:19 AM java.util.prefs.FileSystemPreferences checkLockFile0ErrorCode
2024-03-31 00:11:19,188 [ERROR] LogOutputStream:75 - [STDERR_REDIRECT] WARNING: Could not lock System prefs. Unix error code 119556439.
2024-03-31 00:11:19,189 [ERROR] LogOutputStream:75 - [STDERR_REDIRECT] 
2024-03-31 00:11:19,190 [ERROR] LogOutputStream:75 - [STDERR_REDIRECT] Mar 31, 2024 12:11:19 AM java.util.prefs.FileSystemPreferences syncWorld
2024-03-31 00:11:19,190 [ERROR] LogOutputStream:75 - [STDERR_REDIRECT] WARNING: Couldn't flush system prefs: java.util.prefs.BackingStoreException: Couldn't get file lock.
2024-03-31 00:11:19,190 [ERROR] LogOutputStream:75 - [STDERR_REDIRECT] 
2024-03-31 00:11:49,185 [ERROR] LogOutputStream:75 - [STDERR_REDIRECT] Mar 31, 2024 12:11:49 AM java.util.prefs.FileSystemPreferences checkLockFile0ErrorCode
2024-03-31 00:11:49,185 [ERROR] LogOutputStream:75 - [STDERR_REDIRECT] WARNING: Could not lock System prefs. Unix error code 119556439.
2024-03-31 00:11:49,185 [ERROR] LogOutputStream:75 - [STDERR_REDIRECT] 
2024-03-31 00:11:49,186 [ERROR] LogOutputStream:75 - [STDERR_REDIRECT] Mar 31, 2024 12:11:49 AM java.util.prefs.FileSystemPreferences syncWorld
2024-03-31 00:11:49,186 [ERROR] LogOutputStream:75 - [STDERR_REDIRECT] WARNING: Couldn't flush system prefs: java.util.prefs.BackingStoreException: Couldn't get file lock.
2024-03-31 00:11:49,186 [ERROR] LogOutputStream:75 - [STDERR_REDIRECT] 
2024-03-31 00:12:19,185 [ERROR] LogOutputStream:75 - [STDERR_REDIRECT] Mar 31, 2024 12:12:19 AM java.util.prefs.FileSystemPreferences checkLockFile0ErrorCode
2024-03-31 00:12:19,185 [ERROR] LogOutputStream:75 - [STDERR_REDIRECT] WARNING: Could not lock System prefs. Unix error code 119556439.
2024-03-31 00:12:19,185 [ERROR] LogOutputStream:75 - [STDERR_REDIRECT] 
2024-03-31 00:12:19,187 [ERROR] LogOutputStream:75 - [STDERR_REDIRECT] Mar 31, 2024 12:12:19 AM java.util.prefs.FileSystemPreferences syncWorld
2024-03-31 00:12:19,188 [ERROR] LogOutputStream:75 - [STDERR_REDIRECT] WARNING: Couldn't flush system prefs: java.util.prefs.BackingStoreException: Couldn't get file lock.
2024-03-31 00:12:19,188 [ERROR] LogOutputStream:75 - [STDERR_REDIRECT] 
2024-03-31 00:12:49,186 [ERROR] LogOutputStream:75 - [STDERR_REDIRECT] Mar 31, 2024 12:12:49 AM java.util.prefs.FileSystemPreferences checkLockFile0ErrorCode
2024-03-31 00:12:49,187 [ERROR] LogOutputStream:75 - [STDERR_REDIRECT] WARNING: Could not lock System prefs. Unix error code 119556439.
2024-03-31 00:12:49,188 [ERROR] LogOutputStream:75 - [STDERR_REDIRECT] 
2024-03-31 00:12:49,189 [ERROR] LogOutputStream:75 - [STDERR_REDIRECT] Mar 31, 2024 12:12:49 AM java.util.prefs.FileSystemPreferences syncWorld
2024-03-31 00:12:49,190 [ERROR] LogOutputStream:75 - [STDERR_REDIRECT] WARNING: Couldn't flush system prefs: java.util.prefs.BackingStoreException: Couldn't get file lock.
2024-03-31 00:12:49,190 [ERROR] LogOutputStream:75 - [STDERR_REDIRECT] 
2024-03-31 00:13:19,187 [ERROR] LogOutputStream:75 - [STDERR_REDIRECT] Mar 31, 2024 12:13:19 AM java.util.prefs.FileSystemPreferences checkLockFile0ErrorCode
2024-03-31 00:13:19,188 [ERROR] LogOutputStream:75 - [STDERR_REDIRECT] WARNING: Could not lock System prefs. Unix error code 119556439.
2024-03-31 00:13:19,188 [ERROR] LogOutputStream:75 - [STDERR_REDIRECT] 
2024-03-31 00:13:19,189 [ERROR] LogOutputStream:75 - [STDERR_REDIRECT] Mar 31, 2024 12:13:19 AM java.util.prefs.FileSystemPreferences syncWorld
2024-03-31 00:13:19,190 [ERROR] LogOutputStream:75 - [STDERR_REDIRECT] WARNING: Couldn't flush system prefs: java.util.prefs.BackingStoreException: Couldn't get file lock.
2024-03-31 00:13:19,190 [ERROR] LogOutputStream:75 - [STDERR_REDIRECT] 
2024-03-31 00:13:49,187 [ERROR] LogOutputStream:75 - [STDERR_REDIRECT] Mar 31, 2024 12:13:49 AM java.util.prefs.FileSystemPreferences checkLockFile0ErrorCode
2024-03-31 00:13:49,188 [ERROR] LogOutputStream:75 - [STDERR_REDIRECT] WARNING: Could not lock System prefs. Unix error code 119556439.
2024-03-31 00:13:49,188 [ERROR] LogOutputStream:75 - [STDERR_REDIRECT] 
2024-03-31 00:13:49,189 [ERROR] LogOutputStream:75 - [STDERR_REDIRECT] Mar 31, 2024 12:13:49 AM java.util.prefs.FileSystemPreferences syncWorld
2024-03-31 00:13:49,189 [ERROR] LogOutputStream:75 - [STDERR_REDIRECT] WARNING: Couldn't flush system prefs: java.util.prefs.BackingStoreException: Couldn't get file lock.
2024-03-31 00:13:49,189 [ERROR] LogOutputStream:75 - [STDERR_REDIRECT] 
2024-03-31 00:14:19,189 [ERROR] LogOutputStream:75 - [STDERR_REDIRECT] Mar 31, 2024 12:14:19 AM java.util.prefs.FileSystemPreferences checkLockFile0ErrorCode
2024-03-31 00:14:19,190 [ERROR] LogOutputStream:75 - [STDERR_REDIRECT] WARNING: Could not lock System prefs. Unix error code 119556439.
2024-03-31 00:14:19,191 [ERROR] LogOutputStream:75 - [STDERR_REDIRECT] 
2024-03-31 00:14:19,193 [ERROR] LogOutputStream:75 - [STDERR_REDIRECT] Mar 31, 2024 12:14:19 AM java.util.prefs.FileSystemPreferences syncWorld
2024-03-31 00:14:19,193 [ERROR] LogOutputStream:75 - [STDERR_REDIRECT] WARNING: Couldn't flush system prefs: java.util.prefs.BackingStoreException: Couldn't get file lock.
2024-03-31 00:14:19,194 [ERROR] LogOutputStream:75 - [STDERR_REDIRECT] 
2024-03-31 00:14:49,193 [ERROR] LogOutputStream:75 - [STDERR_REDIRECT] Mar 31, 2024 12:14:49 AM java.util.prefs.FileSystemPreferences checkLockFile0ErrorCode
2024-03-31 00:14:49,193 [ERROR] LogOutputStream:75 - [STDERR_REDIRECT] WARNING: Could not lock System prefs. Unix error code 5.
2024-03-31 00:14:49,194 [ERROR] LogOutputStream:75 - [STDERR_REDIRECT] 
2024-03-31 00:14:49,197 [ERROR] LogOutputStream:75 - [STDERR_REDIRECT] Mar 31, 2024 12:14:49 AM java.util.prefs.FileSystemPreferences syncWorld
2024-03-31 00:14:49,198 [ERROR] LogOutputStream:75 - [STDERR_REDIRECT] WARNING: Couldn't flush system prefs: java.util.prefs.BackingStoreException: Couldn't get file lock.
2024-03-31 00:14:49,199 [ERROR] LogOutputStream:75 - [STDERR_REDIRECT] 
2024-03-31 00:15:19,190 [ERROR] LogOutputStream:75 - [STDERR_REDIRECT] Mar 31, 2024 12:15:19 AM java.util.prefs.FileSystemPreferences checkLockFile0ErrorCode
2024-03-31 00:15:19,190 [ERROR] LogOutputStream:75 - [STDERR_REDIRECT] WARNING: Could not lock System prefs. Unix error code 5.
2024-03-31 00:15:19,191 [ERROR] LogOutputStream:75 - [STDERR_REDIRECT] 
2024-03-31 00:15:19,192 [ERROR] LogOutputStream:75 - [STDERR_REDIRECT] Mar 31, 2024 12:15:19 AM java.util.prefs.FileSystemPreferences syncWorld
2024-03-31 00:15:19,193 [ERROR] LogOutputStream:75 - [STDERR_REDIRECT] WARNING: Couldn't flush system prefs: java.util.prefs.BackingStoreException: Couldn't get file lock.
2024-03-31 00:15:19,193 [ERROR] LogOutputStream:75 - [STDERR_REDIRECT] 
2024-03-31 00:15:49,193 [ERROR] LogOutputStream:75 - [STDERR_REDIRECT] Mar 31, 2024 12:15:49 AM java.util.prefs.FileSystemPreferences checkLockFile0ErrorCode
2024-03-31 00:15:49,194 [ERROR] LogOutputStream:75 - [STDERR_REDIRECT] WARNING: Could not lock System prefs. Unix error code 5.
2024-03-31 00:15:49,194 [ERROR] LogOutputStream:75 - [STDERR_REDIRECT] 
2024-03-31 00:15:49,195 [ERROR] LogOutputStream:75 - [STDERR_REDIRECT] Mar 31, 2024 12:15:49 AM java.util.prefs.FileSystemPreferences syncWorld
2024-03-31 00:15:49,195 [ERROR] LogOutputStream:75 - [STDERR_REDIRECT] WARNING: Couldn't flush system prefs: java.util.prefs.BackingStoreException: Couldn't get file lock.
2024-03-31 00:15:49,195 [ERROR] LogOutputStream:75 - [STDERR_REDIRECT] 
2024-03-31 00:16:19,188 [ERROR] LogOutputStream:75 - [STDERR_REDIRECT] Mar 31, 2024 12:16:19 AM java.util.prefs.FileSystemPreferences checkLockFile0ErrorCode
2024-03-31 00:16:19,189 [ERROR] LogOutputStream:75 - [STDERR_REDIRECT] WARNING: Could not lock System prefs. Unix error code 5.
2024-03-31 00:16:19,189 [ERROR] LogOutputStream:75 - [STDERR_REDIRECT] 
2024-03-31 00:16:19,190 [ERROR] LogOutputStream:75 - [STDERR_REDIRECT] Mar 31, 2024 12:16:19 AM java.util.prefs.FileSystemPreferences syncWorld
2024-03-31 00:16:19,191 [ERROR] LogOutputStream:75 - [STDERR_REDIRECT] WARNING: Couldn't flush system prefs: java.util.prefs.BackingStoreException: Couldn't get file lock.
2024-03-31 00:16:19,191 [ERROR] LogOutputStream:75 - [STDERR_REDIRECT] 
2024-03-31 00:16:49,189 [ERROR] LogOutputStream:75 - [STDERR_REDIRECT] Mar 31, 2024 12:16:49 AM java.util.prefs.FileSystemPreferences checkLockFile0ErrorCode
2024-03-31 00:16:49,190 [ERROR] LogOutputStream:75 - [STDERR_REDIRECT] WARNING: Could not lock System prefs. Unix error code 5.
2024-03-31 00:16:49,191 [ERROR] LogOutputStream:75 - [STDERR_REDIRECT] 
2024-03-31 00:16:49,192 [ERROR] LogOutputStream:75 - [STDERR_REDIRECT] Mar 31, 2024 12:16:49 AM java.util.prefs.FileSystemPreferences syncWorld
2024-03-31 00:16:49,192 [ERROR] LogOutputStream:75 - [STDERR_REDIRECT] WARNING: Couldn't flush system prefs: java.util.prefs.BackingStoreException: Couldn't get file lock.
2024-03-31 00:16:49,193 [ERROR] LogOutputStream:75 - [STDERR_REDIRECT] 
2024-03-31 00:17:19,187 [ERROR] LogOutputStream:75 - [STDERR_REDIRECT] Mar 31, 2024 12:17:19 AM java.util.prefs.FileSystemPreferences checkLockFile0ErrorCode
2024-03-31 00:17:19,187 [ERROR] LogOutputStream:75 - [STDERR_REDIRECT] WARNING: Could not lock System prefs. Unix error code 5.
2024-03-31 00:17:19,188 [ERROR] LogOutputStream:75 - [STDERR_REDIRECT] 
2024-03-31 00:17:19,188 [ERROR] LogOutputStream:75 - [STDERR_REDIRECT] Mar 31, 2024 12:17:19 AM java.util.prefs.FileSystemPreferences syncWorld
2024-03-31 00:17:19,188 [ERROR] LogOutputStream:75 - [STDERR_REDIRECT] WARNING: Couldn't flush system prefs: java.util.prefs.BackingStoreException: Couldn't get file lock.
2024-03-31 00:17:19,188 [ERROR] LogOutputStream:75 - [STDERR_REDIRECT] 
2024-03-31 00:17:49,191 [ERROR] LogOutputStream:75 - [STDERR_REDIRECT] Mar 31, 2024 12:17:49 AM java.util.prefs.FileSystemPreferences checkLockFile0ErrorCode
2024-03-31 00:17:49,191 [ERROR] LogOutputStream:75 - [STDERR_REDIRECT] WARNING: Could not lock System prefs. Unix error code 5.
2024-03-31 00:17:49,192 [ERROR] LogOutputStream:75 - [STDERR_REDIRECT] 
2024-03-31 00:17:49,192 [ERROR] LogOutputStream:75 - [STDERR_REDIRECT] Mar 31, 2024 12:17:49 AM java.util.prefs.FileSystemPreferences syncWorld
2024-03-31 00:17:49,193 [ERROR] LogOutputStream:75 - [STDERR_REDIRECT] WARNING: Couldn't flush system prefs: java.util.prefs.BackingStoreException: Couldn't get file lock.
2024-03-31 00:17:49,193 [ERROR] LogOutputStream:75 - [STDERR_REDIRECT] 
2024-03-31 00:18:19,191 [ERROR] LogOutputStream:75 - [STDERR_REDIRECT] Mar 31, 2024 12:18:19 AM java.util.prefs.FileSystemPreferences checkLockFile0ErrorCode
2024-03-31 00:18:19,191 [ERROR] LogOutputStream:75 - [STDERR_REDIRECT] WARNING: Could not lock System prefs. Unix error code 5.
2024-03-31 00:18:19,191 [ERROR] LogOutputStream:75 - [STDERR_REDIRECT] 
2024-03-31 00:18:19,192 [ERROR] LogOutputStream:75 - [STDERR_REDIRECT] Mar 31, 2024 12:18:19 AM java.util.prefs.FileSystemPreferences syncWorld
2024-03-31 00:18:19,193 [ERROR] LogOutputStream:75 - [STDERR_REDIRECT] WARNING: Couldn't flush system prefs: java.util.prefs.BackingStoreException: Couldn't get file lock.
2024-03-31 00:18:19,193 [ERROR] LogOutputStream:75 - [STDERR_REDIRECT] 
2024-03-31 00:18:49,191 [ERROR] LogOutputStream:75 - [STDERR_REDIRECT] Mar 31, 2024 12:18:49 AM java.util.prefs.FileSystemPreferences checkLockFile0ErrorCode
2024-03-31 00:18:49,192 [ERROR] LogOutputStream:75 - [STDERR_REDIRECT] WARNING: Could not lock System prefs. Unix error code 5.
2024-03-31 00:18:49,192 [ERROR] LogOutputStream:75 - [STDERR_REDIRECT] 
2024-03-31 00:18:49,194 [ERROR] LogOutputStream:75 - [STDERR_REDIRECT] Mar 31, 2024 12:18:49 AM java.util.prefs.FileSystemPreferences syncWorld
2024-03-31 00:18:49,194 [ERROR] LogOutputStream:75 - [STDERR_REDIRECT] WARNING: Couldn't flush system prefs: java.util.prefs.BackingStoreException: Couldn't get file lock.
2024-03-31 00:18:49,195 [ERROR] LogOutputStream:75 - [STDERR_REDIRECT] 
2024-03-31 00:19:19,189 [ERROR] LogOutputStream:75 - [STDERR_REDIRECT] Mar 31, 2024 12:19:19 AM java.util.prefs.FileSystemPreferences checkLockFile0ErrorCode
2024-03-31 00:19:19,190 [ERROR] LogOutputStream:75 - [STDERR_REDIRECT] WARNING: Could not lock System prefs. Unix error code 5.
2024-03-31 00:19:19,191 [ERROR] LogOutputStream:75 - [STDERR_REDIRECT] 
2024-03-31 00:19:19,192 [ERROR] LogOutputStream:75 - [STDERR_REDIRECT] Mar 31, 2024 12:19:19 AM java.util.prefs.FileSystemPreferences syncWorld
2024-03-31 00:19:19,193 [ERROR] LogOutputStream:75 - [STDERR_REDIRECT] WARNING: Couldn't flush system prefs: java.util.prefs.BackingStoreException: Couldn't get file lock.
2024-03-31 00:19:19,193 [ERROR] LogOutputStream:75 - [STDERR_REDIRECT] 
2024-03-31 00:19:49,190 [ERROR] LogOutputStream:75 - [STDERR_REDIRECT] Mar 31, 2024 12:19:49 AM java.util.prefs.FileSystemPreferences checkLockFile0ErrorCode
2024-03-31 00:19:49,190 [ERROR] LogOutputStream:75 - [STDERR_REDIRECT] WARNING: Could not lock System prefs. Unix error code 5.
2024-03-31 00:19:49,191 [ERROR] LogOutputStream:75 - [STDERR_REDIRECT] 
2024-03-31 00:19:49,192 [ERROR] LogOutputStream:75 - [STDERR_REDIRECT] Mar 31, 2024 12:19:49 AM java.util.prefs.FileSystemPreferences syncWorld
2024-03-31 00:19:49,192 [ERROR] LogOutputStream:75 - [STDERR_REDIRECT] WARNING: Couldn't flush system prefs: java.util.prefs.BackingStoreException: Couldn't get file lock.
2024-03-31 00:19:49,193 [ERROR] LogOutputStream:75 - [STDERR_REDIRECT] 
2024-03-31 00:20:19,190 [ERROR] LogOutputStream:75 - [STDERR_REDIRECT] Mar 31, 2024 12:20:19 AM java.util.prefs.FileSystemPreferences checkLockFile0ErrorCode
2024-03-31 00:20:19,190 [ERROR] LogOutputStream:75 - [STDERR_REDIRECT] WARNING: Could not lock System prefs. Unix error code 5.
2024-03-31 00:20:19,190 [ERROR] LogOutputStream:75 - [STDERR_REDIRECT] 
2024-03-31 00:20:19,190 [ERROR] LogOutputStream:75 - [STDERR_REDIRECT] Mar 31, 2024 12:20:19 AM java.util.prefs.FileSystemPreferences syncWorld
2024-03-31 00:20:19,190 [ERROR] LogOutputStream:75 - [STDERR_REDIRECT] WARNING: Couldn't flush system prefs: java.util.prefs.BackingStoreException: Couldn't get file lock.
2024-03-31 00:20:19,191 [ERROR] LogOutputStream:75 - [STDERR_REDIRECT] 
2024-03-31 00:20:49,191 [ERROR] LogOutputStream:75 - [STDERR_REDIRECT] Mar 31, 2024 12:20:49 AM java.util.prefs.FileSystemPreferences checkLockFile0ErrorCode
2024-03-31 00:20:49,191 [ERROR] LogOutputStream:75 - [STDERR_REDIRECT] WARNING: Could not lock System prefs. Unix error code 5.
2024-03-31 00:20:49,192 [ERROR] LogOutputStream:75 - [STDERR_REDIRECT] 
2024-03-31 00:20:49,193 [ERROR] LogOutputStream:75 - [STDERR_REDIRECT] Mar 31, 2024 12:20:49 AM java.util.prefs.FileSystemPreferences syncWorld
2024-03-31 00:20:49,193 [ERROR] LogOutputStream:75 - [STDERR_REDIRECT] WARNING: Couldn't flush system prefs: java.util.prefs.BackingStoreException: Couldn't get file lock.
2024-03-31 00:20:49,193 [ERROR] LogOutputStream:75 - [STDERR_REDIRECT] 
2024-03-31 00:21:19,191 [ERROR] LogOutputStream:75 - [STDERR_REDIRECT] Mar 31, 2024 12:21:19 AM java.util.prefs.FileSystemPreferences checkLockFile0ErrorCode
2024-03-31 00:21:19,191 [ERROR] LogOutputStream:75 - [STDERR_REDIRECT] WARNING: Could not lock System prefs. Unix error code 5.
2024-03-31 00:21:19,192 [ERROR] LogOutputStream:75 - [STDERR_REDIRECT] 
2024-03-31 00:21:19,193 [ERROR] LogOutputStream:75 - [STDERR_REDIRECT] Mar 31, 2024 12:21:19 AM java.util.prefs.FileSystemPreferences syncWorld
2024-03-31 00:21:19,193 [ERROR] LogOutputStream:75 - [STDERR_REDIRECT] WARNING: Couldn't flush system prefs: java.util.prefs.BackingStoreException: Couldn't get file lock.
2024-03-31 00:21:19,193 [ERROR] LogOutputStream:75 - [STDERR_REDIRECT] 
2024-03-31 00:21:49,194 [ERROR] LogOutputStream:75 - [STDERR_REDIRECT] Mar 31, 2024 12:21:49 AM java.util.prefs.FileSystemPreferences checkLockFile0ErrorCode
2024-03-31 00:21:49,195 [ERROR] LogOutputStream:75 - [STDERR_REDIRECT] WARNING: Could not lock System prefs. Unix error code 5.
2024-03-31 00:21:49,196 [ERROR] LogOutputStream:75 - [STDERR_REDIRECT] 
2024-03-31 00:21:49,197 [ERROR] LogOutputStream:75 - [STDERR_REDIRECT] Mar 31, 2024 12:21:49 AM java.util.prefs.FileSystemPreferences syncWorld
2024-03-31 00:21:49,198 [ERROR] LogOutputStream:75 - [STDERR_REDIRECT] WARNING: Couldn't flush system prefs: java.util.prefs.BackingStoreException: Couldn't get file lock.
2024-03-31 00:21:49,198 [ERROR] LogOutputStream:75 - [STDERR_REDIRECT] 
2024-03-31 00:22:19,196 [ERROR] LogOutputStream:75 - [STDERR_REDIRECT] Mar 31, 2024 12:22:19 AM java.util.prefs.FileSystemPreferences checkLockFile0ErrorCode
2024-03-31 00:22:19,197 [ERROR] LogOutputStream:75 - [STDERR_REDIRECT] WARNING: Could not lock System prefs. Unix error code 5.
2024-03-31 00:22:19,198 [ERROR] LogOutputStream:75 - [STDERR_REDIRECT] 
2024-03-31 00:22:19,199 [ERROR] LogOutputStream:75 - [STDERR_REDIRECT] Mar 31, 2024 12:22:19 AM java.util.prefs.FileSystemPreferences syncWorld
2024-03-31 00:22:19,200 [ERROR] LogOutputStream:75 - [STDERR_REDIRECT] WARNING: Couldn't flush system prefs: java.util.prefs.BackingStoreException: Couldn't get file lock.
2024-03-31 00:22:19,201 [ERROR] LogOutputStream:75 - [STDERR_REDIRECT] 
2024-03-31 00:22:49,195 [ERROR] LogOutputStream:75 - [STDERR_REDIRECT] Mar 31, 2024 12:22:49 AM java.util.prefs.FileSystemPreferences checkLockFile0ErrorCode
2024-03-31 00:22:49,196 [ERROR] LogOutputStream:75 - [STDERR_REDIRECT] WARNING: Could not lock System prefs. Unix error code 5.
2024-03-31 00:22:49,196 [ERROR] LogOutputStream:75 - [STDERR_REDIRECT] 
2024-03-31 00:22:49,197 [ERROR] LogOutputStream:75 - [STDERR_REDIRECT] Mar 31, 2024 12:22:49 AM java.util.prefs.FileSystemPreferences syncWorld
2024-03-31 00:22:49,197 [ERROR] LogOutputStream:75 - [STDERR_REDIRECT] WARNING: Couldn't flush system prefs: java.util.prefs.BackingStoreException: Couldn't get file lock.
2024-03-31 00:22:49,197 [ERROR] LogOutputStream:75 - [STDERR_REDIRECT] 
2024-03-31 00:23:19,205 [ERROR] LogOutputStream:75 - [STDERR_REDIRECT] Mar 31, 2024 12:23:19 AM java.util.prefs.FileSystemPreferences checkLockFile0ErrorCode
2024-03-31 00:23:19,205 [ERROR] LogOutputStream:75 - [STDERR_REDIRECT] WARNING: Could not lock System prefs. Unix error code 5.
2024-03-31 00:23:19,205 [ERROR] LogOutputStream:75 - [STDERR_REDIRECT] 
2024-03-31 00:23:19,206 [ERROR] LogOutputStream:75 - [STDERR_REDIRECT] Mar 31, 2024 12:23:19 AM java.util.prefs.FileSystemPreferences syncWorld
2024-03-31 00:23:19,206 [ERROR] LogOutputStream:75 - [STDERR_REDIRECT] WARNING: Couldn't flush system prefs: java.util.prefs.BackingStoreException: Couldn't get file lock.
2024-03-31 00:23:19,206 [ERROR] LogOutputStream:75 - [STDERR_REDIRECT] 
2024-03-31 00:23:49,193 [ERROR] LogOutputStream:75 - [STDERR_REDIRECT] Mar 31, 2024 12:23:49 AM java.util.prefs.FileSystemPreferences checkLockFile0ErrorCode
2024-03-31 00:23:49,193 [ERROR] LogOutputStream:75 - [STDERR_REDIRECT] WARNING: Could not lock System prefs. Unix error code 5.
2024-03-31 00:23:49,193 [ERROR] LogOutputStream:75 - [STDERR_REDIRECT] 
2024-03-31 00:23:49,194 [ERROR] LogOutputStream:75 - [STDERR_REDIRECT] Mar 31, 2024 12:23:49 AM java.util.prefs.FileSystemPreferences syncWorld
2024-03-31 00:23:49,194 [ERROR] LogOutputStream:75 - [STDERR_REDIRECT] WARNING: Couldn't flush system prefs: java.util.prefs.BackingStoreException: Couldn't get file lock.
2024-03-31 00:23:49,195 [ERROR] LogOutputStream:75 - [STDERR_REDIRECT] 
2024-03-31 00:24:19,192 [ERROR] LogOutputStream:75 - [STDERR_REDIRECT] Mar 31, 2024 12:24:19 AM java.util.prefs.FileSystemPreferences checkLockFile0ErrorCode
2024-03-31 00:24:19,192 [ERROR] LogOutputStream:75 - [STDERR_REDIRECT] WARNING: Could not lock System prefs. Unix error code 5.
2024-03-31 00:24:19,192 [ERROR] LogOutputStream:75 - [STDERR_REDIRECT] 
2024-03-31 00:24:19,192 [ERROR] LogOutputStream:75 - [STDERR_REDIRECT] Mar 31, 2024 12:24:19 AM java.util.prefs.FileSystemPreferences syncWorld
2024-03-31 00:24:19,192 [ERROR] LogOutputStream:75 - [STDERR_REDIRECT] WARNING: Couldn't flush system prefs: java.util.prefs.BackingStoreException: Couldn't get file lock.
2024-03-31 00:24:19,192 [ERROR] LogOutputStream:75 - [STDERR_REDIRECT] 
2024-03-31 00:24:49,193 [ERROR] LogOutputStream:75 - [STDERR_REDIRECT] Mar 31, 2024 12:24:49 AM java.util.prefs.FileSystemPreferences checkLockFile0ErrorCode
2024-03-31 00:24:49,193 [ERROR] LogOutputStream:75 - [STDERR_REDIRECT] WARNING: Could not lock System prefs. Unix error code 5.
2024-03-31 00:24:49,193 [ERROR] LogOutputStream:75 - [STDERR_REDIRECT] 
2024-03-31 00:24:49,194 [ERROR] LogOutputStream:75 - [STDERR_REDIRECT] Mar 31, 2024 12:24:49 AM java.util.prefs.FileSystemPreferences syncWorld
2024-03-31 00:24:49,194 [ERROR] LogOutputStream:75 - [STDERR_REDIRECT] WARNING: Couldn't flush system prefs: java.util.prefs.BackingStoreException: Couldn't get file lock.
2024-03-31 00:24:49,194 [ERROR] LogOutputStream:75 - [STDERR_REDIRECT] 
2024-03-31 00:25:19,192 [ERROR] LogOutputStream:75 - [STDERR_REDIRECT] Mar 31, 2024 12:25:19 AM java.util.prefs.FileSystemPreferences checkLockFile0ErrorCode
2024-03-31 00:25:19,192 [ERROR] LogOutputStream:75 - [STDERR_REDIRECT] WARNING: Could not lock System prefs. Unix error code 5.
2024-03-31 00:25:19,193 [ERROR] LogOutputStream:75 - [STDERR_REDIRECT] 
2024-03-31 00:25:19,193 [ERROR] LogOutputStream:75 - [STDERR_REDIRECT] Mar 31, 2024 12:25:19 AM java.util.prefs.FileSystemPreferences syncWorld
2024-03-31 00:25:19,193 [ERROR] LogOutputStream:75 - [STDERR_REDIRECT] WARNING: Couldn't flush system prefs: java.util.prefs.BackingStoreException: Couldn't get file lock.
2024-03-31 00:25:19,193 [ERROR] LogOutputStream:75 - [STDERR_REDIRECT] 
2024-03-31 00:25:49,195 [ERROR] LogOutputStream:75 - [STDERR_REDIRECT] Mar 31, 2024 12:25:49 AM java.util.prefs.FileSystemPreferences checkLockFile0ErrorCode
2024-03-31 00:25:49,196 [ERROR] LogOutputStream:75 - [STDERR_REDIRECT] WARNING: Could not lock System prefs. Unix error code 5.
2024-03-31 00:25:49,196 [ERROR] LogOutputStream:75 - [STDERR_REDIRECT] 
2024-03-31 00:25:49,198 [ERROR] LogOutputStream:75 - [STDERR_REDIRECT] Mar 31, 2024 12:25:49 AM java.util.prefs.FileSystemPreferences syncWorld
2024-03-31 00:25:49,199 [ERROR] LogOutputStream:75 - [STDERR_REDIRECT] WARNING: Couldn't flush system prefs: java.util.prefs.BackingStoreException: Couldn't get file lock.
2024-03-31 00:25:49,199 [ERROR] LogOutputStream:75 - [STDERR_REDIRECT] 
2024-03-31 00:26:19,192 [ERROR] LogOutputStream:75 - [STDERR_REDIRECT] Mar 31, 2024 12:26:19 AM java.util.prefs.FileSystemPreferences checkLockFile0ErrorCode
2024-03-31 00:26:19,192 [ERROR] LogOutputStream:75 - [STDERR_REDIRECT] WARNING: Could not lock System prefs. Unix error code 5.
2024-03-31 00:26:19,192 [ERROR] LogOutputStream:75 - [STDERR_REDIRECT] 
2024-03-31 00:26:19,193 [ERROR] LogOutputStream:75 - [STDERR_REDIRECT] Mar 31, 2024 12:26:19 AM java.util.prefs.FileSystemPreferences syncWorld
2024-03-31 00:26:19,193 [ERROR] LogOutputStream:75 - [STDERR_REDIRECT] WARNING: Couldn't flush system prefs: java.util.prefs.BackingStoreException: Couldn't get file lock.
2024-03-31 00:26:19,193 [ERROR] LogOutputStream:75 - [STDERR_REDIRECT] 
2024-03-31 00:26:49,194 [ERROR] LogOutputStream:75 - [STDERR_REDIRECT] Mar 31, 2024 12:26:49 AM java.util.prefs.FileSystemPreferences checkLockFile0ErrorCode
2024-03-31 00:26:49,195 [ERROR] LogOutputStream:75 - [STDERR_REDIRECT] WARNING: Could not lock System prefs. Unix error code 5.
2024-03-31 00:26:49,195 [ERROR] LogOutputStream:75 - [STDERR_REDIRECT] 
2024-03-31 00:26:49,196 [ERROR] LogOutputStream:75 - [STDERR_REDIRECT] Mar 31, 2024 12:26:49 AM java.util.prefs.FileSystemPreferences syncWorld
2024-03-31 00:26:49,197 [ERROR] LogOutputStream:75 - [STDERR_REDIRECT] WARNING: Couldn't flush system prefs: java.util.prefs.BackingStoreException: Couldn't get file lock.
2024-03-31 00:26:49,197 [ERROR] LogOutputStream:75 - [STDERR_REDIRECT] 
2024-03-31 00:27:19,195 [ERROR] LogOutputStream:75 - [STDERR_REDIRECT] Mar 31, 2024 12:27:19 AM java.util.prefs.FileSystemPreferences checkLockFile0ErrorCode
2024-03-31 00:27:19,196 [ERROR] LogOutputStream:75 - [STDERR_REDIRECT] WARNING: Could not lock System prefs. Unix error code 5.
2024-03-31 00:27:19,197 [ERROR] LogOutputStream:75 - [STDERR_REDIRECT] 
2024-03-31 00:27:19,198 [ERROR] LogOutputStream:75 - [STDERR_REDIRECT] Mar 31, 2024 12:27:19 AM java.util.prefs.FileSystemPreferences syncWorld
2024-03-31 00:27:19,198 [ERROR] LogOutputStream:75 - [STDERR_REDIRECT] WARNING: Couldn't flush system prefs: java.util.prefs.BackingStoreException: Couldn't get file lock.
2024-03-31 00:27:19,199 [ERROR] LogOutputStream:75 - [STDERR_REDIRECT] 
2024-03-31 00:27:49,196 [ERROR] LogOutputStream:75 - [STDERR_REDIRECT] Mar 31, 2024 12:27:49 AM java.util.prefs.FileSystemPreferences checkLockFile0ErrorCode
2024-03-31 00:27:49,196 [ERROR] LogOutputStream:75 - [STDERR_REDIRECT] WARNING: Could not lock System prefs. Unix error code 5.
2024-03-31 00:27:49,196 [ERROR] LogOutputStream:75 - [STDERR_REDIRECT] 
2024-03-31 00:27:49,197 [ERROR] LogOutputStream:75 - [STDERR_REDIRECT] Mar 31, 2024 12:27:49 AM java.util.prefs.FileSystemPreferences syncWorld
2024-03-31 00:27:49,197 [ERROR] LogOutputStream:75 - [STDERR_REDIRECT] WARNING: Couldn't flush system prefs: java.util.prefs.BackingStoreException: Couldn't get file lock.
2024-03-31 00:27:49,197 [ERROR] LogOutputStream:75 - [STDERR_REDIRECT] 
2024-03-31 00:28:19,197 [ERROR] LogOutputStream:75 - [STDERR_REDIRECT] Mar 31, 2024 12:28:19 AM java.util.prefs.FileSystemPreferences checkLockFile0ErrorCode
2024-03-31 00:28:19,198 [ERROR] LogOutputStream:75 - [STDERR_REDIRECT] WARNING: Could not lock System prefs. Unix error code 5.
2024-03-31 00:28:19,199 [ERROR] LogOutputStream:75 - [STDERR_REDIRECT] 
2024-03-31 00:28:19,200 [ERROR] LogOutputStream:75 - [STDERR_REDIRECT] Mar 31, 2024 12:28:19 AM java.util.prefs.FileSystemPreferences syncWorld
2024-03-31 00:28:19,201 [ERROR] LogOutputStream:75 - [STDERR_REDIRECT] WARNING: Couldn't flush system prefs: java.util.prefs.BackingStoreException: Couldn't get file lock.
2024-03-31 00:28:19,201 [ERROR] LogOutputStream:75 - [STDERR_REDIRECT] 
2024-03-31 00:28:49,194 [ERROR] LogOutputStream:75 - [STDERR_REDIRECT] Mar 31, 2024 12:28:49 AM java.util.prefs.FileSystemPreferences checkLockFile0ErrorCode
2024-03-31 00:28:49,195 [ERROR] LogOutputStream:75 - [STDERR_REDIRECT] WARNING: Could not lock System prefs. Unix error code 5.
2024-03-31 00:28:49,195 [ERROR] LogOutputStream:75 - [STDERR_REDIRECT] 
2024-03-31 00:28:49,195 [ERROR] LogOutputStream:75 - [STDERR_REDIRECT] Mar 31, 2024 12:28:49 AM java.util.prefs.FileSystemPreferences syncWorld
2024-03-31 00:28:49,195 [ERROR] LogOutputStream:75 - [STDERR_REDIRECT] WARNING: Couldn't flush system prefs: java.util.prefs.BackingStoreException: Couldn't get file lock.
2024-03-31 00:28:49,195 [ERROR] LogOutputStream:75 - [STDERR_REDIRECT] 
2024-03-31 00:29:19,195 [ERROR] LogOutputStream:75 - [STDERR_REDIRECT] Mar 31, 2024 12:29:19 AM java.util.prefs.FileSystemPreferences checkLockFile0ErrorCode
2024-03-31 00:29:19,196 [ERROR] LogOutputStream:75 - [STDERR_REDIRECT] WARNING: Could not lock System prefs. Unix error code 5.
2024-03-31 00:29:19,196 [ERROR] LogOutputStream:75 - [STDERR_REDIRECT] 
2024-03-31 00:29:19,196 [ERROR] LogOutputStream:75 - [STDERR_REDIRECT] Mar 31, 2024 12:29:19 AM java.util.prefs.FileSystemPreferences syncWorld
2024-03-31 00:29:19,196 [ERROR] LogOutputStream:75 - [STDERR_REDIRECT] WARNING: Couldn't flush system prefs: java.util.prefs.BackingStoreException: Couldn't get file lock.
2024-03-31 00:29:19,196 [ERROR] LogOutputStream:75 - [STDERR_REDIRECT] 
2024-03-31 00:29:49,196 [ERROR] LogOutputStream:75 - [STDERR_REDIRECT] Mar 31, 2024 12:29:49 AM java.util.prefs.FileSystemPreferences checkLockFile0ErrorCode
2024-03-31 00:29:49,197 [ERROR] LogOutputStream:75 - [STDERR_REDIRECT] WARNING: Could not lock System prefs. Unix error code 5.
2024-03-31 00:29:49,197 [ERROR] LogOutputStream:75 - [STDERR_REDIRECT] 
2024-03-31 00:29:49,198 [ERROR] LogOutputStream:75 - [STDERR_REDIRECT] Mar 31, 2024 12:29:49 AM java.util.prefs.FileSystemPreferences syncWorld
2024-03-31 00:29:49,198 [ERROR] LogOutputStream:75 - [STDERR_REDIRECT] WARNING: Couldn't flush system prefs: java.util.prefs.BackingStoreException: Couldn't get file lock.
2024-03-31 00:29:49,199 [ERROR] LogOutputStream:75 - [STDERR_REDIRECT] 
2024-03-31 00:30:19,197 [ERROR] LogOutputStream:75 - [STDERR_REDIRECT] Mar 31, 2024 12:30:19 AM java.util.prefs.FileSystemPreferences checkLockFile0ErrorCode
2024-03-31 00:30:19,198 [ERROR] LogOutputStream:75 - [STDERR_REDIRECT] WARNING: Could not lock System prefs. Unix error code 5.
2024-03-31 00:30:19,198 [ERROR] LogOutputStream:75 - [STDERR_REDIRECT] 
2024-03-31 00:30:19,199 [ERROR] LogOutputStream:75 - [STDERR_REDIRECT] Mar 31, 2024 12:30:19 AM java.util.prefs.FileSystemPreferences syncWorld
2024-03-31 00:30:19,200 [ERROR] LogOutputStream:75 - [STDERR_REDIRECT] WARNING: Couldn't flush system prefs: java.util.prefs.BackingStoreException: Couldn't get file lock.
2024-03-31 00:30:19,200 [ERROR] LogOutputStream:75 - [STDERR_REDIRECT] 
2024-03-31 00:30:49,199 [ERROR] LogOutputStream:75 - [STDERR_REDIRECT] Mar 31, 2024 12:30:49 AM java.util.prefs.FileSystemPreferences checkLockFile0ErrorCode
2024-03-31 00:30:49,199 [ERROR] LogOutputStream:75 - [STDERR_REDIRECT] WARNING: Could not lock System prefs. Unix error code 5.
2024-03-31 00:30:49,199 [ERROR] LogOutputStream:75 - [STDERR_REDIRECT] 
2024-03-31 00:30:49,199 [ERROR] LogOutputStream:75 - [STDERR_REDIRECT] Mar 31, 2024 12:30:49 AM java.util.prefs.FileSystemPreferences syncWorld
2024-03-31 00:30:49,199 [ERROR] LogOutputStream:75 - [STDERR_REDIRECT] WARNING: Couldn't flush system prefs: java.util.prefs.BackingStoreException: Couldn't get file lock.
2024-03-31 00:30:49,199 [ERROR] LogOutputStream:75 - [STDERR_REDIRECT] 
2024-03-31 00:31:19,198 [ERROR] LogOutputStream:75 - [STDERR_REDIRECT] Mar 31, 2024 12:31:19 AM java.util.prefs.FileSystemPreferences checkLockFile0ErrorCode
2024-03-31 00:31:19,199 [ERROR] LogOutputStream:75 - [STDERR_REDIRECT] WARNING: Could not lock System prefs. Unix error code 5.
2024-03-31 00:31:19,200 [ERROR] LogOutputStream:75 - [STDERR_REDIRECT] 
2024-03-31 00:31:19,201 [ERROR] LogOutputStream:75 - [STDERR_REDIRECT] Mar 31, 2024 12:31:19 AM java.util.prefs.FileSystemPreferences syncWorld
2024-03-31 00:31:19,202 [ERROR] LogOutputStream:75 - [STDERR_REDIRECT] WARNING: Couldn't flush system prefs: java.util.prefs.BackingStoreException: Couldn't get file lock.
2024-03-31 00:31:19,202 [ERROR] LogOutputStream:75 - [STDERR_REDIRECT] 
2024-03-31 00:31:49,199 [ERROR] LogOutputStream:75 - [STDERR_REDIRECT] Mar 31, 2024 12:31:49 AM java.util.prefs.FileSystemPreferences checkLockFile0ErrorCode
2024-03-31 00:31:49,200 [ERROR] LogOutputStream:75 - [STDERR_REDIRECT] WARNING: Could not lock System prefs. Unix error code 5.
2024-03-31 00:31:49,201 [ERROR] LogOutputStream:75 - [STDERR_REDIRECT] 
2024-03-31 00:31:49,202 [ERROR] LogOutputStream:75 - [STDERR_REDIRECT] Mar 31, 2024 12:31:49 AM java.util.prefs.FileSystemPreferences syncWorld
2024-03-31 00:31:49,203 [ERROR] LogOutputStream:75 - [STDERR_REDIRECT] WARNING: Couldn't flush system prefs: java.util.prefs.BackingStoreException: Couldn't get file lock.
2024-03-31 00:31:49,203 [ERROR] LogOutputStream:75 - [STDERR_REDIRECT] 
2024-03-31 00:32:19,197 [ERROR] LogOutputStream:75 - [STDERR_REDIRECT] Mar 31, 2024 12:32:19 AM java.util.prefs.FileSystemPreferences checkLockFile0ErrorCode
2024-03-31 00:32:19,198 [ERROR] LogOutputStream:75 - [STDERR_REDIRECT] WARNING: Could not lock System prefs. Unix error code 5.
2024-03-31 00:32:19,198 [ERROR] LogOutputStream:75 - [STDERR_REDIRECT] 
2024-03-31 00:32:19,199 [ERROR] LogOutputStream:75 - [STDERR_REDIRECT] Mar 31, 2024 12:32:19 AM java.util.prefs.FileSystemPreferences syncWorld
2024-03-31 00:32:19,200 [ERROR] LogOutputStream:75 - [STDERR_REDIRECT] WARNING: Couldn't flush system prefs: java.util.prefs.BackingStoreException: Couldn't get file lock.
2024-03-31 00:32:19,200 [ERROR] LogOutputStream:75 - [STDERR_REDIRECT] 
2024-03-31 00:32:49,198 [ERROR] LogOutputStream:75 - [STDERR_REDIRECT] Mar 31, 2024 12:32:49 AM java.util.prefs.FileSystemPreferences checkLockFile0ErrorCode
2024-03-31 00:32:49,198 [ERROR] LogOutputStream:75 - [STDERR_REDIRECT] WARNING: Could not lock System prefs. Unix error code 5.
2024-03-31 00:32:49,199 [ERROR] LogOutputStream:75 - [STDERR_REDIRECT] 
2024-03-31 00:32:49,200 [ERROR] LogOutputStream:75 - [STDERR_REDIRECT] Mar 31, 2024 12:32:49 AM java.util.prefs.FileSystemPreferences syncWorld
2024-03-31 00:32:49,200 [ERROR] LogOutputStream:75 - [STDERR_REDIRECT] WARNING: Couldn't flush system prefs: java.util.prefs.BackingStoreException: Couldn't get file lock.
2024-03-31 00:32:49,201 [ERROR] LogOutputStream:75 - [STDERR_REDIRECT] 
2024-03-31 00:33:19,198 [ERROR] LogOutputStream:75 - [STDERR_REDIRECT] Mar 31, 2024 12:33:19 AM java.util.prefs.FileSystemPreferences checkLockFile0ErrorCode
2024-03-31 00:33:19,199 [ERROR] LogOutputStream:75 - [STDERR_REDIRECT] WARNING: Could not lock System prefs. Unix error code 5.
2024-03-31 00:33:19,200 [ERROR] LogOutputStream:75 - [STDERR_REDIRECT] 
2024-03-31 00:33:19,201 [ERROR] LogOutputStream:75 - [STDERR_REDIRECT] Mar 31, 2024 12:33:19 AM java.util.prefs.FileSystemPreferences syncWorld
2024-03-31 00:33:19,202 [ERROR] LogOutputStream:75 - [STDERR_REDIRECT] WARNING: Couldn't flush system prefs: java.util.prefs.BackingStoreException: Couldn't get file lock.
2024-03-31 00:33:19,202 [ERROR] LogOutputStream:75 - [STDERR_REDIRECT] 
2024-03-31 00:33:49,201 [ERROR] LogOutputStream:75 - [STDERR_REDIRECT] Mar 31, 2024 12:33:49 AM java.util.prefs.FileSystemPreferences checkLockFile0ErrorCode
2024-03-31 00:33:49,202 [ERROR] LogOutputStream:75 - [STDERR_REDIRECT] WARNING: Could not lock System prefs. Unix error code 5.
2024-03-31 00:33:49,203 [ERROR] LogOutputStream:75 - [STDERR_REDIRECT] 
2024-03-31 00:33:49,204 [ERROR] LogOutputStream:75 - [STDERR_REDIRECT] Mar 31, 2024 12:33:49 AM java.util.prefs.FileSystemPreferences syncWorld
2024-03-31 00:33:49,205 [ERROR] LogOutputStream:75 - [STDERR_REDIRECT] WARNING: Couldn't flush system prefs: java.util.prefs.BackingStoreException: Couldn't get file lock.
2024-03-31 00:33:49,205 [ERROR] LogOutputStream:75 - [STDERR_REDIRECT] 
2024-03-31 00:34:19,198 [ERROR] LogOutputStream:75 - [STDERR_REDIRECT] Mar 31, 2024 12:34:19 AM java.util.prefs.FileSystemPreferences checkLockFile0ErrorCode
2024-03-31 00:34:19,199 [ERROR] LogOutputStream:75 - [STDERR_REDIRECT] WARNING: Could not lock System prefs. Unix error code 5.
2024-03-31 00:34:19,201 [ERROR] LogOutputStream:75 - [STDERR_REDIRECT] 
2024-03-31 00:34:19,203 [ERROR] LogOutputStream:75 - [STDERR_REDIRECT] Mar 31, 2024 12:34:19 AM java.util.prefs.FileSystemPreferences syncWorld
2024-03-31 00:34:19,203 [ERROR] LogOutputStream:75 - [STDERR_REDIRECT] WARNING: Couldn't flush system prefs: java.util.prefs.BackingStoreException: Couldn't get file lock.
2024-03-31 00:34:19,204 [ERROR] LogOutputStream:75 - [STDERR_REDIRECT] 
2024-03-31 00:34:49,200 [ERROR] LogOutputStream:75 - [STDERR_REDIRECT] Mar 31, 2024 12:34:49 AM java.util.prefs.FileSystemPreferences checkLockFile0ErrorCode
2024-03-31 00:34:49,201 [ERROR] LogOutputStream:75 - [STDERR_REDIRECT] WARNING: Could not lock System prefs. Unix error code 5.
2024-03-31 00:34:49,201 [ERROR] LogOutputStream:75 - [STDERR_REDIRECT] 
2024-03-31 00:34:49,202 [ERROR] LogOutputStream:75 - [STDERR_REDIRECT] Mar 31, 2024 12:34:49 AM java.util.prefs.FileSystemPreferences syncWorld
2024-03-31 00:34:49,203 [ERROR] LogOutputStream:75 - [STDERR_REDIRECT] WARNING: Couldn't flush system prefs: java.util.prefs.BackingStoreException: Couldn't get file lock.
2024-03-31 00:34:49,203 [ERROR] LogOutputStream:75 - [STDERR_REDIRECT] 
2024-03-31 00:35:19,198 [ERROR] LogOutputStream:75 - [STDERR_REDIRECT] Mar 31, 2024 12:35:19 AM java.util.prefs.FileSystemPreferences checkLockFile0ErrorCode
2024-03-31 00:35:19,198 [ERROR] LogOutputStream:75 - [STDERR_REDIRECT] WARNING: Could not lock System prefs. Unix error code 5.
2024-03-31 00:35:19,198 [ERROR] LogOutputStream:75 - [STDERR_REDIRECT] 
2024-03-31 00:35:19,198 [ERROR] LogOutputStream:75 - [STDERR_REDIRECT] Mar 31, 2024 12:35:19 AM java.util.prefs.FileSystemPreferences syncWorld
2024-03-31 00:35:19,199 [ERROR] LogOutputStream:75 - [STDERR_REDIRECT] WARNING: Couldn't flush system prefs: java.util.prefs.BackingStoreException: Couldn't get file lock.
2024-03-31 00:35:19,199 [ERROR] LogOutputStream:75 - [STDERR_REDIRECT] 
2024-03-31 00:35:49,198 [ERROR] LogOutputStream:75 - [STDERR_REDIRECT] Mar 31, 2024 12:35:49 AM java.util.prefs.FileSystemPreferences checkLockFile0ErrorCode
2024-03-31 00:35:49,198 [ERROR] LogOutputStream:75 - [STDERR_REDIRECT] WARNING: Could not lock System prefs. Unix error code 5.
2024-03-31 00:35:49,198 [ERROR] LogOutputStream:75 - [STDERR_REDIRECT] 
2024-03-31 00:35:49,199 [ERROR] LogOutputStream:75 - [STDERR_REDIRECT] Mar 31, 2024 12:35:49 AM java.util.prefs.FileSystemPreferences syncWorld
2024-03-31 00:35:49,199 [ERROR] LogOutputStream:75 - [STDERR_REDIRECT] WARNING: Couldn't flush system prefs: java.util.prefs.BackingStoreException: Couldn't get file lock.
2024-03-31 00:35:49,199 [ERROR] LogOutputStream:75 - [STDERR_REDIRECT] 
2024-03-31 00:36:19,198 [ERROR] LogOutputStream:75 - [STDERR_REDIRECT] Mar 31, 2024 12:36:19 AM java.util.prefs.FileSystemPreferences checkLockFile0ErrorCode
2024-03-31 00:36:19,198 [ERROR] LogOutputStream:75 - [STDERR_REDIRECT] WARNING: Could not lock System prefs. Unix error code 5.
2024-03-31 00:36:19,198 [ERROR] LogOutputStream:75 - [STDERR_REDIRECT] 
2024-03-31 00:36:19,198 [ERROR] LogOutputStream:75 - [STDERR_REDIRECT] Mar 31, 2024 12:36:19 AM java.util.prefs.FileSystemPreferences syncWorld
2024-03-31 00:36:19,198 [ERROR] LogOutputStream:75 - [STDERR_REDIRECT] WARNING: Couldn't flush system prefs: java.util.prefs.BackingStoreException: Couldn't get file lock.
2024-03-31 00:36:19,198 [ERROR] LogOutputStream:75 - [STDERR_REDIRECT] 
2024-03-31 00:36:49,198 [ERROR] LogOutputStream:75 - [STDERR_REDIRECT] Mar 31, 2024 12:36:49 AM java.util.prefs.FileSystemPreferences checkLockFile0ErrorCode
2024-03-31 00:36:49,198 [ERROR] LogOutputStream:75 - [STDERR_REDIRECT] WARNING: Could not lock System prefs. Unix error code 5.
2024-03-31 00:36:49,198 [ERROR] LogOutputStream:75 - [STDERR_REDIRECT] 
2024-03-31 00:36:49,198 [ERROR] LogOutputStream:75 - [STDERR_REDIRECT] Mar 31, 2024 12:36:49 AM java.util.prefs.FileSystemPreferences syncWorld
2024-03-31 00:36:49,199 [ERROR] LogOutputStream:75 - [STDERR_REDIRECT] WARNING: Couldn't flush system prefs: java.util.prefs.BackingStoreException: Couldn't get file lock.
2024-03-31 00:36:49,199 [ERROR] LogOutputStream:75 - [STDERR_REDIRECT] 
2024-03-31 00:37:19,198 [ERROR] LogOutputStream:75 - [STDERR_REDIRECT] Mar 31, 2024 12:37:19 AM java.util.prefs.FileSystemPreferences checkLockFile0ErrorCode
2024-03-31 00:37:19,198 [ERROR] LogOutputStream:75 - [STDERR_REDIRECT] WARNING: Could not lock System prefs. Unix error code 5.
2024-03-31 00:37:19,198 [ERROR] LogOutputStream:75 - [STDERR_REDIRECT] 
2024-03-31 00:37:19,198 [ERROR] LogOutputStream:75 - [STDERR_REDIRECT] Mar 31, 2024 12:37:19 AM java.util.prefs.FileSystemPreferences syncWorld
2024-03-31 00:37:19,198 [ERROR] LogOutputStream:75 - [STDERR_REDIRECT] WARNING: Couldn't flush system prefs: java.util.prefs.BackingStoreException: Couldn't get file lock.
2024-03-31 00:37:19,198 [ERROR] LogOutputStream:75 - [STDERR_REDIRECT] 
2024-03-31 00:37:49,201 [ERROR] LogOutputStream:75 - [STDERR_REDIRECT] Mar 31, 2024 12:37:49 AM java.util.prefs.FileSystemPreferences checkLockFile0ErrorCode
2024-03-31 00:37:49,201 [ERROR] LogOutputStream:75 - [STDERR_REDIRECT] WARNING: Could not lock System prefs. Unix error code 5.
2024-03-31 00:37:49,201 [ERROR] LogOutputStream:75 - [STDERR_REDIRECT] 
2024-03-31 00:37:49,201 [ERROR] LogOutputStream:75 - [STDERR_REDIRECT] Mar 31, 2024 12:37:49 AM java.util.prefs.FileSystemPreferences syncWorld
2024-03-31 00:37:49,201 [ERROR] LogOutputStream:75 - [STDERR_REDIRECT] WARNING: Couldn't flush system prefs: java.util.prefs.BackingStoreException: Couldn't get file lock.
2024-03-31 00:37:49,201 [ERROR] LogOutputStream:75 - [STDERR_REDIRECT] 
2024-03-31 00:38:19,202 [ERROR] LogOutputStream:75 - [STDERR_REDIRECT] Mar 31, 2024 12:38:19 AM java.util.prefs.FileSystemPreferences checkLockFile0ErrorCode
2024-03-31 00:38:19,202 [ERROR] LogOutputStream:75 - [STDERR_REDIRECT] WARNING: Could not lock System prefs. Unix error code 5.
2024-03-31 00:38:19,202 [ERROR] LogOutputStream:75 - [STDERR_REDIRECT] 
2024-03-31 00:38:19,203 [ERROR] LogOutputStream:75 - [STDERR_REDIRECT] Mar 31, 2024 12:38:19 AM java.util.prefs.FileSystemPreferences syncWorld
2024-03-31 00:38:19,203 [ERROR] LogOutputStream:75 - [STDERR_REDIRECT] WARNING: Couldn't flush system prefs: java.util.prefs.BackingStoreException: Couldn't get file lock.
2024-03-31 00:38:19,203 [ERROR] LogOutputStream:75 - [STDERR_REDIRECT] 
2024-03-31 00:38:49,201 [ERROR] LogOutputStream:75 - [STDERR_REDIRECT] Mar 31, 2024 12:38:49 AM java.util.prefs.FileSystemPreferences checkLockFile0ErrorCode
2024-03-31 00:38:49,201 [ERROR] LogOutputStream:75 - [STDERR_REDIRECT] WARNING: Could not lock System prefs. Unix error code 5.
2024-03-31 00:38:49,201 [ERROR] LogOutputStream:75 - [STDERR_REDIRECT] 
2024-03-31 00:38:49,201 [ERROR] LogOutputStream:75 - [STDERR_REDIRECT] Mar 31, 2024 12:38:49 AM java.util.prefs.FileSystemPreferences syncWorld
2024-03-31 00:38:49,201 [ERROR] LogOutputStream:75 - [STDERR_REDIRECT] WARNING: Couldn't flush system prefs: java.util.prefs.BackingStoreException: Couldn't get file lock.
2024-03-31 00:38:49,202 [ERROR] LogOutputStream:75 - [STDERR_REDIRECT] 
2024-03-31 00:39:19,201 [ERROR] LogOutputStream:75 - [STDERR_REDIRECT] Mar 31, 2024 12:39:19 AM java.util.prefs.FileSystemPreferences checkLockFile0ErrorCode
2024-03-31 00:39:19,202 [ERROR] LogOutputStream:75 - [STDERR_REDIRECT] WARNING: Could not lock System prefs. Unix error code 5.
2024-03-31 00:39:19,202 [ERROR] LogOutputStream:75 - [STDERR_REDIRECT] 
2024-03-31 00:39:19,202 [ERROR] LogOutputStream:75 - [STDERR_REDIRECT] Mar 31, 2024 12:39:19 AM java.util.prefs.FileSystemPreferences syncWorld
2024-03-31 00:39:19,202 [ERROR] LogOutputStream:75 - [STDERR_REDIRECT] WARNING: Couldn't flush system prefs: java.util.prefs.BackingStoreException: Couldn't get file lock.
2024-03-31 00:39:19,202 [ERROR] LogOutputStream:75 - [STDERR_REDIRECT] 
2024-03-31 00:39:49,202 [ERROR] LogOutputStream:75 - [STDERR_REDIRECT] Mar 31, 2024 12:39:49 AM java.util.prefs.FileSystemPreferences checkLockFile0ErrorCode
2024-03-31 00:39:49,202 [ERROR] LogOutputStream:75 - [STDERR_REDIRECT] WARNING: Could not lock System prefs. Unix error code 5.
2024-03-31 00:39:49,202 [ERROR] LogOutputStream:75 - [STDERR_REDIRECT] 
2024-03-31 00:39:49,203 [ERROR] LogOutputStream:75 - [STDERR_REDIRECT] Mar 31, 2024 12:39:49 AM java.util.prefs.FileSystemPreferences syncWorld
2024-03-31 00:39:49,203 [ERROR] LogOutputStream:75 - [STDERR_REDIRECT] WARNING: Couldn't flush system prefs: java.util.prefs.BackingStoreException: Couldn't get file lock.
2024-03-31 00:39:49,203 [ERROR] LogOutputStream:75 - [STDERR_REDIRECT] 
2024-03-31 00:40:19,203 [ERROR] LogOutputStream:75 - [STDERR_REDIRECT] Mar 31, 2024 12:40:19 AM java.util.prefs.FileSystemPreferences checkLockFile0ErrorCode
2024-03-31 00:40:19,203 [ERROR] LogOutputStream:75 - [STDERR_REDIRECT] WARNING: Could not lock System prefs. Unix error code 5.
2024-03-31 00:40:19,203 [ERROR] LogOutputStream:75 - [STDERR_REDIRECT] 
2024-03-31 00:40:19,204 [ERROR] LogOutputStream:75 - [STDERR_REDIRECT] Mar 31, 2024 12:40:19 AM java.util.prefs.FileSystemPreferences syncWorld
2024-03-31 00:40:19,204 [ERROR] LogOutputStream:75 - [STDERR_REDIRECT] WARNING: Couldn't flush system prefs: java.util.prefs.BackingStoreException: Couldn't get file lock.
2024-03-31 00:40:19,204 [ERROR] LogOutputStream:75 - [STDERR_REDIRECT] 
2024-03-31 00:40:49,202 [ERROR] LogOutputStream:75 - [STDERR_REDIRECT] Mar 31, 2024 12:40:49 AM java.util.prefs.FileSystemPreferences checkLockFile0ErrorCode
2024-03-31 00:40:49,202 [ERROR] LogOutputStream:75 - [STDERR_REDIRECT] WARNING: Could not lock System prefs. Unix error code 5.
2024-03-31 00:40:49,202 [ERROR] LogOutputStream:75 - [STDERR_REDIRECT] 
2024-03-31 00:40:49,202 [ERROR] LogOutputStream:75 - [STDERR_REDIRECT] Mar 31, 2024 12:40:49 AM java.util.prefs.FileSystemPreferences syncWorld
2024-03-31 00:40:49,203 [ERROR] LogOutputStream:75 - [STDERR_REDIRECT] WARNING: Couldn't flush system prefs: java.util.prefs.BackingStoreException: Couldn't get file lock.
2024-03-31 00:40:49,203 [ERROR] LogOutputStream:75 - [STDERR_REDIRECT] 
2024-03-31 00:41:19,203 [ERROR] LogOutputStream:75 - [STDERR_REDIRECT] Mar 31, 2024 12:41:19 AM java.util.prefs.FileSystemPreferences checkLockFile0ErrorCode
2024-03-31 00:41:19,203 [ERROR] LogOutputStream:75 - [STDERR_REDIRECT] WARNING: Could not lock System prefs. Unix error code 5.
2024-03-31 00:41:19,203 [ERROR] LogOutputStream:75 - [STDERR_REDIRECT] 
2024-03-31 00:41:19,204 [ERROR] LogOutputStream:75 - [STDERR_REDIRECT] Mar 31, 2024 12:41:19 AM java.util.prefs.FileSystemPreferences syncWorld
2024-03-31 00:41:19,204 [ERROR] LogOutputStream:75 - [STDERR_REDIRECT] WARNING: Couldn't flush system prefs: java.util.prefs.BackingStoreException: Couldn't get file lock.
2024-03-31 00:41:19,204 [ERROR] LogOutputStream:75 - [STDERR_REDIRECT] 
2024-03-31 00:41:49,203 [ERROR] LogOutputStream:75 - [STDERR_REDIRECT] Mar 31, 2024 12:41:49 AM java.util.prefs.FileSystemPreferences checkLockFile0ErrorCode
2024-03-31 00:41:49,204 [ERROR] LogOutputStream:75 - [STDERR_REDIRECT] WARNING: Could not lock System prefs. Unix error code 5.
2024-03-31 00:41:49,204 [ERROR] LogOutputStream:75 - [STDERR_REDIRECT] 
2024-03-31 00:41:49,204 [ERROR] LogOutputStream:75 - [STDERR_REDIRECT] Mar 31, 2024 12:41:49 AM java.util.prefs.FileSystemPreferences syncWorld
2024-03-31 00:41:49,204 [ERROR] LogOutputStream:75 - [STDERR_REDIRECT] WARNING: Couldn't flush system prefs: java.util.prefs.BackingStoreException: Couldn't get file lock.
2024-03-31 00:41:49,205 [ERROR] LogOutputStream:75 - [STDERR_REDIRECT] 
2024-03-31 00:42:19,204 [ERROR] LogOutputStream:75 - [STDERR_REDIRECT] Mar 31, 2024 12:42:19 AM java.util.prefs.FileSystemPreferences checkLockFile0ErrorCode
2024-03-31 00:42:19,204 [ERROR] LogOutputStream:75 - [STDERR_REDIRECT] WARNING: Could not lock System prefs. Unix error code 5.
2024-03-31 00:42:19,204 [ERROR] LogOutputStream:75 - [STDERR_REDIRECT] 
2024-03-31 00:42:19,204 [ERROR] LogOutputStream:75 - [STDERR_REDIRECT] Mar 31, 2024 12:42:19 AM java.util.prefs.FileSystemPreferences syncWorld
2024-03-31 00:42:19,204 [ERROR] LogOutputStream:75 - [STDERR_REDIRECT] WARNING: Couldn't flush system prefs: java.util.prefs.BackingStoreException: Couldn't get file lock.
2024-03-31 00:42:19,205 [ERROR] LogOutputStream:75 - [STDERR_REDIRECT] 
2024-03-31 00:42:49,208 [ERROR] LogOutputStream:75 - [STDERR_REDIRECT] Mar 31, 2024 12:42:49 AM java.util.prefs.FileSystemPreferences checkLockFile0ErrorCode
2024-03-31 00:42:49,208 [ERROR] LogOutputStream:75 - [STDERR_REDIRECT] WARNING: Could not lock System prefs. Unix error code 5.
2024-03-31 00:42:49,208 [ERROR] LogOutputStream:75 - [STDERR_REDIRECT] 
2024-03-31 00:42:49,209 [ERROR] LogOutputStream:75 - [STDERR_REDIRECT] Mar 31, 2024 12:42:49 AM java.util.prefs.FileSystemPreferences syncWorld
2024-03-31 00:42:49,209 [ERROR] LogOutputStream:75 - [STDERR_REDIRECT] WARNING: Couldn't flush system prefs: java.util.prefs.BackingStoreException: Couldn't get file lock.
2024-03-31 00:42:49,209 [ERROR] LogOutputStream:75 - [STDERR_REDIRECT] 
2024-03-31 00:43:19,202 [ERROR] LogOutputStream:75 - [STDERR_REDIRECT] Mar 31, 2024 12:43:19 AM java.util.prefs.FileSystemPreferences checkLockFile0ErrorCode
2024-03-31 00:43:19,202 [ERROR] LogOutputStream:75 - [STDERR_REDIRECT] WARNING: Could not lock System prefs. Unix error code 5.
2024-03-31 00:43:19,202 [ERROR] LogOutputStream:75 - [STDERR_REDIRECT] 
2024-03-31 00:43:19,203 [ERROR] LogOutputStream:75 - [STDERR_REDIRECT] Mar 31, 2024 12:43:19 AM java.util.prefs.FileSystemPreferences syncWorld
2024-03-31 00:43:19,203 [ERROR] LogOutputStream:75 - [STDERR_REDIRECT] WARNING: Couldn't flush system prefs: java.util.prefs.BackingStoreException: Couldn't get file lock.
2024-03-31 00:43:19,203 [ERROR] LogOutputStream:75 - [STDERR_REDIRECT] 
2024-03-31 00:43:49,203 [ERROR] LogOutputStream:75 - [STDERR_REDIRECT] Mar 31, 2024 12:43:49 AM java.util.prefs.FileSystemPreferences checkLockFile0ErrorCode
2024-03-31 00:43:49,203 [ERROR] LogOutputStream:75 - [STDERR_REDIRECT] WARNING: Could not lock System prefs. Unix error code 5.
2024-03-31 00:43:49,203 [ERROR] LogOutputStream:75 - [STDERR_REDIRECT] 
2024-03-31 00:43:49,204 [ERROR] LogOutputStream:75 - [STDERR_REDIRECT] Mar 31, 2024 12:43:49 AM java.util.prefs.FileSystemPreferences syncWorld
2024-03-31 00:43:49,204 [ERROR] LogOutputStream:75 - [STDERR_REDIRECT] WARNING: Couldn't flush system prefs: java.util.prefs.BackingStoreException: Couldn't get file lock.
2024-03-31 00:43:49,204 [ERROR] LogOutputStream:75 - [STDERR_REDIRECT] 
2024-03-31 00:44:19,203 [ERROR] LogOutputStream:75 - [STDERR_REDIRECT] Mar 31, 2024 12:44:19 AM java.util.prefs.FileSystemPreferences checkLockFile0ErrorCode
2024-03-31 00:44:19,203 [ERROR] LogOutputStream:75 - [STDERR_REDIRECT] WARNING: Could not lock System prefs. Unix error code 5.
2024-03-31 00:44:19,204 [ERROR] LogOutputStream:75 - [STDERR_REDIRECT] 
2024-03-31 00:44:19,204 [ERROR] LogOutputStream:75 - [STDERR_REDIRECT] Mar 31, 2024 12:44:19 AM java.util.prefs.FileSystemPreferences syncWorld
2024-03-31 00:44:19,204 [ERROR] LogOutputStream:75 - [STDERR_REDIRECT] WARNING: Couldn't flush system prefs: java.util.prefs.BackingStoreException: Couldn't get file lock.
2024-03-31 00:44:19,204 [ERROR] LogOutputStream:75 - [STDERR_REDIRECT] 
2024-03-31 00:44:49,203 [ERROR] LogOutputStream:75 - [STDERR_REDIRECT] Mar 31, 2024 12:44:49 AM java.util.prefs.FileSystemPreferences checkLockFile0ErrorCode
2024-03-31 00:44:49,203 [ERROR] LogOutputStream:75 - [STDERR_REDIRECT] WARNING: Could not lock System prefs. Unix error code 5.
2024-03-31 00:44:49,203 [ERROR] LogOutputStream:75 - [STDERR_REDIRECT] 
2024-03-31 00:44:49,203 [ERROR] LogOutputStream:75 - [STDERR_REDIRECT] Mar 31, 2024 12:44:49 AM java.util.prefs.FileSystemPreferences syncWorld
2024-03-31 00:44:49,203 [ERROR] LogOutputStream:75 - [STDERR_REDIRECT] WARNING: Couldn't flush system prefs: java.util.prefs.BackingStoreException: Couldn't get file lock.
2024-03-31 00:44:49,203 [ERROR] LogOutputStream:75 - [STDERR_REDIRECT] 
2024-03-31 00:45:19,204 [ERROR] LogOutputStream:75 - [STDERR_REDIRECT] Mar 31, 2024 12:45:19 AM java.util.prefs.FileSystemPreferences checkLockFile0ErrorCode
2024-03-31 00:45:19,204 [ERROR] LogOutputStream:75 - [STDERR_REDIRECT] WARNING: Could not lock System prefs. Unix error code 5.
2024-03-31 00:45:19,204 [ERROR] LogOutputStream:75 - [STDERR_REDIRECT] 
2024-03-31 00:45:19,204 [ERROR] LogOutputStream:75 - [STDERR_REDIRECT] Mar 31, 2024 12:45:19 AM java.util.prefs.FileSystemPreferences syncWorld
2024-03-31 00:45:19,205 [ERROR] LogOutputStream:75 - [STDERR_REDIRECT] WARNING: Couldn't flush system prefs: java.util.prefs.BackingStoreException: Couldn't get file lock.
2024-03-31 00:45:19,205 [ERROR] LogOutputStream:75 - [STDERR_REDIRECT] 
2024-03-31 00:45:49,203 [ERROR] LogOutputStream:75 - [STDERR_REDIRECT] Mar 31, 2024 12:45:49 AM java.util.prefs.FileSystemPreferences checkLockFile0ErrorCode
2024-03-31 00:45:49,203 [ERROR] LogOutputStream:75 - [STDERR_REDIRECT] WARNING: Could not lock System prefs. Unix error code 5.
2024-03-31 00:45:49,203 [ERROR] LogOutputStream:75 - [STDERR_REDIRECT] 
2024-03-31 00:45:49,204 [ERROR] LogOutputStream:75 - [STDERR_REDIRECT] Mar 31, 2024 12:45:49 AM java.util.prefs.FileSystemPreferences syncWorld
2024-03-31 00:45:49,204 [ERROR] LogOutputStream:75 - [STDERR_REDIRECT] WARNING: Couldn't flush system prefs: java.util.prefs.BackingStoreException: Couldn't get file lock.
2024-03-31 00:45:49,204 [ERROR] LogOutputStream:75 - [STDERR_REDIRECT] 
2024-03-31 00:46:19,204 [ERROR] LogOutputStream:75 - [STDERR_REDIRECT] Mar 31, 2024 12:46:19 AM java.util.prefs.FileSystemPreferences checkLockFile0ErrorCode
2024-03-31 00:46:19,204 [ERROR] LogOutputStream:75 - [STDERR_REDIRECT] WARNING: Could not lock System prefs. Unix error code 5.
2024-03-31 00:46:19,204 [ERROR] LogOutputStream:75 - [STDERR_REDIRECT] 
2024-03-31 00:46:19,205 [ERROR] LogOutputStream:75 - [STDERR_REDIRECT] Mar 31, 2024 12:46:19 AM java.util.prefs.FileSystemPreferences syncWorld
2024-03-31 00:46:19,205 [ERROR] LogOutputStream:75 - [STDERR_REDIRECT] WARNING: Couldn't flush system prefs: java.util.prefs.BackingStoreException: Couldn't get file lock.
2024-03-31 00:46:19,205 [ERROR] LogOutputStream:75 - [STDERR_REDIRECT] 
2024-03-31 00:46:49,205 [ERROR] LogOutputStream:75 - [STDERR_REDIRECT] Mar 31, 2024 12:46:49 AM java.util.prefs.FileSystemPreferences checkLockFile0ErrorCode
2024-03-31 00:46:49,205 [ERROR] LogOutputStream:75 - [STDERR_REDIRECT] WARNING: Could not lock System prefs. Unix error code 5.
2024-03-31 00:46:49,205 [ERROR] LogOutputStream:75 - [STDERR_REDIRECT] 
2024-03-31 00:46:49,206 [ERROR] LogOutputStream:75 - [STDERR_REDIRECT] Mar 31, 2024 12:46:49 AM java.util.prefs.FileSystemPreferences syncWorld
2024-03-31 00:46:49,206 [ERROR] LogOutputStream:75 - [STDERR_REDIRECT] WARNING: Couldn't flush system prefs: java.util.prefs.BackingStoreException: Couldn't get file lock.
2024-03-31 00:46:49,206 [ERROR] LogOutputStream:75 - [STDERR_REDIRECT] 
2024-03-31 00:47:19,204 [ERROR] LogOutputStream:75 - [STDERR_REDIRECT] Mar 31, 2024 12:47:19 AM java.util.prefs.FileSystemPreferences checkLockFile0ErrorCode
2024-03-31 00:47:19,204 [ERROR] LogOutputStream:75 - [STDERR_REDIRECT] WARNING: Could not lock System prefs. Unix error code 5.
2024-03-31 00:47:19,204 [ERROR] LogOutputStream:75 - [STDERR_REDIRECT] 
2024-03-31 00:47:19,204 [ERROR] LogOutputStream:75 - [STDERR_REDIRECT] Mar 31, 2024 12:47:19 AM java.util.prefs.FileSystemPreferences syncWorld
2024-03-31 00:47:19,205 [ERROR] LogOutputStream:75 - [STDERR_REDIRECT] WARNING: Couldn't flush system prefs: java.util.prefs.BackingStoreException: Couldn't get file lock.
2024-03-31 00:47:19,205 [ERROR] LogOutputStream:75 - [STDERR_REDIRECT] 
2024-03-31 00:47:49,204 [ERROR] LogOutputStream:75 - [STDERR_REDIRECT] Mar 31, 2024 12:47:49 AM java.util.prefs.FileSystemPreferences checkLockFile0ErrorCode
2024-03-31 00:47:49,205 [ERROR] LogOutputStream:75 - [STDERR_REDIRECT] WARNING: Could not lock System prefs. Unix error code 5.
2024-03-31 00:47:49,205 [ERROR] LogOutputStream:75 - [STDERR_REDIRECT] 
2024-03-31 00:47:49,205 [ERROR] LogOutputStream:75 - [STDERR_REDIRECT] Mar 31, 2024 12:47:49 AM java.util.prefs.FileSystemPreferences syncWorld
2024-03-31 00:47:49,205 [ERROR] LogOutputStream:75 - [STDERR_REDIRECT] WARNING: Couldn't flush system prefs: java.util.prefs.BackingStoreException: Couldn't get file lock.
2024-03-31 00:47:49,206 [ERROR] LogOutputStream:75 - [STDERR_REDIRECT] 
2024-03-31 00:48:19,205 [ERROR] LogOutputStream:75 - [STDERR_REDIRECT] Mar 31, 2024 12:48:19 AM java.util.prefs.FileSystemPreferences checkLockFile0ErrorCode
2024-03-31 00:48:19,205 [ERROR] LogOutputStream:75 - [STDERR_REDIRECT] WARNING: Could not lock System prefs. Unix error code 5.
2024-03-31 00:48:19,205 [ERROR] LogOutputStream:75 - [STDERR_REDIRECT] 
2024-03-31 00:48:19,205 [ERROR] LogOutputStream:75 - [STDERR_REDIRECT] Mar 31, 2024 12:48:19 AM java.util.prefs.FileSystemPreferences syncWorld
2024-03-31 00:48:19,205 [ERROR] LogOutputStream:75 - [STDERR_REDIRECT] WARNING: Couldn't flush system prefs: java.util.prefs.BackingStoreException: Couldn't get file lock.
2024-03-31 00:48:19,206 [ERROR] LogOutputStream:75 - [STDERR_REDIRECT] 
2024-03-31 00:48:49,204 [ERROR] LogOutputStream:75 - [STDERR_REDIRECT] Mar 31, 2024 12:48:49 AM java.util.prefs.FileSystemPreferences checkLockFile0ErrorCode
2024-03-31 00:48:49,205 [ERROR] LogOutputStream:75 - [STDERR_REDIRECT] WARNING: Could not lock System prefs. Unix error code 5.
2024-03-31 00:48:49,205 [ERROR] LogOutputStream:75 - [STDERR_REDIRECT] 
2024-03-31 00:48:49,205 [ERROR] LogOutputStream:75 - [STDERR_REDIRECT] Mar 31, 2024 12:48:49 AM java.util.prefs.FileSystemPreferences syncWorld
2024-03-31 00:48:49,205 [ERROR] LogOutputStream:75 - [STDERR_REDIRECT] WARNING: Couldn't flush system prefs: java.util.prefs.BackingStoreException: Couldn't get file lock.
2024-03-31 00:48:49,205 [ERROR] LogOutputStream:75 - [STDERR_REDIRECT] 
2024-03-31 00:49:19,204 [ERROR] LogOutputStream:75 - [STDERR_REDIRECT] Mar 31, 2024 12:49:19 AM java.util.prefs.FileSystemPreferences checkLockFile0ErrorCode
2024-03-31 00:49:19,204 [ERROR] LogOutputStream:75 - [STDERR_REDIRECT] WARNING: Could not lock System prefs. Unix error code 5.
2024-03-31 00:49:19,205 [ERROR] LogOutputStream:75 - [STDERR_REDIRECT] 
2024-03-31 00:49:19,205 [ERROR] LogOutputStream:75 - [STDERR_REDIRECT] Mar 31, 2024 12:49:19 AM java.util.prefs.FileSystemPreferences syncWorld
2024-03-31 00:49:19,205 [ERROR] LogOutputStream:75 - [STDERR_REDIRECT] WARNING: Couldn't flush system prefs: java.util.prefs.BackingStoreException: Couldn't get file lock.
2024-03-31 00:49:19,205 [ERROR] LogOutputStream:75 - [STDERR_REDIRECT] 
2024-03-31 00:49:49,205 [ERROR] LogOutputStream:75 - [STDERR_REDIRECT] Mar 31, 2024 12:49:49 AM java.util.prefs.FileSystemPreferences checkLockFile0ErrorCode
2024-03-31 00:49:49,205 [ERROR] LogOutputStream:75 - [STDERR_REDIRECT] WARNING: Could not lock System prefs. Unix error code 5.
2024-03-31 00:49:49,205 [ERROR] LogOutputStream:75 - [STDERR_REDIRECT] 
2024-03-31 00:49:49,205 [ERROR] LogOutputStream:75 - [STDERR_REDIRECT] Mar 31, 2024 12:49:49 AM java.util.prefs.FileSystemPreferences syncWorld
2024-03-31 00:49:49,205 [ERROR] LogOutputStream:75 - [STDERR_REDIRECT] WARNING: Couldn't flush system prefs: java.util.prefs.BackingStoreException: Couldn't get file lock.
2024-03-31 00:49:49,205 [ERROR] LogOutputStream:75 - [STDERR_REDIRECT] 
2024-03-31 00:50:19,205 [ERROR] LogOutputStream:75 - [STDERR_REDIRECT] Mar 31, 2024 12:50:19 AM java.util.prefs.FileSystemPreferences checkLockFile0ErrorCode
2024-03-31 00:50:19,206 [ERROR] LogOutputStream:75 - [STDERR_REDIRECT] WARNING: Could not lock System prefs. Unix error code 5.
2024-03-31 00:50:19,206 [ERROR] LogOutputStream:75 - [STDERR_REDIRECT] 
2024-03-31 00:50:19,207 [ERROR] LogOutputStream:75 - [STDERR_REDIRECT] Mar 31, 2024 12:50:19 AM java.util.prefs.FileSystemPreferences syncWorld
2024-03-31 00:50:19,207 [ERROR] LogOutputStream:75 - [STDERR_REDIRECT] WARNING: Couldn't flush system prefs: java.util.prefs.BackingStoreException: Couldn't get file lock.
2024-03-31 00:50:19,208 [ERROR] LogOutputStream:75 - [STDERR_REDIRECT] 
2024-03-31 00:50:49,204 [ERROR] LogOutputStream:75 - [STDERR_REDIRECT] Mar 31, 2024 12:50:49 AM java.util.prefs.FileSystemPreferences checkLockFile0ErrorCode
2024-03-31 00:50:49,204 [ERROR] LogOutputStream:75 - [STDERR_REDIRECT] WARNING: Could not lock System prefs. Unix error code 5.
2024-03-31 00:50:49,204 [ERROR] LogOutputStream:75 - [STDERR_REDIRECT] 
2024-03-31 00:50:49,204 [ERROR] LogOutputStream:75 - [STDERR_REDIRECT] Mar 31, 2024 12:50:49 AM java.util.prefs.FileSystemPreferences syncWorld
2024-03-31 00:50:49,204 [ERROR] LogOutputStream:75 - [STDERR_REDIRECT] WARNING: Couldn't flush system prefs: java.util.prefs.BackingStoreException: Couldn't get file lock.
2024-03-31 00:50:49,204 [ERROR] LogOutputStream:75 - [STDERR_REDIRECT] 
2024-03-31 00:51:19,206 [ERROR] LogOutputStream:75 - [STDERR_REDIRECT] Mar 31, 2024 12:51:19 AM java.util.prefs.FileSystemPreferences checkLockFile0ErrorCode
2024-03-31 00:51:19,206 [ERROR] LogOutputStream:75 - [STDERR_REDIRECT] WARNING: Could not lock System prefs. Unix error code 5.
2024-03-31 00:51:19,206 [ERROR] LogOutputStream:75 - [STDERR_REDIRECT] 
2024-03-31 00:51:19,207 [ERROR] LogOutputStream:75 - [STDERR_REDIRECT] Mar 31, 2024 12:51:19 AM java.util.prefs.FileSystemPreferences syncWorld
2024-03-31 00:51:19,208 [ERROR] LogOutputStream:75 - [STDERR_REDIRECT] WARNING: Couldn't flush system prefs: java.util.prefs.BackingStoreException: Couldn't get file lock.
2024-03-31 00:51:19,208 [ERROR] LogOutputStream:75 - [STDERR_REDIRECT] 
2024-03-31 00:51:49,207 [ERROR] LogOutputStream:75 - [STDERR_REDIRECT] Mar 31, 2024 12:51:49 AM java.util.prefs.FileSystemPreferences checkLockFile0ErrorCode
2024-03-31 00:51:49,208 [ERROR] LogOutputStream:75 - [STDERR_REDIRECT] WARNING: Could not lock System prefs. Unix error code 5.
2024-03-31 00:51:49,208 [ERROR] LogOutputStream:75 - [STDERR_REDIRECT] 
2024-03-31 00:51:49,209 [ERROR] LogOutputStream:75 - [STDERR_REDIRECT] Mar 31, 2024 12:51:49 AM java.util.prefs.FileSystemPreferences syncWorld
2024-03-31 00:51:49,209 [ERROR] LogOutputStream:75 - [STDERR_REDIRECT] WARNING: Couldn't flush system prefs: java.util.prefs.BackingStoreException: Couldn't get file lock.
2024-03-31 00:51:49,209 [ERROR] LogOutputStream:75 - [STDERR_REDIRECT] 
2024-03-31 00:52:19,205 [ERROR] LogOutputStream:75 - [STDERR_REDIRECT] Mar 31, 2024 12:52:19 AM java.util.prefs.FileSystemPreferences checkLockFile0ErrorCode
2024-03-31 00:52:19,205 [ERROR] LogOutputStream:75 - [STDERR_REDIRECT] WARNING: Could not lock System prefs. Unix error code 5.
2024-03-31 00:52:19,205 [ERROR] LogOutputStream:75 - [STDERR_REDIRECT] 
2024-03-31 00:52:19,205 [ERROR] LogOutputStream:75 - [STDERR_REDIRECT] Mar 31, 2024 12:52:19 AM java.util.prefs.FileSystemPreferences syncWorld
2024-03-31 00:52:19,205 [ERROR] LogOutputStream:75 - [STDERR_REDIRECT] WARNING: Couldn't flush system prefs: java.util.prefs.BackingStoreException: Couldn't get file lock.
2024-03-31 00:52:19,205 [ERROR] LogOutputStream:75 - [STDERR_REDIRECT] 
2024-03-31 00:52:49,205 [ERROR] LogOutputStream:75 - [STDERR_REDIRECT] Mar 31, 2024 12:52:49 AM java.util.prefs.FileSystemPreferences checkLockFile0ErrorCode
2024-03-31 00:52:49,205 [ERROR] LogOutputStream:75 - [STDERR_REDIRECT] WARNING: Could not lock System prefs. Unix error code 5.
2024-03-31 00:52:49,205 [ERROR] LogOutputStream:75 - [STDERR_REDIRECT] 
2024-03-31 00:52:49,206 [ERROR] LogOutputStream:75 - [STDERR_REDIRECT] Mar 31, 2024 12:52:49 AM java.util.prefs.FileSystemPreferences syncWorld
2024-03-31 00:52:49,206 [ERROR] LogOutputStream:75 - [STDERR_REDIRECT] WARNING: Couldn't flush system prefs: java.util.prefs.BackingStoreException: Couldn't get file lock.
2024-03-31 00:52:49,206 [ERROR] LogOutputStream:75 - [STDERR_REDIRECT] 
2024-03-31 00:53:19,205 [ERROR] LogOutputStream:75 - [STDERR_REDIRECT] Mar 31, 2024 12:53:19 AM java.util.prefs.FileSystemPreferences checkLockFile0ErrorCode
2024-03-31 00:53:19,205 [ERROR] LogOutputStream:75 - [STDERR_REDIRECT] WARNING: Could not lock System prefs. Unix error code 5.
2024-03-31 00:53:19,205 [ERROR] LogOutputStream:75 - [STDERR_REDIRECT] 
2024-03-31 00:53:19,206 [ERROR] LogOutputStream:75 - [STDERR_REDIRECT] Mar 31, 2024 12:53:19 AM java.util.prefs.FileSystemPreferences syncWorld
2024-03-31 00:53:19,206 [ERROR] LogOutputStream:75 - [STDERR_REDIRECT] WARNING: Couldn't flush system prefs: java.util.prefs.BackingStoreException: Couldn't get file lock.
2024-03-31 00:53:19,206 [ERROR] LogOutputStream:75 - [STDERR_REDIRECT] 
2024-03-31 00:53:49,206 [ERROR] LogOutputStream:75 - [STDERR_REDIRECT] Mar 31, 2024 12:53:49 AM java.util.prefs.FileSystemPreferences checkLockFile0ErrorCode
2024-03-31 00:53:49,207 [ERROR] LogOutputStream:75 - [STDERR_REDIRECT] WARNING: Could not lock System prefs. Unix error code 5.
2024-03-31 00:53:49,207 [ERROR] LogOutputStream:75 - [STDERR_REDIRECT] 
2024-03-31 00:53:49,208 [ERROR] LogOutputStream:75 - [STDERR_REDIRECT] Mar 31, 2024 12:53:49 AM java.util.prefs.FileSystemPreferences syncWorld
2024-03-31 00:53:49,208 [ERROR] LogOutputStream:75 - [STDERR_REDIRECT] WARNING: Couldn't flush system prefs: java.util.prefs.BackingStoreException: Couldn't get file lock.
2024-03-31 00:53:49,209 [ERROR] LogOutputStream:75 - [STDERR_REDIRECT] 
2024-03-31 00:54:19,205 [ERROR] LogOutputStream:75 - [STDERR_REDIRECT] Mar 31, 2024 12:54:19 AM java.util.prefs.FileSystemPreferences checkLockFile0ErrorCode
2024-03-31 00:54:19,205 [ERROR] LogOutputStream:75 - [STDERR_REDIRECT] WARNING: Could not lock System prefs. Unix error code 5.
2024-03-31 00:54:19,205 [ERROR] LogOutputStream:75 - [STDERR_REDIRECT] 
2024-03-31 00:54:19,206 [ERROR] LogOutputStream:75 - [STDERR_REDIRECT] Mar 31, 2024 12:54:19 AM java.util.prefs.FileSystemPreferences syncWorld
2024-03-31 00:54:19,206 [ERROR] LogOutputStream:75 - [STDERR_REDIRECT] WARNING: Couldn't flush system prefs: java.util.prefs.BackingStoreException: Couldn't get file lock.
2024-03-31 00:54:19,206 [ERROR] LogOutputStream:75 - [STDERR_REDIRECT] 
2024-03-31 00:54:49,206 [ERROR] LogOutputStream:75 - [STDERR_REDIRECT] Mar 31, 2024 12:54:49 AM java.util.prefs.FileSystemPreferences checkLockFile0ErrorCode
2024-03-31 00:54:49,207 [ERROR] LogOutputStream:75 - [STDERR_REDIRECT] WARNING: Could not lock System prefs. Unix error code 5.
2024-03-31 00:54:49,207 [ERROR] LogOutputStream:75 - [STDERR_REDIRECT] 
2024-03-31 00:54:49,208 [ERROR] LogOutputStream:75 - [STDERR_REDIRECT] Mar 31, 2024 12:54:49 AM java.util.prefs.FileSystemPreferences syncWorld
2024-03-31 00:54:49,209 [ERROR] LogOutputStream:75 - [STDERR_REDIRECT] WARNING: Couldn't flush system prefs: java.util.prefs.BackingStoreException: Couldn't get file lock.
2024-03-31 00:54:49,209 [ERROR] LogOutputStream:75 - [STDERR_REDIRECT] 
2024-03-31 00:55:19,205 [ERROR] LogOutputStream:75 - [STDERR_REDIRECT] Mar 31, 2024 12:55:19 AM java.util.prefs.FileSystemPreferences checkLockFile0ErrorCode
2024-03-31 00:55:19,205 [ERROR] LogOutputStream:75 - [STDERR_REDIRECT] WARNING: Could not lock System prefs. Unix error code 5.
2024-03-31 00:55:19,206 [ERROR] LogOutputStream:75 - [STDERR_REDIRECT] 
2024-03-31 00:55:19,206 [ERROR] LogOutputStream:75 - [STDERR_REDIRECT] Mar 31, 2024 12:55:19 AM java.util.prefs.FileSystemPreferences syncWorld
2024-03-31 00:55:19,206 [ERROR] LogOutputStream:75 - [STDERR_REDIRECT] WARNING: Couldn't flush system prefs: java.util.prefs.BackingStoreException: Couldn't get file lock.
2024-03-31 00:55:19,206 [ERROR] LogOutputStream:75 - [STDERR_REDIRECT] 
2024-03-31 00:55:49,206 [ERROR] LogOutputStream:75 - [STDERR_REDIRECT] Mar 31, 2024 12:55:49 AM java.util.prefs.FileSystemPreferences checkLockFile0ErrorCode
2024-03-31 00:55:49,206 [ERROR] LogOutputStream:75 - [STDERR_REDIRECT] WARNING: Could not lock System prefs. Unix error code 5.
2024-03-31 00:55:49,206 [ERROR] LogOutputStream:75 - [STDERR_REDIRECT] 
2024-03-31 00:55:49,206 [ERROR] LogOutputStream:75 - [STDERR_REDIRECT] Mar 31, 2024 12:55:49 AM java.util.prefs.FileSystemPreferences syncWorld
2024-03-31 00:55:49,206 [ERROR] LogOutputStream:75 - [STDERR_REDIRECT] WARNING: Couldn't flush system prefs: java.util.prefs.BackingStoreException: Couldn't get file lock.
2024-03-31 00:55:49,207 [ERROR] LogOutputStream:75 - [STDERR_REDIRECT] 
2024-03-31 00:56:19,204 [ERROR] LogOutputStream:75 - [STDERR_REDIRECT] Mar 31, 2024 12:56:19 AM java.util.prefs.FileSystemPreferences checkLockFile0ErrorCode
2024-03-31 00:56:19,204 [ERROR] LogOutputStream:75 - [STDERR_REDIRECT] WARNING: Could not lock System prefs. Unix error code 5.
2024-03-31 00:56:19,204 [ERROR] LogOutputStream:75 - [STDERR_REDIRECT] 
2024-03-31 00:56:19,205 [ERROR] LogOutputStream:75 - [STDERR_REDIRECT] Mar 31, 2024 12:56:19 AM java.util.prefs.FileSystemPreferences syncWorld
2024-03-31 00:56:19,205 [ERROR] LogOutputStream:75 - [STDERR_REDIRECT] WARNING: Couldn't flush system prefs: java.util.prefs.BackingStoreException: Couldn't get file lock.
2024-03-31 00:56:19,205 [ERROR] LogOutputStream:75 - [STDERR_REDIRECT] 
2024-03-31 00:56:49,208 [ERROR] LogOutputStream:75 - [STDERR_REDIRECT] Mar 31, 2024 12:56:49 AM java.util.prefs.FileSystemPreferences checkLockFile0ErrorCode
2024-03-31 00:56:49,208 [ERROR] LogOutputStream:75 - [STDERR_REDIRECT] WARNING: Could not lock System prefs. Unix error code 5.
2024-03-31 00:56:49,209 [ERROR] LogOutputStream:75 - [STDERR_REDIRECT] 
2024-03-31 00:56:49,209 [ERROR] LogOutputStream:75 - [STDERR_REDIRECT] Mar 31, 2024 12:56:49 AM java.util.prefs.FileSystemPreferences syncWorld
2024-03-31 00:56:49,210 [ERROR] LogOutputStream:75 - [STDERR_REDIRECT] WARNING: Couldn't flush system prefs: java.util.prefs.BackingStoreException: Couldn't get file lock.
2024-03-31 00:56:49,210 [ERROR] LogOutputStream:75 - [STDERR_REDIRECT] 
2024-03-31 00:57:19,207 [ERROR] LogOutputStream:75 - [STDERR_REDIRECT] Mar 31, 2024 12:57:19 AM java.util.prefs.FileSystemPreferences checkLockFile0ErrorCode
2024-03-31 00:57:19,207 [ERROR] LogOutputStream:75 - [STDERR_REDIRECT] WARNING: Could not lock System prefs. Unix error code 5.
2024-03-31 00:57:19,207 [ERROR] LogOutputStream:75 - [STDERR_REDIRECT] 
2024-03-31 00:57:19,208 [ERROR] LogOutputStream:75 - [STDERR_REDIRECT] Mar 31, 2024 12:57:19 AM java.util.prefs.FileSystemPreferences syncWorld
2024-03-31 00:57:19,208 [ERROR] LogOutputStream:75 - [STDERR_REDIRECT] WARNING: Couldn't flush system prefs: java.util.prefs.BackingStoreException: Couldn't get file lock.
2024-03-31 00:57:19,208 [ERROR] LogOutputStream:75 - [STDERR_REDIRECT] 
2024-03-31 00:57:49,207 [ERROR] LogOutputStream:75 - [STDERR_REDIRECT] Mar 31, 2024 12:57:49 AM java.util.prefs.FileSystemPreferences checkLockFile0ErrorCode
2024-03-31 00:57:49,208 [ERROR] LogOutputStream:75 - [STDERR_REDIRECT] WARNING: Could not lock System prefs. Unix error code 5.
2024-03-31 00:57:49,209 [ERROR] LogOutputStream:75 - [STDERR_REDIRECT] 
2024-03-31 00:57:49,210 [ERROR] LogOutputStream:75 - [STDERR_REDIRECT] Mar 31, 2024 12:57:49 AM java.util.prefs.FileSystemPreferences syncWorld
2024-03-31 00:57:49,211 [ERROR] LogOutputStream:75 - [STDERR_REDIRECT] WARNING: Couldn't flush system prefs: java.util.prefs.BackingStoreException: Couldn't get file lock.
2024-03-31 00:57:49,211 [ERROR] LogOutputStream:75 - [STDERR_REDIRECT] 
2024-03-31 00:58:19,206 [ERROR] LogOutputStream:75 - [STDERR_REDIRECT] Mar 31, 2024 12:58:19 AM java.util.prefs.FileSystemPreferences checkLockFile0ErrorCode
2024-03-31 00:58:19,206 [ERROR] LogOutputStream:75 - [STDERR_REDIRECT] WARNING: Could not lock System prefs. Unix error code 5.
2024-03-31 00:58:19,207 [ERROR] LogOutputStream:75 - [STDERR_REDIRECT] 
2024-03-31 00:58:19,207 [ERROR] LogOutputStream:75 - [STDERR_REDIRECT] Mar 31, 2024 12:58:19 AM java.util.prefs.FileSystemPreferences syncWorld
2024-03-31 00:58:19,207 [ERROR] LogOutputStream:75 - [STDERR_REDIRECT] WARNING: Couldn't flush system prefs: java.util.prefs.BackingStoreException: Couldn't get file lock.
2024-03-31 00:58:19,207 [ERROR] LogOutputStream:75 - [STDERR_REDIRECT] 
2024-03-31 00:58:49,209 [ERROR] LogOutputStream:75 - [STDERR_REDIRECT] Mar 31, 2024 12:58:49 AM java.util.prefs.FileSystemPreferences checkLockFile0ErrorCode
2024-03-31 00:58:49,209 [ERROR] LogOutputStream:75 - [STDERR_REDIRECT] WARNING: Could not lock System prefs. Unix error code 5.
2024-03-31 00:58:49,209 [ERROR] LogOutputStream:75 - [STDERR_REDIRECT] 
2024-03-31 00:58:49,210 [ERROR] LogOutputStream:75 - [STDERR_REDIRECT] Mar 31, 2024 12:58:49 AM java.util.prefs.FileSystemPreferences syncWorld
2024-03-31 00:58:49,210 [ERROR] LogOutputStream:75 - [STDERR_REDIRECT] WARNING: Couldn't flush system prefs: java.util.prefs.BackingStoreException: Couldn't get file lock.
2024-03-31 00:58:49,210 [ERROR] LogOutputStream:75 - [STDERR_REDIRECT] 
2024-03-31 00:59:19,207 [ERROR] LogOutputStream:75 - [STDERR_REDIRECT] Mar 31, 2024 12:59:19 AM java.util.prefs.FileSystemPreferences checkLockFile0ErrorCode
2024-03-31 00:59:19,208 [ERROR] LogOutputStream:75 - [STDERR_REDIRECT] WARNING: Could not lock System prefs. Unix error code 5.
2024-03-31 00:59:19,208 [ERROR] LogOutputStream:75 - [STDERR_REDIRECT] 
2024-03-31 00:59:19,209 [ERROR] LogOutputStream:75 - [STDERR_REDIRECT] Mar 31, 2024 12:59:19 AM java.util.prefs.FileSystemPreferences syncWorld
2024-03-31 00:59:19,209 [ERROR] LogOutputStream:75 - [STDERR_REDIRECT] WARNING: Couldn't flush system prefs: java.util.prefs.BackingStoreException: Couldn't get file lock.
2024-03-31 00:59:19,209 [ERROR] LogOutputStream:75 - [STDERR_REDIRECT] 
2024-03-31 00:59:49,206 [ERROR] LogOutputStream:75 - [STDERR_REDIRECT] Mar 31, 2024 12:59:49 AM java.util.prefs.FileSystemPreferences checkLockFile0ErrorCode
2024-03-31 00:59:49,207 [ERROR] LogOutputStream:75 - [STDERR_REDIRECT] WARNING: Could not lock System prefs. Unix error code 5.
2024-03-31 00:59:49,207 [ERROR] LogOutputStream:75 - [STDERR_REDIRECT] 
2024-03-31 00:59:49,207 [ERROR] LogOutputStream:75 - [STDERR_REDIRECT] Mar 31, 2024 12:59:49 AM java.util.prefs.FileSystemPreferences syncWorld
2024-03-31 00:59:49,207 [ERROR] LogOutputStream:75 - [STDERR_REDIRECT] WARNING: Couldn't flush system prefs: java.util.prefs.BackingStoreException: Couldn't get file lock.
2024-03-31 00:59:49,208 [ERROR] LogOutputStream:75 - [STDERR_REDIRECT] 
2024-03-31 01:00:19,209 [ERROR] LogOutputStream:75 - [STDERR_REDIRECT] Mar 31, 2024 1:00:19 AM java.util.prefs.FileSystemPreferences checkLockFile0ErrorCode
2024-03-31 01:00:19,210 [ERROR] LogOutputStream:75 - [STDERR_REDIRECT] WARNING: Could not lock System prefs. Unix error code 5.
2024-03-31 01:00:19,210 [ERROR] LogOutputStream:75 - [STDERR_REDIRECT] 
2024-03-31 01:00:19,210 [ERROR] LogOutputStream:75 - [STDERR_REDIRECT] Mar 31, 2024 1:00:19 AM java.util.prefs.FileSystemPreferences syncWorld
2024-03-31 01:00:19,254 [ERROR] LogOutputStream:75 - [STDERR_REDIRECT] WARNING: Couldn't flush system prefs: java.util.prefs.BackingStoreException: Couldn't get file lock.
2024-03-31 01:00:19,254 [ERROR] LogOutputStream:75 - [STDERR_REDIRECT] 
2024-03-31 01:00:49,210 [ERROR] LogOutputStream:75 - [STDERR_REDIRECT] Mar 31, 2024 1:00:49 AM java.util.prefs.FileSystemPreferences checkLockFile0ErrorCode
2024-03-31 01:00:49,211 [ERROR] LogOutputStream:75 - [STDERR_REDIRECT] WARNING: Could not lock System prefs. Unix error code 5.
2024-03-31 01:00:49,212 [ERROR] LogOutputStream:75 - [STDERR_REDIRECT] 
2024-03-31 01:00:49,213 [ERROR] LogOutputStream:75 - [STDERR_REDIRECT] Mar 31, 2024 1:00:49 AM java.util.prefs.FileSystemPreferences syncWorld
2024-03-31 01:00:49,214 [ERROR] LogOutputStream:75 - [STDERR_REDIRECT] WARNING: Couldn't flush system prefs: java.util.prefs.BackingStoreException: Couldn't get file lock.
2024-03-31 01:00:49,215 [ERROR] LogOutputStream:75 - [STDERR_REDIRECT] 
2024-03-31 01:01:19,207 [ERROR] LogOutputStream:75 - [STDERR_REDIRECT] Mar 31, 2024 1:01:19 AM java.util.prefs.FileSystemPreferences checkLockFile0ErrorCode
2024-03-31 01:01:19,208 [ERROR] LogOutputStream:75 - [STDERR_REDIRECT] WARNING: Could not lock System prefs. Unix error code 5.
2024-03-31 01:01:19,208 [ERROR] LogOutputStream:75 - [STDERR_REDIRECT] 
2024-03-31 01:01:19,209 [ERROR] LogOutputStream:75 - [STDERR_REDIRECT] Mar 31, 2024 1:01:19 AM java.util.prefs.FileSystemPreferences syncWorld
2024-03-31 01:01:19,209 [ERROR] LogOutputStream:75 - [STDERR_REDIRECT] WARNING: Couldn't flush system prefs: java.util.prefs.BackingStoreException: Couldn't get file lock.
2024-03-31 01:01:19,209 [ERROR] LogOutputStream:75 - [STDERR_REDIRECT] 
2024-03-31 01:01:49,238 [ERROR] LogOutputStream:75 - [STDERR_REDIRECT] Mar 31, 2024 1:01:49 AM java.util.prefs.FileSystemPreferences checkLockFile0ErrorCode
2024-03-31 01:01:49,239 [ERROR] LogOutputStream:75 - [STDERR_REDIRECT] WARNING: Could not lock System prefs. Unix error code 5.
2024-03-31 01:01:49,239 [ERROR] LogOutputStream:75 - [STDERR_REDIRECT] 
2024-03-31 01:01:49,241 [ERROR] LogOutputStream:75 - [STDERR_REDIRECT] Mar 31, 2024 1:01:49 AM java.util.prefs.FileSystemPreferences syncWorld
2024-03-31 01:01:49,241 [ERROR] LogOutputStream:75 - [STDERR_REDIRECT] WARNING: Couldn't flush system prefs: java.util.prefs.BackingStoreException: Couldn't get file lock.
2024-03-31 01:01:49,241 [ERROR] LogOutputStream:75 - [STDERR_REDIRECT] 
2024-03-31 01:02:19,210 [ERROR] LogOutputStream:75 - [STDERR_REDIRECT] Mar 31, 2024 1:02:19 AM java.util.prefs.FileSystemPreferences checkLockFile0ErrorCode
2024-03-31 01:02:19,211 [ERROR] LogOutputStream:75 - [STDERR_REDIRECT] WARNING: Could not lock System prefs. Unix error code 5.
2024-03-31 01:02:19,211 [ERROR] LogOutputStream:75 - [STDERR_REDIRECT] 
2024-03-31 01:02:19,212 [ERROR] LogOutputStream:75 - [STDERR_REDIRECT] Mar 31, 2024 1:02:19 AM java.util.prefs.FileSystemPreferences syncWorld
2024-03-31 01:02:19,213 [ERROR] LogOutputStream:75 - [STDERR_REDIRECT] WARNING: Couldn't flush system prefs: java.util.prefs.BackingStoreException: Couldn't get file lock.
2024-03-31 01:02:19,213 [ERROR] LogOutputStream:75 - [STDERR_REDIRECT] 
2024-03-31 01:02:49,208 [ERROR] LogOutputStream:75 - [STDERR_REDIRECT] Mar 31, 2024 1:02:49 AM java.util.prefs.FileSystemPreferences checkLockFile0ErrorCode
2024-03-31 01:02:49,208 [ERROR] LogOutputStream:75 - [STDERR_REDIRECT] WARNING: Could not lock System prefs. Unix error code 5.
2024-03-31 01:02:49,208 [ERROR] LogOutputStream:75 - [STDERR_REDIRECT] 
2024-03-31 01:02:49,209 [ERROR] LogOutputStream:75 - [STDERR_REDIRECT] Mar 31, 2024 1:02:49 AM java.util.prefs.FileSystemPreferences syncWorld
2024-03-31 01:02:49,209 [ERROR] LogOutputStream:75 - [STDERR_REDIRECT] WARNING: Couldn't flush system prefs: java.util.prefs.BackingStoreException: Couldn't get file lock.
2024-03-31 01:02:49,209 [ERROR] LogOutputStream:75 - [STDERR_REDIRECT] 
2024-03-31 01:03:19,208 [ERROR] LogOutputStream:75 - [STDERR_REDIRECT] Mar 31, 2024 1:03:19 AM java.util.prefs.FileSystemPreferences checkLockFile0ErrorCode
2024-03-31 01:03:19,209 [ERROR] LogOutputStream:75 - [STDERR_REDIRECT] WARNING: Could not lock System prefs. Unix error code 5.
2024-03-31 01:03:19,209 [ERROR] LogOutputStream:75 - [STDERR_REDIRECT] 
2024-03-31 01:03:19,209 [ERROR] LogOutputStream:75 - [STDERR_REDIRECT] Mar 31, 2024 1:03:19 AM java.util.prefs.FileSystemPreferences syncWorld
2024-03-31 01:03:19,210 [ERROR] LogOutputStream:75 - [STDERR_REDIRECT] WARNING: Couldn't flush system prefs: java.util.prefs.BackingStoreException: Couldn't get file lock.
2024-03-31 01:03:19,210 [ERROR] LogOutputStream:75 - [STDERR_REDIRECT] 
2024-03-31 01:03:49,207 [ERROR] LogOutputStream:75 - [STDERR_REDIRECT] Mar 31, 2024 1:03:49 AM java.util.prefs.FileSystemPreferences checkLockFile0ErrorCode
2024-03-31 01:03:49,207 [ERROR] LogOutputStream:75 - [STDERR_REDIRECT] WARNING: Could not lock System prefs. Unix error code 5.
2024-03-31 01:03:49,207 [ERROR] LogOutputStream:75 - [STDERR_REDIRECT] 
2024-03-31 01:03:49,208 [ERROR] LogOutputStream:75 - [STDERR_REDIRECT] Mar 31, 2024 1:03:49 AM java.util.prefs.FileSystemPreferences syncWorld
2024-03-31 01:03:49,208 [ERROR] LogOutputStream:75 - [STDERR_REDIRECT] WARNING: Couldn't flush system prefs: java.util.prefs.BackingStoreException: Couldn't get file lock.
2024-03-31 01:03:49,208 [ERROR] LogOutputStream:75 - [STDERR_REDIRECT] 
